"../../../Engine/Content/EditorResources/S_Actor.ubulk" 0
"../../../Engine/Content/EditorResources/S_Actor.uasset" 1
"../../../Engine/Content/EditorResources/S_Actor.uexp" 2
"../../../Engine/Content/EditorResources/S_BoxReflectionCapture.uasset" 3
"../../../Engine/Content/EditorResources/S_BoxReflectionCapture.uexp" 4
"../../../Engine/Content/EngineResources/DefaultTexture.ubulk" 5
"../../../Engine/Content/EngineResources/DefaultTexture.uasset" 6
"../../../Engine/Content/EngineResources/DefaultTexture.uexp" 7
"../../../Engine/Content/EngineResources/DefaultTextureCube.uasset" 8
"../../../Engine/Content/EngineResources/DefaultTextureCube.uexp" 9
"../../../Engine/Content/EngineResources/DefaultVolumeTexture2D.uasset" 10
"../../../Engine/Content/EngineResources/DefaultVolumeTexture2D.uexp" 11
"../../../Engine/Content/EngineResources/DefaultVolumeTexture.uasset" 12
"../../../Engine/Content/EngineResources/DefaultVolumeTexture.uexp" 13
"../../../Engine/Content/EditorResources/S_Trigger.ubulk" 14
"../../../Engine/Content/EditorResources/S_Trigger.uasset" 15
"../../../Engine/Content/EditorResources/S_Trigger.uexp" 16
"../../../Engine/Content/EditorResources/S_TriggerBox.uasset" 17
"../../../Engine/Content/EditorResources/S_TriggerBox.uexp" 18
"../../../Engine/Content/EditorResources/S_TriggerCapsule.uasset" 19
"../../../Engine/Content/EditorResources/S_TriggerCapsule.uexp" 20
"../../../Engine/Content/EditorResources/S_TriggerSphere.uasset" 21
"../../../Engine/Content/EditorResources/S_TriggerSphere.uexp" 22
"../../../Engine/Content/EngineMeshes/Sphere.ubulk" 23
"../../../Engine/Content/EngineMeshes/Sphere.uasset" 24
"../../../Engine/Content/EngineMeshes/Sphere.uexp" 25
"../../../Engine/Content/EngineResources/GradientTexture0.uasset" 26
"../../../Engine/Content/EngineResources/GradientTexture0.uexp" 27
"../../../Engine/Content/EngineResources/Black.uasset" 28
"../../../Engine/Content/EngineResources/Black.uexp" 29
"../../../Engine/Content/VREditor/LaserPointer/VR_LaserPower_01.ubulk" 30
"../../../Engine/Content/VREditor/LaserPointer/VR_LaserPower_01.uasset" 31
"../../../Engine/Content/VREditor/LaserPointer/VR_LaserPower_01.uexp" 32
"../../../Engine/Content/VREditor/TransformGizmo/TransformGizmoMaterial.uasset" 33
"../../../Engine/Content/VREditor/TransformGizmo/TransformGizmoMaterial.uexp" 34
"../../../Engine/Content/VREditor/TransformGizmo/TranslucentTransformGizmoMaterial.uasset" 35
"../../../Engine/Content/VREditor/TransformGizmo/TranslucentTransformGizmoMaterial.uexp" 36
"../../../Engine/Content/VREditor/TransformGizmo/PlaneTranslationHandle.ubulk" 37
"../../../Engine/Content/VREditor/TransformGizmo/PlaneTranslationHandle.uasset" 38
"../../../Engine/Content/VREditor/TransformGizmo/PlaneTranslationHandle.uexp" 39
"../../../Engine/Content/VREditor/TransformGizmo/BoundingBoxCorner.ubulk" 40
"../../../Engine/Content/VREditor/TransformGizmo/BoundingBoxCorner.uasset" 41
"../../../Engine/Content/VREditor/TransformGizmo/BoundingBoxCorner.uexp" 42
"../../../Engine/Content/VREditor/TransformGizmo/BoundingBoxEdge.ubulk" 43
"../../../Engine/Content/VREditor/TransformGizmo/BoundingBoxEdge.uasset" 44
"../../../Engine/Content/VREditor/TransformGizmo/BoundingBoxEdge.uexp" 45
"../../../Engine/Content/VREditor/TransformGizmo/Main.uasset" 46
"../../../Engine/Content/VREditor/TransformGizmo/Main.uexp" 47
"../../../Engine/Content/VREditor/TransformGizmo/Xray.uasset" 48
"../../../Engine/Content/VREditor/TransformGizmo/Xray.uexp" 49
"../../../Engine/Content/VREditor/TransformGizmo/SM_Sequencer_Node.ubulk" 50
"../../../Engine/Content/VREditor/TransformGizmo/SM_Sequencer_Node.uasset" 51
"../../../Engine/Content/VREditor/TransformGizmo/SM_Sequencer_Node.uexp" 52
"../../../Engine/Content/EditorMaterials/Camera/CineMat.uasset" 53
"../../../Engine/Content/EditorMaterials/Camera/CineMat.uexp" 54
"../../../Engine/Content/EditorMaterials/Camera/MI_CineMat_Rig.uasset" 55
"../../../Engine/Content/EditorMaterials/Camera/MI_CineMat_Rig.uexp" 56
"../../../Engine/Content/EditorMeshes/Camera/SM_CraneRig_Base.ubulk" 57
"../../../Engine/Content/EditorMeshes/Camera/SM_CraneRig_Base.uasset" 58
"../../../Engine/Content/EditorMeshes/Camera/SM_CraneRig_Base.uexp" 59
"../../../Engine/Content/EditorMeshes/Camera/SM_CraneRig_Arm.ubulk" 60
"../../../Engine/Content/EditorMeshes/Camera/SM_CraneRig_Arm.uasset" 61
"../../../Engine/Content/EditorMeshes/Camera/SM_CraneRig_Arm.uexp" 62
"../../../Engine/Content/EditorMeshes/Camera/SM_CraneRig_Mount.ubulk" 63
"../../../Engine/Content/EditorMeshes/Camera/SM_CraneRig_Mount.uasset" 64
"../../../Engine/Content/EditorMeshes/Camera/SM_CraneRig_Mount.uexp" 65
"../../../Engine/Content/EditorMeshes/Camera/SM_CraneRig_Body.ubulk" 66
"../../../Engine/Content/EditorMeshes/Camera/SM_CraneRig_Body.uasset" 67
"../../../Engine/Content/EditorMeshes/Camera/SM_CraneRig_Body.uexp" 68
"../../../Engine/Content/EditorMeshes/Camera/SM_RailRig_Track.ubulk" 69
"../../../Engine/Content/EditorMeshes/Camera/SM_RailRig_Track.uasset" 70
"../../../Engine/Content/EditorMeshes/Camera/SM_RailRig_Track.uexp" 71
"../../../Engine/Content/EditorMeshes/Camera/SM_RailRig_Mount.ubulk" 72
"../../../Engine/Content/EditorMeshes/Camera/SM_RailRig_Mount.uasset" 73
"../../../Engine/Content/EditorMeshes/Camera/SM_RailRig_Mount.uexp" 74
"../../../Engine/Content/EngineMaterials/T_Default_Material_Grid_M.ubulk" 75
"../../../Engine/Content/EngineMaterials/T_Default_Material_Grid_M.uasset" 76
"../../../Engine/Content/EngineMaterials/T_Default_Material_Grid_M.uexp" 77
"../../../Engine/Content/EngineMaterials/T_Default_Material_Grid_N.ubulk" 78
"../../../Engine/Content/EngineMaterials/T_Default_Material_Grid_N.uasset" 79
"../../../Engine/Content/EngineMaterials/T_Default_Material_Grid_N.uexp" 80
"../../../Engine/Content/Functions/Engine_MaterialFunctions01/Opacity/CameraDepthFade.uasset" 81
"../../../Engine/Content/Functions/Engine_MaterialFunctions01/Opacity/CameraDepthFade.uexp" 82
"../../../Engine/Content/EngineMaterials/WorldGridMaterial.uasset" 83
"../../../Engine/Content/EngineMaterials/WorldGridMaterial.uexp" 84
"../../../Engine/Content/ArtTools/RenderToTexture/Meshes/S_1_Unit_Plane.ubulk" 85
"../../../Engine/Content/ArtTools/RenderToTexture/Meshes/S_1_Unit_Plane.uasset" 86
"../../../Engine/Content/ArtTools/RenderToTexture/Meshes/S_1_Unit_Plane.uexp" 87
"../../../Engine/Content/EditorMaterials/ParticleSystems/PSysThumbnail_NoImage.ubulk" 88
"../../../Engine/Content/EditorMaterials/ParticleSystems/PSysThumbnail_NoImage.uasset" 89
"../../../Engine/Content/EditorMaterials/ParticleSystems/PSysThumbnail_NoImage.uexp" 90
"../../../Engine/Content/EditorMaterials/ParticleSystems/PSysThumbnail_OOD.ubulk" 91
"../../../Engine/Content/EditorMaterials/ParticleSystems/PSysThumbnail_OOD.uasset" 92
"../../../Engine/Content/EditorMaterials/ParticleSystems/PSysThumbnail_OOD.uexp" 93
"../../../Engine/Content/EditorLandscapeResources/SplineEditorMeshMat.uasset" 94
"../../../Engine/Content/EditorLandscapeResources/SplineEditorMeshMat.uexp" 95
"../../../Engine/Content/EditorLandscapeResources/SplineEditorMesh.ubulk" 96
"../../../Engine/Content/EditorLandscapeResources/SplineEditorMesh.uasset" 97
"../../../Engine/Content/EditorLandscapeResources/SplineEditorMesh.uexp" 98
"../../../Engine/Content/EditorResources/S_Solver.ubulk" 99
"../../../Engine/Content/EditorResources/S_Solver.uasset" 100
"../../../Engine/Content/EditorResources/S_Solver.uexp" 101
"F:/AI Wellness Home/AI_Wellness_Home/Plugins/MinimapPlugin/Content/Textures/Icons/T_Icon_ObjectiveArrow.uasset" 102
"F:/AI Wellness Home/AI_Wellness_Home/Plugins/MinimapPlugin/Content/Textures/Icons/T_Icon_ObjectiveArrow.uexp" 103
"../../../Engine/Plugins/Media/MediaPlate/Content/SM_MediaPlateScreen.ubulk" 104
"../../../Engine/Plugins/Media/MediaPlate/Content/SM_MediaPlateScreen.uasset" 105
"../../../Engine/Plugins/Media/MediaPlate/Content/SM_MediaPlateScreen.uexp" 106
"../../../Engine/Content/EngineMaterials/Good64x64TilingNoiseHighFreq.uasset" 107
"../../../Engine/Content/EngineMaterials/Good64x64TilingNoiseHighFreq.uexp" 108
"../../../Engine/Content/EngineMaterials/DefaultBokeh.uasset" 109
"../../../Engine/Content/EngineMaterials/DefaultBokeh.uexp" 110
"../../../Engine/Content/EngineMaterials/PreintegratedSkinBRDF.uasset" 111
"../../../Engine/Content/EngineMaterials/PreintegratedSkinBRDF.uexp" 112
"../../../Engine/Content/EngineMaterials/MiniFont.uasset" 113
"../../../Engine/Content/EngineMaterials/MiniFont.uexp" 114
"../../../Engine/Content/EngineMaterials/WeightMapPlaceholderTexture.uasset" 115
"../../../Engine/Content/EngineMaterials/WeightMapPlaceholderTexture.uexp" 116
"../../../Engine/Content/EngineMaterials/DefaultWhiteGrid.ubulk" 117
"../../../Engine/Content/EngineMaterials/DefaultWhiteGrid.uasset" 118
"../../../Engine/Content/EngineMaterials/DefaultWhiteGrid.uexp" 119
"F:/AI Wellness Home/AI_Wellness_Home/Content/LevelPrototyping/Textures/T_GridChecker_A.ubulk" 120
"F:/AI Wellness Home/AI_Wellness_Home/Content/LevelPrototyping/Textures/T_GridChecker_A.uasset" 121
"F:/AI Wellness Home/AI_Wellness_Home/Content/LevelPrototyping/Textures/T_GridChecker_A.uexp" 122
"../../../Engine/Content/Functions/Engine_MaterialFunctions02/Utility/MakeFloat3.uasset" 123
"../../../Engine/Content/Functions/Engine_MaterialFunctions02/Utility/MakeFloat3.uexp" 124
"../../../Engine/Content/Functions/Engine_MaterialFunctions01/Gradient/LinearGradient.uasset" 125
"../../../Engine/Content/Functions/Engine_MaterialFunctions01/Gradient/LinearGradient.uexp" 126
"../../../Engine/Content/Functions/Engine_MaterialFunctions01/ImageAdjustment/CheapContrast.uasset" 127
"../../../Engine/Content/Functions/Engine_MaterialFunctions01/ImageAdjustment/CheapContrast.uexp" 128
"../../../Engine/Content/Functions/Engine_MaterialFunctions02/Utility/BreakOutFloat3Components.uasset" 129
"../../../Engine/Content/Functions/Engine_MaterialFunctions02/Utility/BreakOutFloat3Components.uexp" 130
"F:/AI Wellness Home/AI_Wellness_Home/Content/LevelPrototyping/Materials/MF_ProcGrid.uasset" 131
"F:/AI Wellness Home/AI_Wellness_Home/Content/LevelPrototyping/Materials/MF_ProcGrid.uexp" 132
"F:/AI Wellness Home/AI_Wellness_Home/Content/LevelPrototyping/Materials/M_PrototypeGrid.uasset" 133
"F:/AI Wellness Home/AI_Wellness_Home/Content/LevelPrototyping/Materials/M_PrototypeGrid.uexp" 134
"F:/AI Wellness Home/AI_Wellness_Home/Content/LevelPrototyping/Materials/MI_PrototypeGrid_TopDark.uasset" 135
"F:/AI Wellness Home/AI_Wellness_Home/Content/LevelPrototyping/Materials/MI_PrototypeGrid_TopDark.uexp" 136
"F:/AI Wellness Home/AI_Wellness_Home/Content/LevelPrototyping/Materials/MI_PrototypeGrid_Gray.uasset" 137
"F:/AI Wellness Home/AI_Wellness_Home/Content/LevelPrototyping/Materials/MI_PrototypeGrid_Gray.uexp" 138
"F:/AI Wellness Home/AI_Wellness_Home/Content/LevelPrototyping/Meshes/SM_Ramp.ubulk" 139
"F:/AI Wellness Home/AI_Wellness_Home/Content/LevelPrototyping/Meshes/SM_Ramp.uasset" 140
"F:/AI Wellness Home/AI_Wellness_Home/Content/LevelPrototyping/Meshes/SM_Ramp.uexp" 141
"F:/AI Wellness Home/AI_Wellness_Home/Content/LevelPrototyping/Meshes/SM_QuarterCylinder.ubulk" 142
"F:/AI Wellness Home/AI_Wellness_Home/Content/LevelPrototyping/Meshes/SM_QuarterCylinder.uasset" 143
"F:/AI Wellness Home/AI_Wellness_Home/Content/LevelPrototyping/Meshes/SM_QuarterCylinder.uexp" 144
"F:/AI Wellness Home/AI_Wellness_Home/Content/LevelPrototyping/Meshes/SM_Cube.ubulk" 145
"F:/AI Wellness Home/AI_Wellness_Home/Content/LevelPrototyping/Meshes/SM_Cube.uasset" 146
"F:/AI Wellness Home/AI_Wellness_Home/Content/LevelPrototyping/Meshes/SM_Cube.uexp" 147
"F:/AI Wellness Home/AI_Wellness_Home/Content/LevelPrototyping/Materials/M_Solid.uasset" 148
"F:/AI Wellness Home/AI_Wellness_Home/Content/LevelPrototyping/Materials/M_Solid.uexp" 149
"F:/AI Wellness Home/AI_Wellness_Home/Content/LevelPrototyping/Materials/MI_Solid_Blue.uasset" 150
"F:/AI Wellness Home/AI_Wellness_Home/Content/LevelPrototyping/Materials/MI_Solid_Blue.uexp" 151
"F:/AI Wellness Home/AI_Wellness_Home/Content/LevelPrototyping/Meshes/SM_ChamferCube.ubulk" 152
"F:/AI Wellness Home/AI_Wellness_Home/Content/LevelPrototyping/Meshes/SM_ChamferCube.uasset" 153
"F:/AI Wellness Home/AI_Wellness_Home/Content/LevelPrototyping/Meshes/SM_ChamferCube.uexp" 154
"../../../Engine/Content/Functions/Engine_MaterialFunctions02/Utility/MakeFloat2.uasset" 155
"../../../Engine/Content/Functions/Engine_MaterialFunctions02/Utility/MakeFloat2.uexp" 156
"../../../Engine/Content/Functions/Engine_MaterialFunctions02/Utility/BreakOutFloat4Components.uasset" 157
"../../../Engine/Content/Functions/Engine_MaterialFunctions02/Utility/BreakOutFloat4Components.uexp" 158
"F:/AI Wellness Home/AI_Wellness_Home/Plugins/MinimapPlugin/Content/Textures/Icons/T_Icon_Placeholder.ubulk" 159
"F:/AI Wellness Home/AI_Wellness_Home/Plugins/MinimapPlugin/Content/Textures/Icons/T_Icon_Placeholder.uasset" 160
"F:/AI Wellness Home/AI_Wellness_Home/Plugins/MinimapPlugin/Content/Textures/Icons/T_Icon_Placeholder.uexp" 161
"../../../Engine/Content/Functions/Engine_MaterialFunctions02/Utility/BreakOutFloat2Components.uasset" 162
"../../../Engine/Content/Functions/Engine_MaterialFunctions02/Utility/BreakOutFloat2Components.uexp" 163
"F:/AI Wellness Home/AI_Wellness_Home/Plugins/MinimapPlugin/Content/Materials/Common/MF_Mask_Rect.uasset" 164
"F:/AI Wellness Home/AI_Wellness_Home/Plugins/MinimapPlugin/Content/Materials/Common/MF_Mask_Rect.uexp" 165
"F:/AI Wellness Home/AI_Wellness_Home/Plugins/MinimapPlugin/Content/Materials/Background/MF_UMG_SampleBackground.uasset" 166
"F:/AI Wellness Home/AI_Wellness_Home/Plugins/MinimapPlugin/Content/Materials/Background/MF_UMG_SampleBackground.uexp" 167
"F:/AI Wellness Home/AI_Wellness_Home/Plugins/MinimapPlugin/Content/Materials/Background/M_UMG_Background.uasset" 168
"F:/AI Wellness Home/AI_Wellness_Home/Plugins/MinimapPlugin/Content/Materials/Background/M_UMG_Background.uexp" 169
"F:/AI Wellness Home/AI_Wellness_Home/Plugins/MinimapPlugin/Content/Materials/Common/MF_Mask_Circle.uasset" 170
"F:/AI Wellness Home/AI_Wellness_Home/Plugins/MinimapPlugin/Content/Materials/Common/MF_Mask_Circle.uexp" 171
"F:/AI Wellness Home/AI_Wellness_Home/Plugins/MinimapPlugin/Content/Materials/Common/MF_Mask_CanvasClip.uasset" 172
"F:/AI Wellness Home/AI_Wellness_Home/Plugins/MinimapPlugin/Content/Materials/Common/MF_Mask_CanvasClip.uexp" 173
"F:/AI Wellness Home/AI_Wellness_Home/Plugins/MinimapPlugin/Content/Materials/Background/M_Canvas_BackgroundFill.uasset" 174
"F:/AI Wellness Home/AI_Wellness_Home/Plugins/MinimapPlugin/Content/Materials/Background/M_Canvas_BackgroundFill.uexp" 175
"F:/AI Wellness Home/AI_Wellness_Home/Plugins/MinimapPlugin/Content/Materials/Background/M_Canvas_Background.uasset" 176
"F:/AI Wellness Home/AI_Wellness_Home/Plugins/MinimapPlugin/Content/Materials/Background/M_Canvas_Background.uexp" 177
"../../../Engine/Content/Functions/Engine_MaterialFunctions02/Texturing/CustomRotator.uasset" 178
"../../../Engine/Content/Functions/Engine_MaterialFunctions02/Texturing/CustomRotator.uexp" 179
"F:/AI Wellness Home/AI_Wellness_Home/Plugins/MinimapPlugin/Content/Textures/Fog/T_TestFog.ubulk" 180
"F:/AI Wellness Home/AI_Wellness_Home/Plugins/MinimapPlugin/Content/Textures/Fog/T_TestFog.uasset" 181
"F:/AI Wellness Home/AI_Wellness_Home/Plugins/MinimapPlugin/Content/Textures/Fog/T_TestFog.uexp" 182
"F:/AI Wellness Home/AI_Wellness_Home/Plugins/MinimapPlugin/Content/Materials/Fog/M_WorldFog.uasset" 183
"F:/AI Wellness Home/AI_Wellness_Home/Plugins/MinimapPlugin/Content/Materials/Fog/M_WorldFog.uexp" 184
"F:/AI Wellness Home/AI_Wellness_Home/Plugins/MinimapPlugin/Content/Materials/Fog/M_UMG_Fog.uasset" 185
"F:/AI Wellness Home/AI_Wellness_Home/Plugins/MinimapPlugin/Content/Materials/Fog/M_UMG_Fog.uexp" 186
"F:/AI Wellness Home/AI_Wellness_Home/Plugins/MinimapPlugin/Content/Materials/Fog/M_FogCombine.uasset" 187
"F:/AI Wellness Home/AI_Wellness_Home/Plugins/MinimapPlugin/Content/Materials/Fog/M_FogCombine.uexp" 188
"F:/AI Wellness Home/AI_Wellness_Home/Plugins/MinimapPlugin/Content/Materials/Fog/M_Canvas_Fog.uasset" 189
"F:/AI Wellness Home/AI_Wellness_Home/Plugins/MinimapPlugin/Content/Materials/Fog/M_Canvas_Fog.uexp" 190
"../../../Engine/Content/Functions/Engine_MaterialFunctions01/Texturing/ScaleUVsByCenter.uasset" 191
"../../../Engine/Content/Functions/Engine_MaterialFunctions01/Texturing/ScaleUVsByCenter.uexp" 192
"F:/AI Wellness Home/AI_Wellness_Home/Plugins/MinimapPlugin/Content/Materials/Icons/MF_UMG_SampleIcon.uasset" 193
"F:/AI Wellness Home/AI_Wellness_Home/Plugins/MinimapPlugin/Content/Materials/Icons/MF_UMG_SampleIcon.uexp" 194
"F:/AI Wellness Home/AI_Wellness_Home/Plugins/MinimapPlugin/Content/Materials/Icons/M_UMG_MapIcon.uasset" 195
"F:/AI Wellness Home/AI_Wellness_Home/Plugins/MinimapPlugin/Content/Materials/Icons/M_UMG_MapIcon.uexp" 196
"F:/AI Wellness Home/AI_Wellness_Home/Plugins/MinimapPlugin/Content/Materials/Icons/M_Canvas_MapIcon.uasset" 197
"F:/AI Wellness Home/AI_Wellness_Home/Plugins/MinimapPlugin/Content/Materials/Icons/M_Canvas_MapIcon.uexp" 198
"F:/AI Wellness Home/AI_Wellness_Home/Plugins/MinimapPlugin/Content/Materials/Common/MF_InverseLerp.uasset" 199
"F:/AI Wellness Home/AI_Wellness_Home/Plugins/MinimapPlugin/Content/Materials/Common/MF_InverseLerp.uexp" 200
"F:/AI Wellness Home/AI_Wellness_Home/Plugins/MinimapPlugin/Content/Materials/Revealers/M_Revealer_Circle.uasset" 201
"F:/AI Wellness Home/AI_Wellness_Home/Plugins/MinimapPlugin/Content/Materials/Revealers/M_Revealer_Circle.uexp" 202
"F:/AI Wellness Home/AI_Wellness_Home/Plugins/MinimapPlugin/Content/Textures/RT_MinimapSnapshot.uasset" 203
"F:/AI Wellness Home/AI_Wellness_Home/Plugins/MinimapPlugin/Content/Textures/RT_MinimapSnapshot.uexp" 204
"../../../Engine/Plugins/Interchange/Runtime/Content/Pipelines/DefaultMaterialPipeline.uasset" 205
"../../../Engine/Plugins/Interchange/Runtime/Content/Pipelines/DefaultMaterialPipeline.uexp" 206
"../../../Engine/Plugins/Interchange/Runtime/Content/Pipelines/DefaultSceneAssetsPipeline.uasset" 207
"../../../Engine/Plugins/Interchange/Runtime/Content/Pipelines/DefaultSceneAssetsPipeline.uexp" 208
"../../../Engine/Plugins/Interchange/Runtime/Content/Pipelines/DefaultSceneLevelPipeline.uasset" 209
"../../../Engine/Plugins/Interchange/Runtime/Content/Pipelines/DefaultSceneLevelPipeline.uexp" 210
"../../../Engine/Content/EngineMaterials/DefaultMaterial.uasset" 211
"../../../Engine/Content/EngineMaterials/DefaultMaterial.uexp" 212
"../../../Engine/Content/BasicShapes/Sphere.ubulk" 213
"../../../Engine/Content/BasicShapes/Sphere.uasset" 214
"../../../Engine/Content/BasicShapes/Sphere.uexp" 215
"../../../Engine/Content/BasicShapes/Plane.ubulk" 216
"../../../Engine/Content/BasicShapes/Plane.uasset" 217
"../../../Engine/Content/BasicShapes/Plane.uexp" 218
"../../../Engine/Content/BasicShapes/Cylinder.ubulk" 219
"../../../Engine/Content/BasicShapes/Cylinder.uasset" 220
"../../../Engine/Content/BasicShapes/Cylinder.uexp" 221
"../../../Engine/Content/BasicShapes/Cube.ubulk" 222
"../../../Engine/Content/BasicShapes/Cube.uasset" 223
"../../../Engine/Content/BasicShapes/Cube.uexp" 224
"../../../Engine/Content/BasicShapes/Cone.ubulk" 225
"../../../Engine/Content/BasicShapes/Cone.uasset" 226
"../../../Engine/Content/BasicShapes/Cone.uexp" 227
"../../../Engine/Content/EditorLandscapeResources/DefaultAlphaTexture.uasset" 228
"../../../Engine/Content/EditorLandscapeResources/DefaultAlphaTexture.uexp" 229
"../../../Engine/Content/EditorLandscapeResources/DataLayer.uasset" 230
"../../../Engine/Content/EditorLandscapeResources/DataLayer.uexp" 231
"../../../Engine/Content/EditorMaterials/PreviewShadowIndicator.ubulk" 232
"../../../Engine/Content/EditorMaterials/PreviewShadowIndicator.uasset" 233
"../../../Engine/Content/EditorMaterials/PreviewShadowIndicator.uexp" 234
"../../../Engine/Content/EditorMaterials/PreviewShadowIndicatorMaterial.uasset" 235
"../../../Engine/Content/EditorMaterials/PreviewShadowIndicatorMaterial.uexp" 236
"../../../Engine/Content/EditorMaterials/PhAT_UnselectedMaterial.uasset" 237
"../../../Engine/Content/EditorMaterials/PhAT_UnselectedMaterial.uexp" 238
"../../../Engine/Content/EditorMaterials/PhAT_NoCollisionMaterial.uasset" 239
"../../../Engine/Content/EditorMaterials/PhAT_NoCollisionMaterial.uexp" 240
"../../../Engine/Content/Functions/Engine_MaterialFunctions02/Utility/MakeFloat4.uasset" 241
"../../../Engine/Content/Functions/Engine_MaterialFunctions02/Utility/MakeFloat4.uexp" 242
"../../../Engine/Content/EditorMaterials/WorldPartition/WorldPartitionSpatialHashGridPreviewMaterial.uasset" 243
"../../../Engine/Content/EditorMaterials/WorldPartition/WorldPartitionSpatialHashGridPreviewMaterial.uexp" 244
"../../../Engine/Content/EditorResources/S_Terrain.ubulk" 245
"../../../Engine/Content/EditorResources/S_Terrain.uasset" 246
"../../../Engine/Content/EditorResources/S_Terrain.uexp" 247
"../../../Engine/Content/EditorResources/EmptyActor.uasset" 248
"../../../Engine/Content/EditorResources/EmptyActor.uexp" 249
"../../../Engine/Content/EditorResources/BSPVertex.uasset" 250
"../../../Engine/Content/EditorResources/BSPVertex.uexp" 251
"../../../Engine/Content/EditorResources/SequenceRecorder/RecordingIndicator.uasset" 252
"../../../Engine/Content/EditorResources/SequenceRecorder/RecordingIndicator.uexp" 253
"../../../Engine/Content/EditorResources/SequenceRecorder/Countdown.uasset" 254
"../../../Engine/Content/EditorResources/SequenceRecorder/Countdown.uexp" 255
"../../../Engine/Content/EngineDamageTypes/DmgTypeBP_Environmental.uasset" 256
"../../../Engine/Content/EngineDamageTypes/DmgTypeBP_Environmental.uexp" 257
"../../../Engine/Content/Functions/Engine_MaterialFunctions02/Utility/CameraDirectionVector.uasset" 258
"../../../Engine/Content/Functions/Engine_MaterialFunctions02/Utility/CameraDirectionVector.uexp" 259
"../../../Engine/Content/EngineDebugMaterials/VolumeToRender.uasset" 260
"../../../Engine/Content/EngineDebugMaterials/VolumeToRender.uexp" 261
"../../../Engine/Content/EngineDebugMaterials/M_VolumeRenderSphereTracePP.uasset" 262
"../../../Engine/Content/EngineDebugMaterials/M_VolumeRenderSphereTracePP.uexp" 263
"../../../Engine/Content/EngineDebugMaterials/M_SimpleUnlitTranslucent.uasset" 264
"../../../Engine/Content/EngineDebugMaterials/M_SimpleUnlitTranslucent.uexp" 265
"../../../Engine/Content/EngineDebugMaterials/DebugMeshMaterial.uasset" 266
"../../../Engine/Content/EngineDebugMaterials/DebugMeshMaterial.uexp" 267
"../../../Engine/Content/EngineDebugMaterials/DebugEditorMaterial.uasset" 268
"../../../Engine/Content/EngineDebugMaterials/DebugEditorMaterial.uexp" 269
"../../../Engine/Content/EngineFonts/Faces/RobotoLight.uexp" 270
"../../../Engine/Content/EngineFonts/Faces/RobotoLight.uasset" 271
"../../../Engine/Content/EngineFonts/Faces/RobotoLight.ufont" 272
"../../../Engine/Content/EngineFonts/Faces/RobotoBold.uexp" 273
"../../../Engine/Content/EngineFonts/Faces/RobotoBold.uasset" 274
"../../../Engine/Content/EngineFonts/Faces/RobotoBold.ufont" 275
"../../../Engine/Content/EngineFonts/Faces/RobotoRegular.uexp" 276
"../../../Engine/Content/EngineFonts/Faces/RobotoRegular.uasset" 277
"../../../Engine/Content/EngineFonts/Faces/RobotoRegular.ufont" 278
"../../../Engine/Content/EngineFonts/Faces/DroidSansFallback.uexp" 279
"../../../Engine/Content/EngineFonts/Faces/DroidSansFallback.uasset" 280
"../../../Engine/Content/EngineFonts/Faces/DroidSansFallback.ufont" 281
"../../../Engine/Content/EngineFonts/Faces/RobotoItalic.uexp" 282
"../../../Engine/Content/EngineFonts/Faces/RobotoItalic.uasset" 283
"../../../Engine/Content/EngineFonts/Faces/RobotoItalic.ufont" 284
"../../../Engine/Content/EngineFonts/Faces/RobotoBoldItalic.uexp" 285
"../../../Engine/Content/EngineFonts/Faces/RobotoBoldItalic.uasset" 286
"../../../Engine/Content/EngineFonts/Faces/RobotoBoldItalic.ufont" 287
"../../../Engine/Content/EngineFonts/Roboto.uasset" 288
"../../../Engine/Content/EngineFonts/Roboto.uexp" 289
"../../../Engine/Content/EngineResources/WhiteSquareTexture.uasset" 290
"../../../Engine/Content/EngineResources/WhiteSquareTexture.uexp" 291
"../../../Engine/Content/EngineMaterials/Widget3DPassThrough.uasset" 292
"../../../Engine/Content/EngineMaterials/Widget3DPassThrough.uexp" 293
"../../../Engine/Content/EngineMaterials/Widget3DPassThrough_Translucent.uasset" 294
"../../../Engine/Content/EngineMaterials/Widget3DPassThrough_Translucent.uexp" 295
"../../../Engine/Content/EngineMaterials/Widget3DPassThrough_Translucent_OneSided.uasset" 296
"../../../Engine/Content/EngineMaterials/Widget3DPassThrough_Translucent_OneSided.uexp" 297
"../../../Engine/Content/EngineMaterials/Widget3DPassThrough_Opaque.uasset" 298
"../../../Engine/Content/EngineMaterials/Widget3DPassThrough_Opaque.uexp" 299
"../../../Engine/Content/EngineMaterials/Widget3DPassThrough_Opaque_OneSided.uasset" 300
"../../../Engine/Content/EngineMaterials/Widget3DPassThrough_Opaque_OneSided.uexp" 301
"../../../Engine/Content/EngineMaterials/Widget3DPassThrough_Masked_OneSided.uasset" 302
"../../../Engine/Content/EngineMaterials/Widget3DPassThrough_Masked_OneSided.uexp" 303
"../../../Engine/Content/EngineMaterials/Widget3DPassThrough_Masked.uasset" 304
"../../../Engine/Content/EngineMaterials/Widget3DPassThrough_Masked.uexp" 305
"../../../Engine/Plugins/Interchange/Runtime/Content/gltf/MaterialFunctions/MF_RotateV2.uasset" 306
"../../../Engine/Plugins/Interchange/Runtime/Content/gltf/MaterialFunctions/MF_RotateV2.uexp" 307
"../../../Engine/Plugins/Interchange/Runtime/Content/gltf/MaterialFunctions/MF_TransformUVs.uasset" 308
"../../../Engine/Plugins/Interchange/Runtime/Content/gltf/MaterialFunctions/MF_TransformUVs.uexp" 309
"../../../Engine/Plugins/Interchange/Runtime/Content/gltf/Textures/T_White_srgb.uasset" 310
"../../../Engine/Plugins/Interchange/Runtime/Content/gltf/Textures/T_White_srgb.uexp" 311
"../../../Engine/Plugins/Interchange/Runtime/Content/gltf/MaterialFunctions/MF_BaseColor.uasset" 312
"../../../Engine/Plugins/Interchange/Runtime/Content/gltf/MaterialFunctions/MF_BaseColor.uexp" 313
"../../../Engine/Plugins/Interchange/Runtime/Content/gltf/MaterialFunctions/MF_DiffuseSpecGloss.uasset" 314
"../../../Engine/Plugins/Interchange/Runtime/Content/gltf/MaterialFunctions/MF_DiffuseSpecGloss.uexp" 315
"../../../Engine/Plugins/Interchange/Runtime/Content/gltf/Textures/T_White_Linear.uasset" 316
"../../../Engine/Plugins/Interchange/Runtime/Content/gltf/Textures/T_White_Linear.uexp" 317
"../../../Engine/Plugins/Interchange/Runtime/Content/gltf/MaterialFunctions/MF_MetallicRoughness.uasset" 318
"../../../Engine/Plugins/Interchange/Runtime/Content/gltf/MaterialFunctions/MF_MetallicRoughness.uexp" 319
"../../../Engine/Content/Functions/Engine_MaterialFunctions02/Math/Transform3x3Matrix.uasset" 320
"../../../Engine/Content/Functions/Engine_MaterialFunctions02/Math/Transform3x3Matrix.uexp" 321
"../../../Engine/Plugins/Interchange/Runtime/Content/gltf/MaterialFunctions/MF_RotateNormals_TS.uasset" 322
"../../../Engine/Plugins/Interchange/Runtime/Content/gltf/MaterialFunctions/MF_RotateNormals_TS.uexp" 323
"../../../Engine/Plugins/Interchange/Runtime/Content/gltf/Textures/T_Generic_N.uasset" 324
"../../../Engine/Plugins/Interchange/Runtime/Content/gltf/Textures/T_Generic_N.uexp" 325
"../../../Engine/Plugins/Interchange/Runtime/Content/gltf/MaterialFunctions/MF_Clearcoat.uasset" 326
"../../../Engine/Plugins/Interchange/Runtime/Content/gltf/MaterialFunctions/MF_Clearcoat.uexp" 327
"../../../Engine/Plugins/Interchange/Runtime/Content/gltf/MaterialFunctions/MF_Occlusion.uasset" 328
"../../../Engine/Plugins/Interchange/Runtime/Content/gltf/MaterialFunctions/MF_Occlusion.uexp" 329
"../../../Engine/Plugins/Interchange/Runtime/Content/gltf/MaterialFunctions/MF_Emissive.uasset" 330
"../../../Engine/Plugins/Interchange/Runtime/Content/gltf/MaterialFunctions/MF_Emissive.uexp" 331
"../../../Engine/Plugins/Interchange/Runtime/Content/gltf/MaterialFunctions/MF_Specular.uasset" 332
"../../../Engine/Plugins/Interchange/Runtime/Content/gltf/MaterialFunctions/MF_Specular.uexp" 333
"../../../Engine/Plugins/Interchange/Runtime/Content/gltf/MaterialFunctions/MF_IOR.uasset" 334
"../../../Engine/Plugins/Interchange/Runtime/Content/gltf/MaterialFunctions/MF_IOR.uexp" 335
"../../../Engine/Content/Functions/Engine_MaterialFunctions01/Texturing/FlattenNormal.uasset" 336
"../../../Engine/Content/Functions/Engine_MaterialFunctions01/Texturing/FlattenNormal.uexp" 337
"../../../Engine/Plugins/Interchange/Runtime/Content/gltf/MaterialFunctions/MF_Normals.uasset" 338
"../../../Engine/Plugins/Interchange/Runtime/Content/gltf/MaterialFunctions/MF_Normals.uexp" 339
"../../../Engine/Content/Functions/Engine_MaterialFunctions02/Math/AddComponents.uasset" 340
"../../../Engine/Content/Functions/Engine_MaterialFunctions02/Math/AddComponents.uexp" 341
"../../../Engine/Plugins/Interchange/Runtime/Content/gltf/MaterialFunctions/MF_PerceivedBrightness.uasset" 342
"../../../Engine/Plugins/Interchange/Runtime/Content/gltf/MaterialFunctions/MF_PerceivedBrightness.uexp" 343
"../../../Engine/Plugins/Interchange/Runtime/Content/gltf/MaterialFunctions/MF_SpecGlossToMetalRoughness.uasset" 344
"../../../Engine/Plugins/Interchange/Runtime/Content/gltf/MaterialFunctions/MF_SpecGlossToMetalRoughness.uexp" 345
"../../../Engine/Plugins/Interchange/Runtime/Content/gltf/M_Opaque.uasset" 346
"../../../Engine/Plugins/Interchange/Runtime/Content/gltf/M_Opaque.uexp" 347
"../../../Engine/Plugins/Interchange/Runtime/Content/gltf/MaterialInstances_SG/MI_Opaque_ClearCoat.uasset" 348
"../../../Engine/Plugins/Interchange/Runtime/Content/gltf/MaterialInstances_SG/MI_Opaque_ClearCoat.uexp" 349
"../../../Engine/Plugins/Runtime/MeshModelingToolset/Content/Materials/M_DynamicMeshComponentVtxColor.uasset" 350
"../../../Engine/Plugins/Runtime/MeshModelingToolset/Content/Materials/M_DynamicMeshComponentVtxColor.uexp" 351
"../../../Engine/Content/EngineMaterials/STBlueNoise_vec2_128x128x64.uasset" 352
"../../../Engine/Content/EngineMaterials/STBlueNoise_vec2_128x128x64.uexp" 353
"../../../Engine/Content/EngineMaterials/STBlueNoise_scalar_128x128x64.uasset" 354
"../../../Engine/Content/EngineMaterials/STBlueNoise_scalar_128x128x64.uexp" 355
"../../../Engine/Content/EngineMaterials/RemoveSurfaceMaterial.uasset" 356
"../../../Engine/Content/EngineMaterials/RemoveSurfaceMaterial.uexp" 357
"../../../Engine/Content/EngineMaterials/DefaultCalibrationGrayscale.uasset" 358
"../../../Engine/Content/EngineMaterials/DefaultCalibrationGrayscale.uexp" 359
"../../../Engine/Content/EngineMaterials/PPM_DefaultCalibrationGrayscale.uasset" 360
"../../../Engine/Content/EngineMaterials/PPM_DefaultCalibrationGrayscale.uexp" 361
"../../../Engine/Content/EngineMaterials/DefaultCalibrationColor.uasset" 362
"../../../Engine/Content/EngineMaterials/DefaultCalibrationColor.uexp" 363
"../../../Engine/Content/EngineMaterials/PPM_DefaultCalibrationColor.uasset" 364
"../../../Engine/Content/EngineMaterials/PPM_DefaultCalibrationColor.uexp" 365
"../../../Engine/Content/Functions/Engine_MaterialFunctions02/WorldPositionOffset/CameraOffset.uasset" 366
"../../../Engine/Content/Functions/Engine_MaterialFunctions02/WorldPositionOffset/CameraOffset.uexp" 367
"../../../Engine/Content/EngineMaterials/PhAT_JointLimitMaterial.uasset" 368
"../../../Engine/Content/EngineMaterials/PhAT_JointLimitMaterial.uexp" 369
"../../../Engine/Content/EngineMaterials/InvalidLightmapSettings.ubulk" 370
"../../../Engine/Content/EngineMaterials/InvalidLightmapSettings.uasset" 371
"../../../Engine/Content/EngineMaterials/InvalidLightmapSettings.uexp" 372
"../../../Engine/Content/EngineMaterials/M_InvalidLightmapSettings.uasset" 373
"../../../Engine/Content/EngineMaterials/M_InvalidLightmapSettings.uexp" 374
"../../../Engine/Plugins/Interchange/Runtime/Content/gltf/MaterialInstances_SG/MI_Opaque.uasset" 375
"../../../Engine/Plugins/Interchange/Runtime/Content/gltf/MaterialInstances_SG/MI_Opaque.uexp" 376
"../../../Engine/Plugins/Interchange/Runtime/Content/gltf/Textures/T_Gray_Linear.uasset" 377
"../../../Engine/Plugins/Interchange/Runtime/Content/gltf/Textures/T_Gray_Linear.uexp" 378
"../../../Engine/Content/EngineMaterials/GizmoMaterial.uasset" 379
"../../../Engine/Content/EngineMaterials/GizmoMaterial.uexp" 380
"../../../Engine/Content/EngineMaterials/BaseFlattenEmissiveMap_VT.uasset" 381
"../../../Engine/Content/EngineMaterials/BaseFlattenEmissiveMap_VT.uexp" 382
"../../../Engine/Content/EngineMaterials/BaseFlattenGrayscaleMap_VT.uasset" 383
"../../../Engine/Content/EngineMaterials/BaseFlattenGrayscaleMap_VT.uexp" 384
"../../../Engine/Content/EngineMaterials/BaseFlattenLinearColor_VT.uasset" 385
"../../../Engine/Content/EngineMaterials/BaseFlattenLinearColor_VT.uexp" 386
"../../../Engine/Content/EngineMaterials/Black_1x1_EXR_Texture_VT.uasset" 387
"../../../Engine/Content/EngineMaterials/Black_1x1_EXR_Texture_VT.uexp" 388
"../../../Engine/Content/EngineMaterials/BaseFlattenDiffuseMap_VT.uasset" 389
"../../../Engine/Content/EngineMaterials/BaseFlattenDiffuseMap_VT.uexp" 390
"../../../Engine/Content/EngineMaterials/BaseFlattenNormalMap_VT.uasset" 391
"../../../Engine/Content/EngineMaterials/BaseFlattenNormalMap_VT.uexp" 392
"../../../Engine/Content/EngineMaterials/FlattenMaterial_WS_Normal_VT.uasset" 393
"../../../Engine/Content/EngineMaterials/FlattenMaterial_WS_Normal_VT.uexp" 394
"../../../Engine/Content/EngineMaterials/FlattenMaterial_VT.uasset" 395
"../../../Engine/Content/EngineMaterials/FlattenMaterial_VT.uexp" 396
"../../../Engine/Content/EngineMaterials/BaseFlattenNormalMap.uasset" 397
"../../../Engine/Content/EngineMaterials/BaseFlattenNormalMap.uexp" 398
"../../../Engine/Content/EngineMaterials/BaseFlattenGrayscaleMap.uasset" 399
"../../../Engine/Content/EngineMaterials/BaseFlattenGrayscaleMap.uexp" 400
"../../../Engine/Content/EngineMaterials/BaseFlattenDiffuseMap.uasset" 401
"../../../Engine/Content/EngineMaterials/BaseFlattenDiffuseMap.uexp" 402
"../../../Engine/Content/Functions/Engine_MaterialFunctions02/PivotPainter2/Black_1x1_EXR_Texture.uasset" 403
"../../../Engine/Content/Functions/Engine_MaterialFunctions02/PivotPainter2/Black_1x1_EXR_Texture.uexp" 404
"../../../Engine/Content/EngineMaterials/BaseFlattenEmissiveMap.uasset" 405
"../../../Engine/Content/EngineMaterials/BaseFlattenEmissiveMap.uexp" 406
"../../../Engine/Content/EngineMaterials/BaseFlattenLinearColor.uasset" 407
"../../../Engine/Content/EngineMaterials/BaseFlattenLinearColor.uexp" 408
"../../../Engine/Content/EngineMaterials/FlattenMaterial.uasset" 409
"../../../Engine/Content/EngineMaterials/FlattenMaterial.uexp" 410
"../../../Engine/Content/EngineMaterials/DefaultWhiteGrid_Low.uasset" 411
"../../../Engine/Content/EngineMaterials/DefaultWhiteGrid_Low.uexp" 412
"../../../Engine/Content/EngineMaterials/EmissiveMeshMaterial.uasset" 413
"../../../Engine/Content/EngineMaterials/EmissiveMeshMaterial.uexp" 414
"../../../Engine/Content/EngineMaterials/DefaultNormal.ubulk" 415
"../../../Engine/Content/EngineMaterials/DefaultNormal.uasset" 416
"../../../Engine/Content/EngineMaterials/DefaultNormal.uexp" 417
"../../../Engine/Plugins/Interchange/Runtime/Content/Materials/MapOrLinearColorFunction.uasset" 418
"../../../Engine/Plugins/Interchange/Runtime/Content/Materials/MapOrLinearColorFunction.uexp" 419
"../../../Engine/Plugins/Interchange/Runtime/Content/Materials/MapOrScalarFunction.uasset" 420
"../../../Engine/Plugins/Interchange/Runtime/Content/Materials/MapOrScalarFunction.uexp" 421
"../../../Engine/Plugins/Interchange/Runtime/Content/Materials/MapOrColorFunction.uasset" 422
"../../../Engine/Plugins/Interchange/Runtime/Content/Materials/MapOrColorFunction.uexp" 423
"../../../Engine/Plugins/Interchange/Runtime/Content/Materials/CommonMaterial.uasset" 424
"../../../Engine/Plugins/Interchange/Runtime/Content/Materials/CommonMaterial.uexp" 425
"../../../Engine/Plugins/Interchange/Runtime/Content/Materials/LambertSurfaceMaterial.uasset" 426
"../../../Engine/Plugins/Interchange/Runtime/Content/Materials/LambertSurfaceMaterial.uexp" 427
"../../../Engine/Plugins/Interchange/Runtime/Content/gltf/MaterialInstances_SG/MI_Opaque_ClearCoat_TS.uasset" 428
"../../../Engine/Plugins/Interchange/Runtime/Content/gltf/MaterialInstances_SG/MI_Opaque_ClearCoat_TS.uexp" 429
"../../../Engine/Content/EngineFonts/RobotoDistanceField.uasset" 430
"../../../Engine/Content/EngineFonts/RobotoDistanceField.uexp" 431
"../../../Engine/Content/EngineMaterials/DefaultTextMaterialOpaque.uasset" 432
"../../../Engine/Content/EngineMaterials/DefaultTextMaterialOpaque.uexp" 433
"../../../Engine/Content/EngineMaterials/DefaultDiffuse.ubulk" 434
"../../../Engine/Content/EngineMaterials/DefaultDiffuse.uasset" 435
"../../../Engine/Content/EngineMaterials/DefaultDiffuse.uexp" 436
"../../../Engine/Content/EngineMaterials/DefaultPostProcessMaterial.uasset" 437
"../../../Engine/Content/EngineMaterials/DefaultPostProcessMaterial.uexp" 438
"../../../Engine/Content/EngineMaterials/DefaultPhysicalMaterial.uasset" 439
"../../../Engine/Content/EngineMaterials/DefaultPhysicalMaterial.uexp" 440
"../../../Engine/Content/EngineMaterials/DefaultLightFunctionMaterial.uasset" 441
"../../../Engine/Content/EngineMaterials/DefaultLightFunctionMaterial.uexp" 442
"../../../Engine/Content/EngineMaterials/DefaultDestructiblePhysicalMaterial.uasset" 443
"../../../Engine/Content/EngineMaterials/DefaultDestructiblePhysicalMaterial.uexp" 444
"../../../Engine/Content/EngineMaterials/DefaultDeferredDecalMaterial.uasset" 445
"../../../Engine/Content/EngineMaterials/DefaultDeferredDecalMaterial.uexp" 446
"../../../Engine/Content/EngineMaterials/DefaultBloomKernel.uasset" 447
"../../../Engine/Content/EngineMaterials/DefaultBloomKernel.uexp" 448
"../../../Engine/Plugins/Interchange/Runtime/Content/gltf/Textures/T_Black_srgb.uasset" 449
"../../../Engine/Plugins/Interchange/Runtime/Content/gltf/Textures/T_Black_srgb.uexp" 450
"../../../Engine/Plugins/Interchange/Runtime/Content/Materials/PBRSurfaceFunction.uasset" 451
"../../../Engine/Plugins/Interchange/Runtime/Content/Materials/PBRSurfaceFunction.uexp" 452
"../../../Engine/Plugins/Interchange/Runtime/Content/Materials/PBRSurfaceMaterial.uasset" 453
"../../../Engine/Plugins/Interchange/Runtime/Content/Materials/PBRSurfaceMaterial.uexp" 454
"../../../Engine/Plugins/Interchange/Runtime/Content/Materials/UnlitMaterial.uasset" 455
"../../../Engine/Plugins/Interchange/Runtime/Content/Materials/UnlitMaterial.uexp" 456
"../../../Engine/Plugins/Interchange/Runtime/Content/Materials/ThinTranslucentMaterial.uasset" 457
"../../../Engine/Plugins/Interchange/Runtime/Content/Materials/ThinTranslucentMaterial.uexp" 458
"../../../Engine/Content/EngineMaterials/FlatNormal.uasset" 459
"../../../Engine/Content/EngineMaterials/FlatNormal.uexp" 460
"../../../Engine/Plugins/Interchange/Runtime/Content/Functions/MF_OrenNayerView.uasset" 461
"../../../Engine/Plugins/Interchange/Runtime/Content/Functions/MF_OrenNayerView.uexp" 462
"../../../Engine/Content/EditorLandscapeResources/WhiteSquareTexture.uasset" 463
"../../../Engine/Content/EditorLandscapeResources/WhiteSquareTexture.uexp" 464
"../../../Engine/Plugins/Interchange/Runtime/Content/Functions/MF_SchlickApprox.uasset" 465
"../../../Engine/Plugins/Interchange/Runtime/Content/Functions/MF_SchlickApprox.uexp" 466
"../../../Engine/Plugins/Interchange/Runtime/Content/Utilities/New_LUT.uasset" 467
"../../../Engine/Plugins/Interchange/Runtime/Content/Utilities/New_LUT.uexp" 468
"../../../Engine/Content/Functions/Engine_MaterialFunctions03/Math/RemapValueRange.uasset" 469
"../../../Engine/Content/Functions/Engine_MaterialFunctions03/Math/RemapValueRange.uexp" 470
"../../../Engine/Plugins/Interchange/Runtime/Content/Functions/MF_Iridescence.uasset" 471
"../../../Engine/Plugins/Interchange/Runtime/Content/Functions/MF_Iridescence.uexp" 472
"../../../Engine/Plugins/Interchange/Runtime/Content/Materials/OrenNayerMaterial.uasset" 473
"../../../Engine/Plugins/Interchange/Runtime/Content/Materials/OrenNayerMaterial.uexp" 474
"../../../Engine/Plugins/Interchange/Runtime/Content/Materials/SubsurfaceMaterial.uasset" 475
"../../../Engine/Plugins/Interchange/Runtime/Content/Materials/SubsurfaceMaterial.uexp" 476
"../../../Engine/Plugins/Interchange/Runtime/Content/Materials/SheenMaterial.uasset" 477
"../../../Engine/Plugins/Interchange/Runtime/Content/Materials/SheenMaterial.uexp" 478
"../../../Engine/Content/EngineSky/T_Sky_Stars.ubulk" 479
"../../../Engine/Content/EngineSky/T_Sky_Stars.uasset" 480
"../../../Engine/Content/EngineSky/T_Sky_Stars.uexp" 481
"../../../Engine/Content/EngineSky/T_Sky_Clouds_M.ubulk" 482
"../../../Engine/Content/EngineSky/T_Sky_Clouds_M.uasset" 483
"../../../Engine/Content/EngineSky/T_Sky_Clouds_M.uexp" 484
"../../../Engine/Content/EngineSky/T_Sky_Blue.ubulk" 485
"../../../Engine/Content/EngineSky/T_Sky_Blue.uasset" 486
"../../../Engine/Content/EngineSky/T_Sky_Blue.uexp" 487
"../../../Engine/Content/EngineSky/M_Sky_Panning_Clouds2.uasset" 488
"../../../Engine/Content/EngineSky/M_Sky_Panning_Clouds2.uexp" 489
"../../../Engine/Content/EngineSky/SM_SkySphere.ubulk" 490
"../../../Engine/Content/EngineSky/SM_SkySphere.uasset" 491
"../../../Engine/Content/EngineSky/SM_SkySphere.uexp" 492
"../../../Engine/Content/EngineSky/M_SimpleSkyDome.uasset" 493
"../../../Engine/Content/EngineSky/M_SimpleSkyDome.uexp" 494
"../../../Engine/Content/EngineResources/FilmGrains/Marcie_Grain_v3_128_M2_000.uasset" 495
"../../../Engine/Content/EngineResources/FilmGrains/Marcie_Grain_v3_128_M2_000.uexp" 496
"../../../Engine/Content/EngineSky/VolumetricClouds/CloudWeatherTexture.uasset" 497
"../../../Engine/Content/EngineSky/VolumetricClouds/CloudWeatherTexture.uexp" 498
"../../../Engine/Content/EngineSky/VolumetricClouds/CloudGradientTexture.uasset" 499
"../../../Engine/Content/EngineSky/VolumetricClouds/CloudGradientTexture.uexp" 500
"../../../Engine/Content/EngineSky/VolumetricClouds/T_NoiseShape64.ubulk" 501
"../../../Engine/Content/EngineSky/VolumetricClouds/T_NoiseShape64.uasset" 502
"../../../Engine/Content/EngineSky/VolumetricClouds/T_NoiseShape64.uexp" 503
"../../../Engine/Content/EngineSky/VolumetricClouds/T_VolumeNoiseShape64.uasset" 504
"../../../Engine/Content/EngineSky/VolumetricClouds/T_VolumeNoiseShape64.uexp" 505
"../../../Engine/Content/EngineSky/VolumetricClouds/T_NoiseErosion.ubulk" 506
"../../../Engine/Content/EngineSky/VolumetricClouds/T_NoiseErosion.uasset" 507
"../../../Engine/Content/EngineSky/VolumetricClouds/T_NoiseErosion.uexp" 508
"../../../Engine/Content/EngineSky/VolumetricClouds/T_VolumeNoiseErosion32.uasset" 509
"../../../Engine/Content/EngineSky/VolumetricClouds/T_VolumeNoiseErosion32.uexp" 510
"../../../Engine/Content/EngineSky/VolumetricClouds/m_SimpleVolumetricCloud.uasset" 511
"../../../Engine/Content/EngineSky/VolumetricClouds/m_SimpleVolumetricCloud.uexp" 512
"../../../Engine/Content/EngineSky/VolumetricClouds/m_SimpleVolumetricCloud_Inst.uasset" 513
"../../../Engine/Content/EngineSky/VolumetricClouds/m_SimpleVolumetricCloud_Inst.uexp" 514
"../../../Engine/Content/EngineSounds/Master.uasset" 515
"../../../Engine/Content/EngineSounds/Master.uexp" 516
"../../../Engine/Content/Functions/Engine_MaterialFunctions01/Shading/PowerToRoughness.uasset" 517
"../../../Engine/Content/Functions/Engine_MaterialFunctions01/Shading/PowerToRoughness.uexp" 518
"../../../Engine/Content/Functions/Engine_MaterialFunctions01/Shading/ConvertFromDiffSpec.uasset" 519
"../../../Engine/Content/Functions/Engine_MaterialFunctions01/Shading/ConvertFromDiffSpec.uexp" 520
"../../../Engine/Plugins/Interchange/Runtime/Content/Materials/PhongSurfaceMaterial.uasset" 521
"../../../Engine/Plugins/Interchange/Runtime/Content/Materials/PhongSurfaceMaterial.uexp" 522
"../../../Engine/Content/Maps/Templates/HLODs/HLODLayer_Merged.uasset" 523
"../../../Engine/Content/Maps/Templates/HLODs/HLODLayer_Merged.uexp" 524
"../../../Engine/Content/MobileResources/HUD/VirtualJoystick_Background.uasset" 525
"../../../Engine/Content/MobileResources/HUD/VirtualJoystick_Background.uexp" 526
"../../../Engine/Content/MobileResources/HUD/VirtualJoystick_Thumb.uasset" 527
"../../../Engine/Content/MobileResources/HUD/VirtualJoystick_Thumb.uexp" 528
"../../../Engine/Content/MobileResources/HUD/DefaultVirtualJoysticks.uasset" 529
"../../../Engine/Content/MobileResources/HUD/DefaultVirtualJoysticks.uexp" 530
"../../../Engine/Plugins/2D/Paper2D/Content/PlaceholderTextures/DummySpriteTexture.ubulk" 531
"../../../Engine/Plugins/2D/Paper2D/Content/PlaceholderTextures/DummySpriteTexture.uasset" 532
"../../../Engine/Plugins/2D/Paper2D/Content/PlaceholderTextures/DummySpriteTexture.uexp" 533
"../../../Engine/Plugins/2D/Paper2D/Content/DefaultSpriteMaterial.uasset" 534
"../../../Engine/Plugins/2D/Paper2D/Content/DefaultSpriteMaterial.uexp" 535
"../../../Engine/Plugins/2D/Paper2D/Content/OpaqueUnlitSpriteMaterial.uasset" 536
"../../../Engine/Plugins/2D/Paper2D/Content/OpaqueUnlitSpriteMaterial.uexp" 537
"../../../Engine/Plugins/2D/Paper2D/Content/MaskedUnlitSpriteMaterial.uasset" 538
"../../../Engine/Plugins/2D/Paper2D/Content/MaskedUnlitSpriteMaterial.uexp" 539
"../../../Engine/Plugins/2D/Paper2D/Content/DummySprite.uasset" 540
"../../../Engine/Plugins/2D/Paper2D/Content/DummySprite.uexp" 541
"../../../Engine/Plugins/2D/Paper2D/Content/DefaultPaperTerrainMaterial.uasset" 542
"../../../Engine/Plugins/2D/Paper2D/Content/DefaultPaperTerrainMaterial.uexp" 543
"../../../Engine/Plugins/Interchange/Runtime/Content/Pipelines/DefaultAssetsPipeline.uasset" 544
"../../../Engine/Plugins/Interchange/Runtime/Content/Pipelines/DefaultAssetsPipeline.uexp" 545
"../../../Engine/Plugins/Animation/ControlRig/Content/M_Manip.uasset" 546
"../../../Engine/Plugins/Animation/ControlRig/Content/M_Manip.uexp" 547
"../../../Engine/Plugins/Animation/ControlRig/Content/Controls/DefaultGizmoLibraryNormalized.uasset" 548
"../../../Engine/Plugins/Animation/ControlRig/Content/Controls/DefaultGizmoLibraryNormalized.uexp" 549
"../../../Engine/Plugins/Animation/ControlRig/Content/Controls/ControlRig_Wedge_solid.ubulk" 550
"../../../Engine/Plugins/Animation/ControlRig/Content/Controls/ControlRig_Wedge_solid.uasset" 551
"../../../Engine/Plugins/Animation/ControlRig/Content/Controls/ControlRig_Wedge_solid.uexp" 552
"../../../Engine/Plugins/Animation/ControlRig/Content/Controls/ControlRig_Wedge_3mm.ubulk" 553
"../../../Engine/Plugins/Animation/ControlRig/Content/Controls/ControlRig_Wedge_3mm.uasset" 554
"../../../Engine/Plugins/Animation/ControlRig/Content/Controls/ControlRig_Wedge_3mm.uexp" 555
"../../../Engine/Plugins/Animation/ControlRig/Content/Controls/ControlRig_Wedge_1mm.ubulk" 556
"../../../Engine/Plugins/Animation/ControlRig/Content/Controls/ControlRig_Wedge_1mm.uasset" 557
"../../../Engine/Plugins/Animation/ControlRig/Content/Controls/ControlRig_Wedge_1mm.uexp" 558
"../../../Engine/Plugins/Animation/ControlRig/Content/Controls/ControlRig_Triangle_solid.ubulk" 559
"../../../Engine/Plugins/Animation/ControlRig/Content/Controls/ControlRig_Triangle_solid.uasset" 560
"../../../Engine/Plugins/Animation/ControlRig/Content/Controls/ControlRig_Triangle_solid.uexp" 561
"../../../Engine/Plugins/Animation/ControlRig/Content/Controls/ControlRig_Triangle_3mm.ubulk" 562
"../../../Engine/Plugins/Animation/ControlRig/Content/Controls/ControlRig_Triangle_3mm.uasset" 563
"../../../Engine/Plugins/Animation/ControlRig/Content/Controls/ControlRig_Triangle_3mm.uexp" 564
"../../../Engine/Plugins/Animation/ControlRig/Content/Controls/ControlRig_Triangle_1mm.ubulk" 565
"../../../Engine/Plugins/Animation/ControlRig/Content/Controls/ControlRig_Triangle_1mm.uasset" 566
"../../../Engine/Plugins/Animation/ControlRig/Content/Controls/ControlRig_Triangle_1mm.uexp" 567
"../../../Engine/Plugins/Animation/ControlRig/Content/Controls/ControlRig_Star4_solid.ubulk" 568
"../../../Engine/Plugins/Animation/ControlRig/Content/Controls/ControlRig_Star4_solid.uasset" 569
"../../../Engine/Plugins/Animation/ControlRig/Content/Controls/ControlRig_Star4_solid.uexp" 570
"../../../Engine/Plugins/Animation/ControlRig/Content/Controls/ControlRig_Star4_3mm.ubulk" 571
"../../../Engine/Plugins/Animation/ControlRig/Content/Controls/ControlRig_Star4_3mm.uasset" 572
"../../../Engine/Plugins/Animation/ControlRig/Content/Controls/ControlRig_Star4_3mm.uexp" 573
"../../../Engine/Plugins/Animation/ControlRig/Content/Controls/ControlRig_Star4_1mm.ubulk" 574
"../../../Engine/Plugins/Animation/ControlRig/Content/Controls/ControlRig_Star4_1mm.uasset" 575
"../../../Engine/Plugins/Animation/ControlRig/Content/Controls/ControlRig_Star4_1mm.uexp" 576
"../../../Engine/Plugins/Animation/ControlRig/Content/Controls/ControlRig_Square_solid.ubulk" 577
"../../../Engine/Plugins/Animation/ControlRig/Content/Controls/ControlRig_Square_solid.uasset" 578
"../../../Engine/Plugins/Animation/ControlRig/Content/Controls/ControlRig_Square_solid.uexp" 579
"../../../Engine/Plugins/Animation/ControlRig/Content/Controls/ControlRig_Square_3mm.ubulk" 580
"../../../Engine/Plugins/Animation/ControlRig/Content/Controls/ControlRig_Square_3mm.uasset" 581
"../../../Engine/Plugins/Animation/ControlRig/Content/Controls/ControlRig_Square_3mm.uexp" 582
"../../../Engine/Plugins/Animation/ControlRig/Content/Controls/ControlRig_Square_1mm.ubulk" 583
"../../../Engine/Plugins/Animation/ControlRig/Content/Controls/ControlRig_Square_1mm.uasset" 584
"../../../Engine/Plugins/Animation/ControlRig/Content/Controls/ControlRig_Square_1mm.uexp" 585
"../../../Engine/Plugins/Animation/ControlRig/Content/Controls/ControlRig_Sphere_solid.ubulk" 586
"../../../Engine/Plugins/Animation/ControlRig/Content/Controls/ControlRig_Sphere_solid.uasset" 587
"../../../Engine/Plugins/Animation/ControlRig/Content/Controls/ControlRig_Sphere_solid.uexp" 588
"../../../Engine/Plugins/Animation/ControlRig/Content/Controls/ControlRig_Sphere_3mm.ubulk" 589
"../../../Engine/Plugins/Animation/ControlRig/Content/Controls/ControlRig_Sphere_3mm.uasset" 590
"../../../Engine/Plugins/Animation/ControlRig/Content/Controls/ControlRig_Sphere_3mm.uexp" 591
"../../../Engine/Plugins/Animation/ControlRig/Content/Controls/ControlRig_Sphere_1mm.ubulk" 592
"../../../Engine/Plugins/Animation/ControlRig/Content/Controls/ControlRig_Sphere_1mm.uasset" 593
"../../../Engine/Plugins/Animation/ControlRig/Content/Controls/ControlRig_Sphere_1mm.uexp" 594
"../../../Engine/Plugins/Animation/ControlRig/Content/Controls/ControlRig_RoundedTriangle_solid.ubulk" 595
"../../../Engine/Plugins/Animation/ControlRig/Content/Controls/ControlRig_RoundedTriangle_solid.uasset" 596
"../../../Engine/Plugins/Animation/ControlRig/Content/Controls/ControlRig_RoundedTriangle_solid.uexp" 597
"../../../Engine/Plugins/Animation/ControlRig/Content/Controls/ControlRig_RoundedTriangle_3mm.ubulk" 598
"../../../Engine/Plugins/Animation/ControlRig/Content/Controls/ControlRig_RoundedTriangle_3mm.uasset" 599
"../../../Engine/Plugins/Animation/ControlRig/Content/Controls/ControlRig_RoundedTriangle_3mm.uexp" 600
"../../../Engine/Plugins/Animation/ControlRig/Content/Controls/ControlRig_RoundedTriangle_1mm.ubulk" 601
"../../../Engine/Plugins/Animation/ControlRig/Content/Controls/ControlRig_RoundedTriangle_1mm.uasset" 602
"../../../Engine/Plugins/Animation/ControlRig/Content/Controls/ControlRig_RoundedTriangle_1mm.uexp" 603
"../../../Engine/Plugins/Animation/ControlRig/Content/Controls/ControlRig_RoundedSquare_solid.ubulk" 604
"../../../Engine/Plugins/Animation/ControlRig/Content/Controls/ControlRig_RoundedSquare_solid.uasset" 605
"../../../Engine/Plugins/Animation/ControlRig/Content/Controls/ControlRig_RoundedSquare_solid.uexp" 606
"../../../Engine/Plugins/Animation/ControlRig/Content/Controls/ControlRig_RoundedSquare_3mm.ubulk" 607
"../../../Engine/Plugins/Animation/ControlRig/Content/Controls/ControlRig_RoundedSquare_3mm.uasset" 608
"../../../Engine/Plugins/Animation/ControlRig/Content/Controls/ControlRig_RoundedSquare_3mm.uexp" 609
"../../../Engine/Plugins/Animation/ControlRig/Content/Controls/ControlRig_RoundedSquare_1mm.ubulk" 610
"../../../Engine/Plugins/Animation/ControlRig/Content/Controls/ControlRig_RoundedSquare_1mm.uasset" 611
"../../../Engine/Plugins/Animation/ControlRig/Content/Controls/ControlRig_RoundedSquare_1mm.uexp" 612
"../../../Engine/Plugins/Animation/ControlRig/Content/Controls/ControlRig_QuarterCircle_solid.ubulk" 613
"../../../Engine/Plugins/Animation/ControlRig/Content/Controls/ControlRig_QuarterCircle_solid.uasset" 614
"../../../Engine/Plugins/Animation/ControlRig/Content/Controls/ControlRig_QuarterCircle_solid.uexp" 615
"../../../Engine/Plugins/Animation/ControlRig/Content/Controls/ControlRig_QuarterCircle_3mm.ubulk" 616
"../../../Engine/Plugins/Animation/ControlRig/Content/Controls/ControlRig_QuarterCircle_3mm.uasset" 617
"../../../Engine/Plugins/Animation/ControlRig/Content/Controls/ControlRig_QuarterCircle_3mm.uexp" 618
"../../../Engine/Plugins/Animation/ControlRig/Content/Controls/ControlRig_QuarterCircle_1mm.ubulk" 619
"../../../Engine/Plugins/Animation/ControlRig/Content/Controls/ControlRig_QuarterCircle_1mm.uasset" 620
"../../../Engine/Plugins/Animation/ControlRig/Content/Controls/ControlRig_QuarterCircle_1mm.uexp" 621
"../../../Engine/Plugins/Animation/ControlRig/Content/Controls/ControlRig_Pyramid_solid.ubulk" 622
"../../../Engine/Plugins/Animation/ControlRig/Content/Controls/ControlRig_Pyramid_solid.uasset" 623
"../../../Engine/Plugins/Animation/ControlRig/Content/Controls/ControlRig_Pyramid_solid.uexp" 624
"../../../Engine/Plugins/Animation/ControlRig/Content/Controls/ControlRig_Pyramid_3mm.ubulk" 625
"../../../Engine/Plugins/Animation/ControlRig/Content/Controls/ControlRig_Pyramid_3mm.uasset" 626
"../../../Engine/Plugins/Animation/ControlRig/Content/Controls/ControlRig_Pyramid_3mm.uexp" 627
"../../../Engine/Plugins/Animation/ControlRig/Content/Controls/ControlRig_Pyramid_1mm.ubulk" 628
"../../../Engine/Plugins/Animation/ControlRig/Content/Controls/ControlRig_Pyramid_1mm.uasset" 629
"../../../Engine/Plugins/Animation/ControlRig/Content/Controls/ControlRig_Pyramid_1mm.uexp" 630
"../../../Engine/Plugins/Animation/ControlRig/Content/Controls/ControlRig_Octagon_solid.ubulk" 631
"../../../Engine/Plugins/Animation/ControlRig/Content/Controls/ControlRig_Octagon_solid.uasset" 632
"../../../Engine/Plugins/Animation/ControlRig/Content/Controls/ControlRig_Octagon_solid.uexp" 633
"../../../Engine/Plugins/Animation/ControlRig/Content/Controls/ControlRig_Octagon_3mm.ubulk" 634
"../../../Engine/Plugins/Animation/ControlRig/Content/Controls/ControlRig_Octagon_3mm.uasset" 635
"../../../Engine/Plugins/Animation/ControlRig/Content/Controls/ControlRig_Octagon_3mm.uexp" 636
"../../../Engine/Plugins/Animation/ControlRig/Content/Controls/ControlRig_Octagon_1mm.ubulk" 637
"../../../Engine/Plugins/Animation/ControlRig/Content/Controls/ControlRig_Octagon_1mm.uasset" 638
"../../../Engine/Plugins/Animation/ControlRig/Content/Controls/ControlRig_Octagon_1mm.uexp" 639
"../../../Engine/Plugins/Animation/ControlRig/Content/Controls/ControlRig_Hexagon_solid.ubulk" 640
"../../../Engine/Plugins/Animation/ControlRig/Content/Controls/ControlRig_Hexagon_solid.uasset" 641
"../../../Engine/Plugins/Animation/ControlRig/Content/Controls/ControlRig_Hexagon_solid.uexp" 642
"../../../Engine/Plugins/Animation/ControlRig/Content/Controls/ControlRig_Hexagon_3mm.ubulk" 643
"../../../Engine/Plugins/Animation/ControlRig/Content/Controls/ControlRig_Hexagon_3mm.uasset" 644
"../../../Engine/Plugins/Animation/ControlRig/Content/Controls/ControlRig_Hexagon_3mm.uexp" 645
"../../../Engine/Plugins/Animation/ControlRig/Content/Controls/ControlRig_Hexagon_1mm.ubulk" 646
"../../../Engine/Plugins/Animation/ControlRig/Content/Controls/ControlRig_Hexagon_1mm.uasset" 647
"../../../Engine/Plugins/Animation/ControlRig/Content/Controls/ControlRig_Hexagon_1mm.uexp" 648
"../../../Engine/Plugins/Animation/ControlRig/Content/Controls/ControlRig_HalfCircle_solid.ubulk" 649
"../../../Engine/Plugins/Animation/ControlRig/Content/Controls/ControlRig_HalfCircle_solid.uasset" 650
"../../../Engine/Plugins/Animation/ControlRig/Content/Controls/ControlRig_HalfCircle_solid.uexp" 651
"../../../Engine/Plugins/Animation/ControlRig/Content/Controls/ControlRig_HalfCircle_3mm.ubulk" 652
"../../../Engine/Plugins/Animation/ControlRig/Content/Controls/ControlRig_HalfCircle_3mm.uasset" 653
"../../../Engine/Plugins/Animation/ControlRig/Content/Controls/ControlRig_HalfCircle_3mm.uexp" 654
"../../../Engine/Plugins/Animation/ControlRig/Content/Controls/ControlRig_HalfCircle_1mm.ubulk" 655
"../../../Engine/Plugins/Animation/ControlRig/Content/Controls/ControlRig_HalfCircle_1mm.uasset" 656
"../../../Engine/Plugins/Animation/ControlRig/Content/Controls/ControlRig_HalfCircle_1mm.uexp" 657
"../../../Engine/Plugins/Animation/ControlRig/Content/Controls/ControlRig_Diamond_solid.ubulk" 658
"../../../Engine/Plugins/Animation/ControlRig/Content/Controls/ControlRig_Diamond_solid.uasset" 659
"../../../Engine/Plugins/Animation/ControlRig/Content/Controls/ControlRig_Diamond_solid.uexp" 660
"../../../Engine/Plugins/Animation/ControlRig/Content/Controls/ControlRig_Diamond_3mm.ubulk" 661
"../../../Engine/Plugins/Animation/ControlRig/Content/Controls/ControlRig_Diamond_3mm.uasset" 662
"../../../Engine/Plugins/Animation/ControlRig/Content/Controls/ControlRig_Diamond_3mm.uexp" 663
"../../../Engine/Plugins/Animation/ControlRig/Content/Controls/ControlRig_Diamond_1mm.ubulk" 664
"../../../Engine/Plugins/Animation/ControlRig/Content/Controls/ControlRig_Diamond_1mm.uasset" 665
"../../../Engine/Plugins/Animation/ControlRig/Content/Controls/ControlRig_Diamond_1mm.uexp" 666
"../../../Engine/Plugins/Animation/ControlRig/Content/Controls/ControlRig_Circle_solid.ubulk" 667
"../../../Engine/Plugins/Animation/ControlRig/Content/Controls/ControlRig_Circle_solid.uasset" 668
"../../../Engine/Plugins/Animation/ControlRig/Content/Controls/ControlRig_Circle_solid.uexp" 669
"../../../Engine/Plugins/Animation/ControlRig/Content/Controls/ControlRig_Circle_3mm.ubulk" 670
"../../../Engine/Plugins/Animation/ControlRig/Content/Controls/ControlRig_Circle_3mm.uasset" 671
"../../../Engine/Plugins/Animation/ControlRig/Content/Controls/ControlRig_Circle_3mm.uexp" 672
"../../../Engine/Plugins/Animation/ControlRig/Content/Controls/ControlRig_Circle_1mm.ubulk" 673
"../../../Engine/Plugins/Animation/ControlRig/Content/Controls/ControlRig_Circle_1mm.uasset" 674
"../../../Engine/Plugins/Animation/ControlRig/Content/Controls/ControlRig_Circle_1mm.uexp" 675
"../../../Engine/Plugins/Animation/ControlRig/Content/Controls/ControlRig_Box_solid.ubulk" 676
"../../../Engine/Plugins/Animation/ControlRig/Content/Controls/ControlRig_Box_solid.uasset" 677
"../../../Engine/Plugins/Animation/ControlRig/Content/Controls/ControlRig_Box_solid.uexp" 678
"../../../Engine/Plugins/Animation/ControlRig/Content/Controls/ControlRig_Box_3mm.ubulk" 679
"../../../Engine/Plugins/Animation/ControlRig/Content/Controls/ControlRig_Box_3mm.uasset" 680
"../../../Engine/Plugins/Animation/ControlRig/Content/Controls/ControlRig_Box_3mm.uexp" 681
"../../../Engine/Plugins/Animation/ControlRig/Content/Controls/ControlRig_Box_1mm.ubulk" 682
"../../../Engine/Plugins/Animation/ControlRig/Content/Controls/ControlRig_Box_1mm.uasset" 683
"../../../Engine/Plugins/Animation/ControlRig/Content/Controls/ControlRig_Box_1mm.uexp" 684
"../../../Engine/Plugins/Animation/ControlRig/Content/Controls/ControlRig_Arrow_solid.ubulk" 685
"../../../Engine/Plugins/Animation/ControlRig/Content/Controls/ControlRig_Arrow_solid.uasset" 686
"../../../Engine/Plugins/Animation/ControlRig/Content/Controls/ControlRig_Arrow_solid.uexp" 687
"../../../Engine/Plugins/Animation/ControlRig/Content/Controls/ControlRig_Arrow_3mm.ubulk" 688
"../../../Engine/Plugins/Animation/ControlRig/Content/Controls/ControlRig_Arrow_3mm.uasset" 689
"../../../Engine/Plugins/Animation/ControlRig/Content/Controls/ControlRig_Arrow_3mm.uexp" 690
"../../../Engine/Plugins/Animation/ControlRig/Content/Controls/ControlRig_Arrow_1mm.ubulk" 691
"../../../Engine/Plugins/Animation/ControlRig/Content/Controls/ControlRig_Arrow_1mm.uasset" 692
"../../../Engine/Plugins/Animation/ControlRig/Content/Controls/ControlRig_Arrow_1mm.uexp" 693
"../../../Engine/Plugins/Animation/ControlRig/Content/Controls/ControlRig_Arrow4_solid.ubulk" 694
"../../../Engine/Plugins/Animation/ControlRig/Content/Controls/ControlRig_Arrow4_solid.uasset" 695
"../../../Engine/Plugins/Animation/ControlRig/Content/Controls/ControlRig_Arrow4_solid.uexp" 696
"../../../Engine/Plugins/Animation/ControlRig/Content/Controls/ControlRig_Arrow4_3mm.ubulk" 697
"../../../Engine/Plugins/Animation/ControlRig/Content/Controls/ControlRig_Arrow4_3mm.uasset" 698
"../../../Engine/Plugins/Animation/ControlRig/Content/Controls/ControlRig_Arrow4_3mm.uexp" 699
"../../../Engine/Plugins/Animation/ControlRig/Content/Controls/ControlRig_Arrow4_1mm.ubulk" 700
"../../../Engine/Plugins/Animation/ControlRig/Content/Controls/ControlRig_Arrow4_1mm.uasset" 701
"../../../Engine/Plugins/Animation/ControlRig/Content/Controls/ControlRig_Arrow4_1mm.uexp" 702
"../../../Engine/Plugins/Animation/ControlRig/Content/Controls/ControlRig_Arrow2_solid.ubulk" 703
"../../../Engine/Plugins/Animation/ControlRig/Content/Controls/ControlRig_Arrow2_solid.uasset" 704
"../../../Engine/Plugins/Animation/ControlRig/Content/Controls/ControlRig_Arrow2_solid.uexp" 705
"../../../Engine/Plugins/Animation/ControlRig/Content/Controls/ControlRig_Arrow2_3mm.ubulk" 706
"../../../Engine/Plugins/Animation/ControlRig/Content/Controls/ControlRig_Arrow2_3mm.uasset" 707
"../../../Engine/Plugins/Animation/ControlRig/Content/Controls/ControlRig_Arrow2_3mm.uexp" 708
"../../../Engine/Plugins/Animation/ControlRig/Content/Controls/ControlRig_Arrow2_1mm.ubulk" 709
"../../../Engine/Plugins/Animation/ControlRig/Content/Controls/ControlRig_Arrow2_1mm.uasset" 710
"../../../Engine/Plugins/Animation/ControlRig/Content/Controls/ControlRig_Arrow2_1mm.uexp" 711
"../../../Engine/Plugins/Animation/ControlRig/Content/Controls/ControlRigXRayMaterial.uasset" 712
"../../../Engine/Plugins/Animation/ControlRig/Content/Controls/ControlRigXRayMaterial.uexp" 713
"../../../Engine/Plugins/Animation/ControlRig/Content/Controls/ControlRigGizmoMaterial.uasset" 714
"../../../Engine/Plugins/Animation/ControlRig/Content/Controls/ControlRigGizmoMaterial.uexp" 715
"../../../Engine/Plugins/Editor/SpeedTreeImporter/Content/SpeedTree9/game_wind_noise.ubulk" 716
"../../../Engine/Plugins/Editor/SpeedTreeImporter/Content/SpeedTree9/game_wind_noise.uasset" 717
"../../../Engine/Plugins/Editor/SpeedTreeImporter/Content/SpeedTree9/game_wind_noise.uexp" 718
"../../../Engine/Plugins/Editor/SpeedTreeImporter/Content/SpeedTree9/UnpackDirection.uasset" 719
"../../../Engine/Plugins/Editor/SpeedTreeImporter/Content/SpeedTree9/UnpackDirection.uexp" 720
"../../../Engine/Content/Functions/Engine_MaterialFunctions02/ObjectLocalBounds.uasset" 721
"../../../Engine/Content/Functions/Engine_MaterialFunctions02/ObjectLocalBounds.uexp" 722
"../../../Engine/Content/Functions/Engine_MaterialFunctions02/UVs/BoundingBoxBased_0-1_UVW.uasset" 723
"../../../Engine/Content/Functions/Engine_MaterialFunctions02/UVs/BoundingBoxBased_0-1_UVW.uexp" 724
"../../../Engine/Content/Functions/Engine_MaterialFunctions02/Utility/VectorLength.uasset" 725
"../../../Engine/Content/Functions/Engine_MaterialFunctions02/Utility/VectorLength.uexp" 726
"../../../Engine/Plugins/Editor/SpeedTreeImporter/Content/SpeedTree9/UnpackInteger3.uasset" 727
"../../../Engine/Plugins/Editor/SpeedTreeImporter/Content/SpeedTree9/UnpackInteger3.uexp" 728
"../../../Engine/Plugins/Editor/SpeedTreeImporter/Content/SpeedTree9/SpeedTreeCameraFacing.uasset" 729
"../../../Engine/Plugins/Editor/SpeedTreeImporter/Content/SpeedTree9/SpeedTreeCameraFacing.uexp" 730
"../../../Engine/Content/Functions/Engine_MaterialFunctions02/WorldPositionOffset/ObjectScale.uasset" 731
"../../../Engine/Content/Functions/Engine_MaterialFunctions02/WorldPositionOffset/ObjectScale.uexp" 732
"../../../Engine/Content/Functions/Engine_MaterialFunctions02/SafeNormalize.uasset" 733
"../../../Engine/Content/Functions/Engine_MaterialFunctions02/SafeNormalize.uexp" 734
"../../../Engine/Plugins/Editor/SpeedTreeImporter/Content/SpeedTree9/SpeedTreeWindMotion.uasset" 735
"../../../Engine/Plugins/Editor/SpeedTreeImporter/Content/SpeedTree9/SpeedTreeWindMotion.uexp" 736
"../../../Engine/Plugins/Editor/SpeedTreeImporter/Content/SpeedTree9/SpeedTreeBranchMotion.uasset" 737
"../../../Engine/Plugins/Editor/SpeedTreeImporter/Content/SpeedTree9/SpeedTreeBranchMotion.uexp" 738
"../../../Engine/Plugins/Editor/SpeedTreeImporter/Content/SpeedTree9/SpeedTreeWind.uasset" 739
"../../../Engine/Plugins/Editor/SpeedTreeImporter/Content/SpeedTree9/SpeedTreeWind.uexp" 740
"../../../Engine/Plugins/Editor/SpeedTreeImporter/Content/SpeedTree9/EmptyNormal.uasset" 741
"../../../Engine/Plugins/Editor/SpeedTreeImporter/Content/SpeedTree9/EmptyNormal.uexp" 742
"../../../Engine/Plugins/Editor/SpeedTreeImporter/Content/SpeedTree9/Empty.uasset" 743
"../../../Engine/Plugins/Editor/SpeedTreeImporter/Content/SpeedTree9/Empty.uexp" 744
"../../../Engine/Plugins/Editor/SpeedTreeImporter/Content/SpeedTree9/SpeedTreeMaster.uasset" 745
"../../../Engine/Plugins/Editor/SpeedTreeImporter/Content/SpeedTree9/SpeedTreeMaster.uexp" 746
"../../../Engine/Plugins/Editor/SpeedTreeImporter/Content/SpeedTree9/SpeedTreeBillboard.uasset" 747
"../../../Engine/Plugins/Editor/SpeedTreeImporter/Content/SpeedTree9/SpeedTreeBillboard.uexp" 748
"../../../Engine/Plugins/Editor/SpeedTreeImporter/Content/SpeedTree9/SpeedTreeBillboardMaster.uasset" 749
"../../../Engine/Plugins/Editor/SpeedTreeImporter/Content/SpeedTree9/SpeedTreeBillboardMaster.uexp" 750
"../../../Engine/Plugins/Interchange/Runtime/Content/Pipelines/DefaultTexturePipeline.uasset" 751
"../../../Engine/Plugins/Interchange/Runtime/Content/Pipelines/DefaultTexturePipeline.uexp" 752
"../../../Engine/Plugins/Interchange/Runtime/Content/Materials/ClearCoatMaterial.uasset" 753
"../../../Engine/Plugins/Interchange/Runtime/Content/Materials/ClearCoatMaterial.uexp" 754
"../../../Engine/Content/Functions/Engine_MaterialFunctions02/Texturing/ScreenAlignedPixelToPixelUVs.uasset" 755
"../../../Engine/Content/Functions/Engine_MaterialFunctions02/Texturing/ScreenAlignedPixelToPixelUVs.uexp" 756
"../../../Engine/Plugins/Interchange/Runtime/Content/Utilities/T_Bayer64_Grayscale_64px.uasset" 757
"../../../Engine/Plugins/Interchange/Runtime/Content/Utilities/T_Bayer64_Grayscale_64px.uexp" 758
"../../../Engine/Plugins/Interchange/Runtime/Content/gltf/MaterialFunctions/MF_Temporal_Blur.uasset" 759
"../../../Engine/Plugins/Interchange/Runtime/Content/gltf/MaterialFunctions/MF_Temporal_Blur.uexp" 760
"../../../Engine/Plugins/Interchange/Runtime/Content/gltf/MaterialFunctions/MF_Fresnel_DS.uasset" 761
"../../../Engine/Plugins/Interchange/Runtime/Content/gltf/MaterialFunctions/MF_Fresnel_DS.uexp" 762
"../../../Engine/Plugins/Interchange/Runtime/Content/Functions/MX_Transmission.uasset" 763
"../../../Engine/Plugins/Interchange/Runtime/Content/Functions/MX_Transmission.uexp" 764
"../../../Engine/Plugins/Interchange/Runtime/Content/Functions/MX_StandardSurface.uasset" 765
"../../../Engine/Plugins/Interchange/Runtime/Content/Functions/MX_StandardSurface.uexp" 766
"../../../Engine/Plugins/Interchange/Runtime/Content/Functions/MX_TransmissionSurface.uasset" 767
"../../../Engine/Plugins/Interchange/Runtime/Content/Functions/MX_TransmissionSurface.uexp" 768
"../../../Engine/Content/Functions/Engine_MaterialFunctions02/WorldPositionOffset/V2/ObjectScale.uasset" 769
"../../../Engine/Content/Functions/Engine_MaterialFunctions02/WorldPositionOffset/V2/ObjectScale.uexp" 770
"../../../Engine/Plugins/Interchange/Runtime/Content/gltf/MaterialFunctions/MF_TransmissionOpacity.uasset" 771
"../../../Engine/Plugins/Interchange/Runtime/Content/gltf/MaterialFunctions/MF_TransmissionOpacity.uexp" 772
"../../../Engine/Plugins/Interchange/Runtime/Content/gltf/MaterialFunctions/MF_Transmission.uasset" 773
"../../../Engine/Plugins/Interchange/Runtime/Content/gltf/MaterialFunctions/MF_Transmission.uexp" 774
"../../../Engine/Plugins/Interchange/Runtime/Content/gltf/M_Transmission.uasset" 775
"../../../Engine/Plugins/Interchange/Runtime/Content/gltf/M_Transmission.uexp" 776
"../../../Engine/Plugins/Interchange/Runtime/Content/gltf/MaterialInstances_MR/MI_Transmission_TS.uasset" 777
"../../../Engine/Plugins/Interchange/Runtime/Content/gltf/MaterialInstances_MR/MI_Transmission_TS.uexp" 778
"../../../Engine/Plugins/Interchange/Runtime/Content/gltf/MaterialInstances_MR/MI_Transmission.uasset" 779
"../../../Engine/Plugins/Interchange/Runtime/Content/gltf/MaterialInstances_MR/MI_Transmission.uexp" 780
"../../../Engine/Plugins/Interchange/Runtime/Content/gltf/M_Translucent.uasset" 781
"../../../Engine/Plugins/Interchange/Runtime/Content/gltf/M_Translucent.uexp" 782
"../../../Engine/Plugins/Interchange/Runtime/Content/gltf/MaterialInstances_MR/MI_Translucent_TS.uasset" 783
"../../../Engine/Plugins/Interchange/Runtime/Content/gltf/MaterialInstances_MR/MI_Translucent_TS.uexp" 784
"../../../Engine/Plugins/Interchange/Runtime/Content/gltf/MaterialInstances_MR/MI_Translucent_ClearCoat_TS.uasset" 785
"../../../Engine/Plugins/Interchange/Runtime/Content/gltf/MaterialInstances_MR/MI_Translucent_ClearCoat_TS.uexp" 786
"../../../Engine/Plugins/Interchange/Runtime/Content/gltf/MaterialInstances_MR/MI_Translucent_ClearCoat.uasset" 787
"../../../Engine/Plugins/Interchange/Runtime/Content/gltf/MaterialInstances_MR/MI_Translucent_ClearCoat.uexp" 788
"../../../Engine/Plugins/Interchange/Runtime/Content/gltf/MaterialInstances_MR/MI_Translucent.uasset" 789
"../../../Engine/Plugins/Interchange/Runtime/Content/gltf/MaterialInstances_MR/MI_Translucent.uexp" 790
"../../../Engine/Plugins/Interchange/Runtime/Content/gltf/M_Unlit.uasset" 791
"../../../Engine/Plugins/Interchange/Runtime/Content/gltf/M_Unlit.uexp" 792
"../../../Engine/Plugins/Interchange/Runtime/Content/gltf/MaterialInstances_MR/MI_Opaque_Unlit_TS.uasset" 793
"../../../Engine/Plugins/Interchange/Runtime/Content/gltf/MaterialInstances_MR/MI_Opaque_Unlit_TS.uexp" 794
"../../../Engine/Plugins/Interchange/Runtime/Content/gltf/MaterialInstances_MR/MI_Opaque_Unlit.uasset" 795
"../../../Engine/Plugins/Interchange/Runtime/Content/gltf/MaterialInstances_MR/MI_Opaque_Unlit.uexp" 796
"../../../Engine/Plugins/Interchange/Runtime/Content/gltf/MaterialInstances_MR/MI_Opaque_TS.uasset" 797
"../../../Engine/Plugins/Interchange/Runtime/Content/gltf/MaterialInstances_MR/MI_Opaque_TS.uexp" 798
"../../../Engine/Plugins/Interchange/Runtime/Content/gltf/MaterialFunctions/MF_Sheen.uasset" 799
"../../../Engine/Plugins/Interchange/Runtime/Content/gltf/MaterialFunctions/MF_Sheen.uexp" 800
"../../../Engine/Content/Functions/Engine_MaterialFunctions01/Shading/FuzzyShading.uasset" 801
"../../../Engine/Content/Functions/Engine_MaterialFunctions01/Shading/FuzzyShading.uexp" 802
"../../../Engine/Plugins/Interchange/Runtime/Content/gltf/M_Sheen.uasset" 803
"../../../Engine/Plugins/Interchange/Runtime/Content/gltf/M_Sheen.uexp" 804
"../../../Engine/Plugins/Interchange/Runtime/Content/gltf/MaterialInstances_MR/MI_Opaque_Sheen_TS.uasset" 805
"../../../Engine/Plugins/Interchange/Runtime/Content/gltf/MaterialInstances_MR/MI_Opaque_Sheen_TS.uexp" 806
"../../../Engine/Plugins/Interchange/Runtime/Content/gltf/MaterialInstances_MR/MI_Opaque_Sheen.uasset" 807
"../../../Engine/Plugins/Interchange/Runtime/Content/gltf/MaterialInstances_MR/MI_Opaque_Sheen.uexp" 808
"../../../Engine/Plugins/Interchange/Runtime/Content/gltf/MaterialInstances_MR/MI_Opaque_ClearCoat_TS.uasset" 809
"../../../Engine/Plugins/Interchange/Runtime/Content/gltf/MaterialInstances_MR/MI_Opaque_ClearCoat_TS.uexp" 810
"../../../Engine/Plugins/Interchange/Runtime/Content/gltf/MaterialInstances_MR/MI_Opaque_ClearCoat.uasset" 811
"../../../Engine/Plugins/Interchange/Runtime/Content/gltf/MaterialInstances_MR/MI_Opaque_ClearCoat.uexp" 812
"../../../Engine/Plugins/Interchange/Runtime/Content/gltf/MaterialInstances_MR/MI_Opaque.uasset" 813
"../../../Engine/Plugins/Interchange/Runtime/Content/gltf/MaterialInstances_MR/MI_Opaque.uexp" 814
"../../../Engine/Plugins/Interchange/Runtime/Content/gltf/MaterialInstances_SG/MI_Transmission_TS.uasset" 815
"../../../Engine/Plugins/Interchange/Runtime/Content/gltf/MaterialInstances_SG/MI_Transmission_TS.uexp" 816
"../../../Engine/Plugins/Interchange/Runtime/Content/gltf/MaterialInstances_SG/MI_Transmission.uasset" 817
"../../../Engine/Plugins/Interchange/Runtime/Content/gltf/MaterialInstances_SG/MI_Transmission.uexp" 818
"../../../Engine/Plugins/Interchange/Runtime/Content/gltf/MaterialInstances_SG/MI_Translucent_TS.uasset" 819
"../../../Engine/Plugins/Interchange/Runtime/Content/gltf/MaterialInstances_SG/MI_Translucent_TS.uexp" 820
"../../../Engine/Plugins/Interchange/Runtime/Content/gltf/MaterialInstances_SG/MI_Translucent_ClearCoat_TS.uasset" 821
"../../../Engine/Plugins/Interchange/Runtime/Content/gltf/MaterialInstances_SG/MI_Translucent_ClearCoat_TS.uexp" 822
"../../../Engine/Plugins/Interchange/Runtime/Content/gltf/MaterialInstances_SG/MI_Translucent_ClearCoat.uasset" 823
"../../../Engine/Plugins/Interchange/Runtime/Content/gltf/MaterialInstances_SG/MI_Translucent_ClearCoat.uexp" 824
"../../../Engine/Plugins/Interchange/Runtime/Content/gltf/MaterialInstances_SG/MI_Translucent.uasset" 825
"../../../Engine/Plugins/Interchange/Runtime/Content/gltf/MaterialInstances_SG/MI_Translucent.uexp" 826
"../../../Engine/Plugins/Interchange/Runtime/Content/gltf/MaterialInstances_SG/MI_Opaque_TS.uasset" 827
"../../../Engine/Plugins/Interchange/Runtime/Content/gltf/MaterialInstances_SG/MI_Opaque_TS.uexp" 828
"../../../Engine/Plugins/Interchange/Runtime/Content/gltf/MaterialInstances_SG/MI_Opaque_Sheen_TS.uasset" 829
"../../../Engine/Plugins/Interchange/Runtime/Content/gltf/MaterialInstances_SG/MI_Opaque_Sheen_TS.uexp" 830
"../../../Engine/Plugins/Interchange/Runtime/Content/gltf/MaterialInstances_SG/MI_Opaque_Sheen.uasset" 831
"../../../Engine/Plugins/Interchange/Runtime/Content/gltf/MaterialInstances_SG/MI_Opaque_Sheen.uexp" 832
"F:/AI Wellness Home/AI_Wellness_Home/Content/Assets/UMG/2Dtxetur/logo.uasset" 833
"F:/AI Wellness Home/AI_Wellness_Home/Content/Assets/UMG/2Dtxetur/logo.uexp" 834
"F:/AI Wellness Home/AI_Wellness_Home/Content/Assets/UMG/2Dtxetur/UI.uasset" 835
"F:/AI Wellness Home/AI_Wellness_Home/Content/Assets/UMG/2Dtxetur/UI.uexp" 836
"F:/AI Wellness Home/AI_Wellness_Home/Content/Assets/UMG/SingupUI.uasset" 837
"F:/AI Wellness Home/AI_Wellness_Home/Content/Assets/UMG/SingupUI.uexp" 838
"F:/AI Wellness Home/AI_Wellness_Home/Content/Assets/Maps/Singup.uexp" 839
"F:/AI Wellness Home/AI_Wellness_Home/Content/Assets/Maps/Singup.umap" 840
"F:/AI Wellness Home/AI_Wellness_Home/Plugins/Maple_FastSetting/Content/UMG/Button/USC_Button.uasset" 841
"F:/AI Wellness Home/AI_Wellness_Home/Plugins/Maple_FastSetting/Content/UMG/Button/USC_Button.uexp" 842
"F:/AI Wellness Home/AI_Wellness_Home/Plugins/Maple_FastSetting/Content/FastSave/Save_FastSave.uasset" 843
"F:/AI Wellness Home/AI_Wellness_Home/Plugins/Maple_FastSetting/Content/FastSave/Save_FastSave.uexp" 844
"../../../Engine/Content/EditorBlueprintResources/StandardMacros.uasset" 845
"../../../Engine/Content/EditorBlueprintResources/StandardMacros.uexp" 846
"F:/AI Wellness Home/AI_Wellness_Home/Plugins/Maple_FastSetting/Content/FastSave/ACom_FastSaveManage.uasset" 847
"F:/AI Wellness Home/AI_Wellness_Home/Plugins/Maple_FastSetting/Content/FastSave/ACom_FastSaveManage.uexp" 848
"F:/AI Wellness Home/AI_Wellness_Home/Plugins/Maple_FastSetting/Content/FastSave/FUNL_FastSave.uasset" 849
"F:/AI Wellness Home/AI_Wellness_Home/Plugins/Maple_FastSetting/Content/FastSave/FUNL_FastSave.uexp" 850
"F:/AI Wellness Home/AI_Wellness_Home/Plugins/Maple_FastSetting/Content/Library/FUNL_FastSetting.uasset" 851
"F:/AI Wellness Home/AI_Wellness_Home/Plugins/Maple_FastSetting/Content/Library/FUNL_FastSetting.uexp" 852
"F:/AI Wellness Home/AI_Wellness_Home/Plugins/Maple_FastSetting/Content/UMG/Button/USC_Button_Standard.uasset" 853
"F:/AI Wellness Home/AI_Wellness_Home/Plugins/Maple_FastSetting/Content/UMG/Button/USC_Button_Standard.uexp" 854
"F:/AI Wellness Home/AI_Wellness_Home/Content/Assets/UMG/UMG_Item_Room.uasset" 855
"F:/AI Wellness Home/AI_Wellness_Home/Content/Assets/UMG/UMG_Item_Room.uexp" 856
"F:/AI Wellness Home/AI_Wellness_Home/Content/Assets/Gameplay/GI_Main.uasset" 857
"F:/AI Wellness Home/AI_Wellness_Home/Content/Assets/Gameplay/GI_Main.uexp" 858
"F:/AI Wellness Home/AI_Wellness_Home/Plugins/Maple_FastSetting/Content/UMG/Loading/UMG_Loading_Base.uasset" 859
"F:/AI Wellness Home/AI_Wellness_Home/Plugins/Maple_FastSetting/Content/UMG/Loading/UMG_Loading_Base.uexp" 860
"F:/AI Wellness Home/AI_Wellness_Home/Plugins/Maple_FastSetting/Content/UMG/Loading/UMG_Loading_OnlyText.uasset" 861
"F:/AI Wellness Home/AI_Wellness_Home/Plugins/Maple_FastSetting/Content/UMG/Loading/UMG_Loading_OnlyText.uexp" 862
"F:/AI Wellness Home/AI_Wellness_Home/Plugins/Maple_FastSetting/Content/UMG/Setting/USCB_Container.uasset" 863
"F:/AI Wellness Home/AI_Wellness_Home/Plugins/Maple_FastSetting/Content/UMG/Setting/USCB_Container.uexp" 864
"F:/AI Wellness Home/AI_Wellness_Home/Plugins/Maple_FastSetting/Content/Texture/T_ArrowLeft_2.uasset" 865
"F:/AI Wellness Home/AI_Wellness_Home/Plugins/Maple_FastSetting/Content/Texture/T_ArrowLeft_2.uexp" 866
"F:/AI Wellness Home/AI_Wellness_Home/Plugins/Maple_FastSetting/Content/Texture/T_ArrowRight_2.uasset" 867
"F:/AI Wellness Home/AI_Wellness_Home/Plugins/Maple_FastSetting/Content/Texture/T_ArrowRight_2.uexp" 868
"F:/AI Wellness Home/AI_Wellness_Home/Plugins/Maple_FastSetting/Content/UMG/Setting/USC_SwitchText.uasset" 869
"F:/AI Wellness Home/AI_Wellness_Home/Plugins/Maple_FastSetting/Content/UMG/Setting/USC_SwitchText.uexp" 870
"F:/AI Wellness Home/AI_Wellness_Home/Content/Assets/UMG/UMG_MainMenu.uasset" 871
"F:/AI Wellness Home/AI_Wellness_Home/Content/Assets/UMG/UMG_MainMenu.uexp" 872
"F:/AI Wellness Home/AI_Wellness_Home/Content/Assets/Gameplay/PC_MainMenu.uasset" 873
"F:/AI Wellness Home/AI_Wellness_Home/Content/Assets/Gameplay/PC_MainMenu.uexp" 874
"F:/AI Wellness Home/AI_Wellness_Home/Content/Assets/Gameplay/GM_MainMenu.uasset" 875
"F:/AI Wellness Home/AI_Wellness_Home/Content/Assets/Gameplay/GM_MainMenu.uexp" 876
"F:/AI Wellness Home/AI_Wellness_Home/Content/Assets/Maps/MainMenu.uexp" 877
"F:/AI Wellness Home/AI_Wellness_Home/Content/Assets/Maps/MainMenu.umap" 878
"../../../Engine/Content/Maps/Templates/HLODs/HLODLayer_Instanced.uasset" 879
"../../../Engine/Content/Maps/Templates/HLODs/HLODLayer_Instanced.uexp" 880
"F:/AI Wellness Home/AI_Wellness_Home/Content/Characters/Mannequins/Meshes/SK_Mannequin.uasset" 881
"F:/AI Wellness Home/AI_Wellness_Home/Content/Characters/Mannequins/Meshes/SK_Mannequin.uexp" 882
"F:/AI Wellness Home/AI_Wellness_Home/Content/Characters/Mannequins/Textures/Quinn/T_Quinn_02ID_MSR_MSK.ubulk" 883
"F:/AI Wellness Home/AI_Wellness_Home/Content/Characters/Mannequins/Textures/Quinn/T_Quinn_02ID_MSR_MSK.uasset" 884
"F:/AI Wellness Home/AI_Wellness_Home/Content/Characters/Mannequins/Textures/Quinn/T_Quinn_02ID_MSR_MSK.uexp" 885
"F:/AI Wellness Home/AI_Wellness_Home/Content/Characters/Mannequins/Textures/Quinn/T_Quinn_02ID_BN.ubulk" 886
"F:/AI Wellness Home/AI_Wellness_Home/Content/Characters/Mannequins/Textures/Quinn/T_Quinn_02ID_BN.uasset" 887
"F:/AI Wellness Home/AI_Wellness_Home/Content/Characters/Mannequins/Textures/Quinn/T_Quinn_02ID_BN.uexp" 888
"F:/AI Wellness Home/AI_Wellness_Home/Content/Characters/Mannequins/Textures/Quinn/T_Quinn_02_ASAOMASK_MSK.ubulk" 889
"F:/AI Wellness Home/AI_Wellness_Home/Content/Characters/Mannequins/Textures/Quinn/T_Quinn_02_ASAOMASK_MSK.uasset" 890
"F:/AI Wellness Home/AI_Wellness_Home/Content/Characters/Mannequins/Textures/Quinn/T_Quinn_02_ASAOMASK_MSK.uexp" 891
"F:/AI Wellness Home/AI_Wellness_Home/Content/Characters/Mannequins/Textures/Quinn/T_Quinn_02_CCRCCPlastic_MSK.ubulk" 892
"F:/AI Wellness Home/AI_Wellness_Home/Content/Characters/Mannequins/Textures/Quinn/T_Quinn_02_CCRCCPlastic_MSK.uasset" 893
"F:/AI Wellness Home/AI_Wellness_Home/Content/Characters/Mannequins/Textures/Quinn/T_Quinn_02_CCRCCPlastic_MSK.uexp" 894
"F:/AI Wellness Home/AI_Wellness_Home/Content/Characters/Mannequins/Textures/Quinn/T_Quinn_02ID_Tan.ubulk" 895
"F:/AI Wellness Home/AI_Wellness_Home/Content/Characters/Mannequins/Textures/Quinn/T_Quinn_02ID_Tan.uasset" 896
"F:/AI Wellness Home/AI_Wellness_Home/Content/Characters/Mannequins/Textures/Quinn/T_Quinn_02ID_Tan.uexp" 897
"F:/AI Wellness Home/AI_Wellness_Home/Content/Characters/Mannequins/Textures/Quinn/T_Quinn_02ID_D.ubulk" 898
"F:/AI Wellness Home/AI_Wellness_Home/Content/Characters/Mannequins/Textures/Quinn/T_Quinn_02ID_D.uasset" 899
"F:/AI Wellness Home/AI_Wellness_Home/Content/Characters/Mannequins/Textures/Quinn/T_Quinn_02ID_D.uexp" 900
"F:/AI Wellness Home/AI_Wellness_Home/Content/Characters/Mannequins/Textures/Quinn/T_Quinn_01ID_MSR_MSK.ubulk" 901
"F:/AI Wellness Home/AI_Wellness_Home/Content/Characters/Mannequins/Textures/Quinn/T_Quinn_01ID_MSR_MSK.uasset" 902
"F:/AI Wellness Home/AI_Wellness_Home/Content/Characters/Mannequins/Textures/Quinn/T_Quinn_01ID_MSR_MSK.uexp" 903
"F:/AI Wellness Home/AI_Wellness_Home/Content/Characters/Mannequins/Materials/Functions/ChromaticCurve.uasset" 904
"F:/AI Wellness Home/AI_Wellness_Home/Content/Characters/Mannequins/Materials/Functions/ChromaticCurve.uexp" 905
"F:/AI Wellness Home/AI_Wellness_Home/Content/Characters/Mannequins/Materials/Functions/CA_Mannequin.uasset" 906
"F:/AI Wellness Home/AI_Wellness_Home/Content/Characters/Mannequins/Materials/Functions/CA_Mannequin.uexp" 907
"F:/AI Wellness Home/AI_Wellness_Home/Content/Characters/Mannequins/Materials/Functions/MF_Diffraction.uasset" 908
"F:/AI Wellness Home/AI_Wellness_Home/Content/Characters/Mannequins/Materials/Functions/MF_Diffraction.uexp" 909
"F:/AI Wellness Home/AI_Wellness_Home/Content/Characters/Mannequins/Textures/Manny/T_Manny_01_N.ubulk" 910
"F:/AI Wellness Home/AI_Wellness_Home/Content/Characters/Mannequins/Textures/Manny/T_Manny_01_N.uasset" 911
"F:/AI Wellness Home/AI_Wellness_Home/Content/Characters/Mannequins/Textures/Manny/T_Manny_01_N.uexp" 912
"F:/AI Wellness Home/AI_Wellness_Home/Content/Characters/Mannequins/Materials/Functions/ML_BaseColorFallOff.uasset" 913
"F:/AI Wellness Home/AI_Wellness_Home/Content/Characters/Mannequins/Materials/Functions/ML_BaseColorFallOff.uexp" 914
"F:/AI Wellness Home/AI_Wellness_Home/Content/Characters/Mannequins/Textures/Shared/T_UE_Logo_M.uasset" 915
"F:/AI Wellness Home/AI_Wellness_Home/Content/Characters/Mannequins/Textures/Shared/T_UE_Logo_M.uexp" 916
"F:/AI Wellness Home/AI_Wellness_Home/Content/Characters/Mannequins/Materials/Functions/MF_logo3layers.uasset" 917
"F:/AI Wellness Home/AI_Wellness_Home/Content/Characters/Mannequins/Materials/Functions/MF_logo3layers.uexp" 918
"F:/AI Wellness Home/AI_Wellness_Home/Content/Characters/Mannequins/Textures/Manny/T_Manny_01_CCRCCPlastic_MSK.ubulk" 919
"F:/AI Wellness Home/AI_Wellness_Home/Content/Characters/Mannequins/Textures/Manny/T_Manny_01_CCRCCPlastic_MSK.uasset" 920
"F:/AI Wellness Home/AI_Wellness_Home/Content/Characters/Mannequins/Textures/Manny/T_Manny_01_CCRCCPlastic_MSK.uexp" 921
"F:/AI Wellness Home/AI_Wellness_Home/Content/Characters/Mannequins/Textures/Manny/T_Manny_01_ASAOPMASK_MSK.ubulk" 922
"F:/AI Wellness Home/AI_Wellness_Home/Content/Characters/Mannequins/Textures/Manny/T_Manny_01_ASAOPMASK_MSK.uasset" 923
"F:/AI Wellness Home/AI_Wellness_Home/Content/Characters/Mannequins/Textures/Manny/T_Manny_01_ASAOPMASK_MSK.uexp" 924
"F:/AI Wellness Home/AI_Wellness_Home/Content/Characters/Mannequins/Textures/Manny/T_Manny_01_MSR_MSK.ubulk" 925
"F:/AI Wellness Home/AI_Wellness_Home/Content/Characters/Mannequins/Textures/Manny/T_Manny_01_MSR_MSK.uasset" 926
"F:/AI Wellness Home/AI_Wellness_Home/Content/Characters/Mannequins/Textures/Manny/T_Manny_01_MSR_MSK.uexp" 927
"F:/AI Wellness Home/AI_Wellness_Home/Content/Characters/Mannequins/Textures/Manny/T_Manny_01_BN.ubulk" 928
"F:/AI Wellness Home/AI_Wellness_Home/Content/Characters/Mannequins/Textures/Manny/T_Manny_01_BN.uasset" 929
"F:/AI Wellness Home/AI_Wellness_Home/Content/Characters/Mannequins/Textures/Manny/T_Manny_01_BN.uexp" 930
"F:/AI Wellness Home/AI_Wellness_Home/Content/Characters/Mannequins/Textures/Manny/T_Manny_01_D.ubulk" 931
"F:/AI Wellness Home/AI_Wellness_Home/Content/Characters/Mannequins/Textures/Manny/T_Manny_01_D.uasset" 932
"F:/AI Wellness Home/AI_Wellness_Home/Content/Characters/Mannequins/Textures/Manny/T_Manny_01_D.uexp" 933
"F:/AI Wellness Home/AI_Wellness_Home/Content/Characters/Mannequins/Textures/Manny/T_Manny_01_Tan.ubulk" 934
"F:/AI Wellness Home/AI_Wellness_Home/Content/Characters/Mannequins/Textures/Manny/T_Manny_01_Tan.uasset" 935
"F:/AI Wellness Home/AI_Wellness_Home/Content/Characters/Mannequins/Textures/Manny/T_Manny_01_Tan.uexp" 936
"F:/AI Wellness Home/AI_Wellness_Home/Content/Characters/Mannequins/Materials/M_Mannequin.uasset" 937
"F:/AI Wellness Home/AI_Wellness_Home/Content/Characters/Mannequins/Materials/M_Mannequin.uexp" 938
"F:/AI Wellness Home/AI_Wellness_Home/Content/Characters/Mannequins/Textures/Quinn/T_Quinn_01_ASAOMASK_MSK.ubulk" 939
"F:/AI Wellness Home/AI_Wellness_Home/Content/Characters/Mannequins/Textures/Quinn/T_Quinn_01_ASAOMASK_MSK.uasset" 940
"F:/AI Wellness Home/AI_Wellness_Home/Content/Characters/Mannequins/Textures/Quinn/T_Quinn_01_ASAOMASK_MSK.uexp" 941
"F:/AI Wellness Home/AI_Wellness_Home/Content/Characters/Mannequins/Textures/Quinn/T_Quinn_01ID_N.ubulk" 942
"F:/AI Wellness Home/AI_Wellness_Home/Content/Characters/Mannequins/Textures/Quinn/T_Quinn_01ID_N.uasset" 943
"F:/AI Wellness Home/AI_Wellness_Home/Content/Characters/Mannequins/Textures/Quinn/T_Quinn_01ID_N.uexp" 944
"F:/AI Wellness Home/AI_Wellness_Home/Content/Characters/Mannequins/Textures/Quinn/T_Quinn_01ID_BN.ubulk" 945
"F:/AI Wellness Home/AI_Wellness_Home/Content/Characters/Mannequins/Textures/Quinn/T_Quinn_01ID_BN.uasset" 946
"F:/AI Wellness Home/AI_Wellness_Home/Content/Characters/Mannequins/Textures/Quinn/T_Quinn_01ID_BN.uexp" 947
"F:/AI Wellness Home/AI_Wellness_Home/Content/Characters/Mannequins/Textures/Quinn/T_Quinn_01ID_D.ubulk" 948
"F:/AI Wellness Home/AI_Wellness_Home/Content/Characters/Mannequins/Textures/Quinn/T_Quinn_01ID_D.uasset" 949
"F:/AI Wellness Home/AI_Wellness_Home/Content/Characters/Mannequins/Textures/Quinn/T_Quinn_01ID_D.uexp" 950
"F:/AI Wellness Home/AI_Wellness_Home/Content/Characters/Mannequins/Textures/Quinn/T_Quinn_01ID_Tan.ubulk" 951
"F:/AI Wellness Home/AI_Wellness_Home/Content/Characters/Mannequins/Textures/Quinn/T_Quinn_01ID_Tan.uasset" 952
"F:/AI Wellness Home/AI_Wellness_Home/Content/Characters/Mannequins/Textures/Quinn/T_Quinn_01ID_Tan.uexp" 953
"F:/AI Wellness Home/AI_Wellness_Home/Content/Characters/Mannequins/Textures/Quinn/T_Quinn_01_CCRCCPlastic_MSK.ubulk" 954
"F:/AI Wellness Home/AI_Wellness_Home/Content/Characters/Mannequins/Textures/Quinn/T_Quinn_01_CCRCCPlastic_MSK.uasset" 955
"F:/AI Wellness Home/AI_Wellness_Home/Content/Characters/Mannequins/Textures/Quinn/T_Quinn_01_CCRCCPlastic_MSK.uexp" 956
"F:/AI Wellness Home/AI_Wellness_Home/Content/Characters/Mannequins/Materials/Instances/Quinn/MI_Quinn_01.uasset" 957
"F:/AI Wellness Home/AI_Wellness_Home/Content/Characters/Mannequins/Materials/Instances/Quinn/MI_Quinn_01.uexp" 958
"F:/AI Wellness Home/AI_Wellness_Home/Content/Characters/Mannequins/Textures/Quinn/T_Quinn_02ID_N.ubulk" 959
"F:/AI Wellness Home/AI_Wellness_Home/Content/Characters/Mannequins/Textures/Quinn/T_Quinn_02ID_N.uasset" 960
"F:/AI Wellness Home/AI_Wellness_Home/Content/Characters/Mannequins/Textures/Quinn/T_Quinn_02ID_N.uexp" 961
"F:/AI Wellness Home/AI_Wellness_Home/Content/Characters/Mannequins/Materials/Instances/Quinn/MI_Quinn_02.uasset" 962
"F:/AI Wellness Home/AI_Wellness_Home/Content/Characters/Mannequins/Materials/Instances/Quinn/MI_Quinn_02.uexp" 963
"F:/AI Wellness Home/AI_Wellness_Home/Content/Characters/Mannequins/Materials/Instances/Quinn/MI_Quinn_Green.uasset" 964
"F:/AI Wellness Home/AI_Wellness_Home/Content/Characters/Mannequins/Materials/Instances/Quinn/MI_Quinn_Green.uexp" 965
"F:/AI Wellness Home/AI_Wellness_Home/Content/Characters/Mannequins/Rigs/PA_Mannequin.uasset" 966
"F:/AI Wellness Home/AI_Wellness_Home/Content/Characters/Mannequins/Rigs/PA_Mannequin.uexp" 967
"F:/AI Wellness Home/AI_Wellness_Home/Content/Characters/Mannequins/Meshes/SKM_Quinn_Simple.uasset" 968
"F:/AI Wellness Home/AI_Wellness_Home/Content/Characters/Mannequins/Meshes/SKM_Quinn_Simple.uexp" 969
"F:/AI Wellness Home/AI_Wellness_Home/Content/Assets/UMG/UMG_PlayerName.uasset" 970
"F:/AI Wellness Home/AI_Wellness_Home/Content/Assets/UMG/UMG_PlayerName.uexp" 971
"F:/AI Wellness Home/AI_Wellness_Home/Content/Minimap/user_logo.uasset" 972
"F:/AI Wellness Home/AI_Wellness_Home/Content/Minimap/user_logo.uexp" 973
"../../../Engine/Content/Animation/DefaultAnimCurveCompressionSettings.uasset" 974
"../../../Engine/Content/Animation/DefaultAnimCurveCompressionSettings.uexp" 975
"../../../Engine/Content/Animation/DefaultAnimBoneCompressionSettings.uasset" 976
"../../../Engine/Content/Animation/DefaultAnimBoneCompressionSettings.uexp" 977
"F:/AI Wellness Home/AI_Wellness_Home/Content/Characters/Mannequins/Animations/Quinn/MF_Run_Fwd.uasset" 978
"F:/AI Wellness Home/AI_Wellness_Home/Content/Characters/Mannequins/Animations/Quinn/MF_Run_Fwd.uexp" 979
"F:/AI Wellness Home/AI_Wellness_Home/Content/Characters/Mannequins/Animations/Quinn/MF_Walk_Fwd.uasset" 980
"F:/AI Wellness Home/AI_Wellness_Home/Content/Characters/Mannequins/Animations/Quinn/MF_Walk_Fwd.uexp" 981
"../../../Engine/Content/Animation/DefaultRecorderBoneCompression.uasset" 982
"../../../Engine/Content/Animation/DefaultRecorderBoneCompression.uexp" 983
"F:/AI Wellness Home/AI_Wellness_Home/Content/Characters/Mannequins/Animations/Manny/MM_Walk_InPlace.uasset" 984
"F:/AI Wellness Home/AI_Wellness_Home/Content/Characters/Mannequins/Animations/Manny/MM_Walk_InPlace.uexp" 985
"F:/AI Wellness Home/AI_Wellness_Home/Content/Characters/Mannequins/Animations/Quinn/BS_MF_Unarmed_WalkRun.uasset" 986
"F:/AI Wellness Home/AI_Wellness_Home/Content/Characters/Mannequins/Animations/Quinn/BS_MF_Unarmed_WalkRun.uexp" 987
"F:/AI Wellness Home/AI_Wellness_Home/Content/Characters/Mannequins/Animations/Quinn/MF_Idle.uasset" 988
"F:/AI Wellness Home/AI_Wellness_Home/Content/Characters/Mannequins/Animations/Quinn/MF_Idle.uexp" 989
"F:/AI Wellness Home/AI_Wellness_Home/Content/Characters/Mannequins/Animations/Manny/MM_Fall_Loop.uasset" 990
"F:/AI Wellness Home/AI_Wellness_Home/Content/Characters/Mannequins/Animations/Manny/MM_Fall_Loop.uexp" 991
"F:/AI Wellness Home/AI_Wellness_Home/Content/Characters/Mannequins/Animations/Manny/MM_Jump.uasset" 992
"F:/AI Wellness Home/AI_Wellness_Home/Content/Characters/Mannequins/Animations/Manny/MM_Jump.uexp" 993
"../../../Engine/Plugins/Animation/ControlRig/Content/Controls/DefaultGizmoLibrary.uasset" 994
"../../../Engine/Plugins/Animation/ControlRig/Content/Controls/DefaultGizmoLibrary.uexp" 995
"F:/AI Wellness Home/AI_Wellness_Home/Content/Characters/Mannequins/Rigs/CR_Mannequin_BasicFootIK.uasset" 996
"F:/AI Wellness Home/AI_Wellness_Home/Content/Characters/Mannequins/Rigs/CR_Mannequin_BasicFootIK.uexp" 997
"F:/AI Wellness Home/AI_Wellness_Home/Content/Characters/Mannequins/Animations/Manny/MM_Run_Fwd.uasset" 998
"F:/AI Wellness Home/AI_Wellness_Home/Content/Characters/Mannequins/Animations/Manny/MM_Run_Fwd.uexp" 999
"F:/AI Wellness Home/AI_Wellness_Home/Content/Characters/Mannequins/Animations/Manny/MM_Walk_Fwd.uasset" 1000
"F:/AI Wellness Home/AI_Wellness_Home/Content/Characters/Mannequins/Animations/Manny/MM_Walk_Fwd.uexp" 1001
"F:/AI Wellness Home/AI_Wellness_Home/Content/Characters/Mannequins/Animations/Manny/BS_MM_WalkRun.uasset" 1002
"F:/AI Wellness Home/AI_Wellness_Home/Content/Characters/Mannequins/Animations/Manny/BS_MM_WalkRun.uexp" 1003
"F:/AI Wellness Home/AI_Wellness_Home/Content/Characters/Mannequins/Animations/Manny/MM_Land.uasset" 1004
"F:/AI Wellness Home/AI_Wellness_Home/Content/Characters/Mannequins/Animations/Manny/MM_Land.uexp" 1005
"F:/AI Wellness Home/AI_Wellness_Home/Content/Characters/Mannequins/Animations/Manny/MM_Idle.uasset" 1006
"F:/AI Wellness Home/AI_Wellness_Home/Content/Characters/Mannequins/Animations/Manny/MM_Idle.uexp" 1007
"F:/AI Wellness Home/AI_Wellness_Home/Content/Characters/Mannequins/Animations/ABP_Manny.uasset" 1008
"F:/AI Wellness Home/AI_Wellness_Home/Content/Characters/Mannequins/Animations/ABP_Manny.uexp" 1009
"F:/AI Wellness Home/AI_Wellness_Home/Content/Characters/Mannequins/Animations/ABP_Quinn.uasset" 1010
"F:/AI Wellness Home/AI_Wellness_Home/Content/Characters/Mannequins/Animations/ABP_Quinn.uexp" 1011
"F:/AI Wellness Home/AI_Wellness_Home/Content/Assets/Gameplay/PCH_Game.uasset" 1012
"F:/AI Wellness Home/AI_Wellness_Home/Content/Assets/Gameplay/PCH_Game.uexp" 1013
"F:/AI Wellness Home/AI_Wellness_Home/Content/Assets/UMG/UMG_Item_Player.uasset" 1014
"F:/AI Wellness Home/AI_Wellness_Home/Content/Assets/UMG/UMG_Item_Player.uexp" 1015
"F:/AI Wellness Home/AI_Wellness_Home/Content/Assets/2Dmen/Old_man.uasset" 1016
"F:/AI Wellness Home/AI_Wellness_Home/Content/Assets/2Dmen/Old_man.uexp" 1017
"F:/AI Wellness Home/AI_Wellness_Home/Content/Assets/UMG/UMG_Item_Message.uasset" 1018
"F:/AI Wellness Home/AI_Wellness_Home/Content/Assets/UMG/UMG_Item_Message.uexp" 1019
"F:/AI Wellness Home/AI_Wellness_Home/Content/Assets/2Dmen/Young_man.uasset" 1020
"F:/AI Wellness Home/AI_Wellness_Home/Content/Assets/2Dmen/Young_man.uexp" 1021
"F:/AI Wellness Home/AI_Wellness_Home/Content/Assets/2Dmen/Young_girl.uasset" 1022
"F:/AI Wellness Home/AI_Wellness_Home/Content/Assets/2Dmen/Young_girl.uexp" 1023
"F:/AI Wellness Home/AI_Wellness_Home/Content/Assets/2Dmen/Old_girl.uasset" 1024
"F:/AI Wellness Home/AI_Wellness_Home/Content/Assets/2Dmen/Old_girl.uexp" 1025
"F:/AI Wellness Home/AI_Wellness_Home/Content/Assets/UMG/UMG_Lobby.uasset" 1026
"F:/AI Wellness Home/AI_Wellness_Home/Content/Assets/UMG/UMG_Lobby.uexp" 1027
"F:/AI Wellness Home/AI_Wellness_Home/Content/Assets/Gameplay/GS_Lobby.uasset" 1028
"F:/AI Wellness Home/AI_Wellness_Home/Content/Assets/Gameplay/GS_Lobby.uexp" 1029
"F:/AI Wellness Home/AI_Wellness_Home/Content/Assets/Gameplay/PC_Lobby.uasset" 1030
"F:/AI Wellness Home/AI_Wellness_Home/Content/Assets/Gameplay/PC_Lobby.uexp" 1031
"F:/AI Wellness Home/AI_Wellness_Home/Content/Assets/Gameplay/GM_Lobby.uasset" 1032
"F:/AI Wellness Home/AI_Wellness_Home/Content/Assets/Gameplay/GM_Lobby.uexp" 1033
"F:/AI Wellness Home/AI_Wellness_Home/Content/Assets/Maps/Lobby.uexp" 1034
"F:/AI Wellness Home/AI_Wellness_Home/Content/Assets/Maps/Lobby.umap" 1035
"../../../Engine/Content/Maps/Entry_BuiltData.uasset" 1036
"../../../Engine/Content/Maps/Entry_BuiltData.uexp" 1037
"../../../Engine/Content/Maps/Entry.uexp" 1038
"../../../Engine/Content/Maps/Entry.umap" 1039
