"../../../Engine/Content/EditorResources/S_Actor.ubulk" 0
"../../../Engine/Content/EditorResources/S_Actor.uasset" 1
"../../../Engine/Content/EditorResources/S_Actor.uexp" 2
"../../../Engine/Content/EditorResources/S_BoxReflectionCapture.uasset" 3
"../../../Engine/Content/EditorResources/S_BoxReflectionCapture.uexp" 4
"../../../Engine/Content/EngineResources/DefaultTexture.ubulk" 5
"../../../Engine/Content/EngineResources/DefaultTexture.uasset" 6
"../../../Engine/Content/EngineResources/DefaultTexture.uexp" 7
"../../../Engine/Content/EngineResources/DefaultTextureCube.uasset" 8
"../../../Engine/Content/EngineResources/DefaultTextureCube.uexp" 9
"../../../Engine/Content/EngineResources/DefaultVolumeTexture2D.uasset" 10
"../../../Engine/Content/EngineResources/DefaultVolumeTexture2D.uexp" 11
"../../../Engine/Content/EngineResources/DefaultVolumeTexture.uasset" 12
"../../../Engine/Content/EngineResources/DefaultVolumeTexture.uexp" 13
"../../../Engine/Content/EditorResources/S_Trigger.ubulk" 14
"../../../Engine/Content/EditorResources/S_Trigger.uasset" 15
"../../../Engine/Content/EditorResources/S_Trigger.uexp" 16
"../../../Engine/Content/EditorResources/S_TriggerBox.uasset" 17
"../../../Engine/Content/EditorResources/S_TriggerBox.uexp" 18
"../../../Engine/Content/EditorResources/S_TriggerCapsule.uasset" 19
"../../../Engine/Content/EditorResources/S_TriggerCapsule.uexp" 20
"../../../Engine/Content/EditorResources/S_TriggerSphere.uasset" 21
"../../../Engine/Content/EditorResources/S_TriggerSphere.uexp" 22
"../../../Engine/Content/EngineMeshes/Sphere.uasset" 23
"../../../Engine/Content/EngineMeshes/Sphere.uexp" 24
"../../../Engine/Content/EngineResources/GradientTexture0.uasset" 25
"../../../Engine/Content/EngineResources/GradientTexture0.uexp" 26
"../../../Engine/Content/EngineResources/Black.uasset" 27
"../../../Engine/Content/EngineResources/Black.uexp" 28
"../../../Engine/Content/VREditor/LaserPointer/VR_LaserPower_01.ubulk" 29
"../../../Engine/Content/VREditor/LaserPointer/VR_LaserPower_01.uasset" 30
"../../../Engine/Content/VREditor/LaserPointer/VR_LaserPower_01.uexp" 31
"../../../Engine/Content/VREditor/TransformGizmo/TransformGizmoMaterial.uasset" 32
"../../../Engine/Content/VREditor/TransformGizmo/TransformGizmoMaterial.uexp" 33
"../../../Engine/Content/VREditor/TransformGizmo/TranslucentTransformGizmoMaterial.uasset" 34
"../../../Engine/Content/VREditor/TransformGizmo/TranslucentTransformGizmoMaterial.uexp" 35
"../../../Engine/Content/VREditor/TransformGizmo/PlaneTranslationHandle.uasset" 36
"../../../Engine/Content/VREditor/TransformGizmo/PlaneTranslationHandle.uexp" 37
"../../../Engine/Content/VREditor/TransformGizmo/BoundingBoxCorner.uasset" 38
"../../../Engine/Content/VREditor/TransformGizmo/BoundingBoxCorner.uexp" 39
"../../../Engine/Content/VREditor/TransformGizmo/BoundingBoxEdge.uasset" 40
"../../../Engine/Content/VREditor/TransformGizmo/BoundingBoxEdge.uexp" 41
"../../../Engine/Content/VREditor/TransformGizmo/Main.uasset" 42
"../../../Engine/Content/VREditor/TransformGizmo/Main.uexp" 43
"../../../Engine/Content/VREditor/TransformGizmo/Xray.uasset" 44
"../../../Engine/Content/VREditor/TransformGizmo/Xray.uexp" 45
"../../../Engine/Content/VREditor/TransformGizmo/SM_Sequencer_Node.uasset" 46
"../../../Engine/Content/VREditor/TransformGizmo/SM_Sequencer_Node.uexp" 47
"../../../Engine/Content/EditorMaterials/Camera/CineMat.uasset" 48
"../../../Engine/Content/EditorMaterials/Camera/CineMat.uexp" 49
"../../../Engine/Content/EditorMaterials/Camera/MI_CineMat_Rig.uasset" 50
"../../../Engine/Content/EditorMaterials/Camera/MI_CineMat_Rig.uexp" 51
"../../../Engine/Content/EditorMeshes/Camera/SM_CraneRig_Base.uasset" 52
"../../../Engine/Content/EditorMeshes/Camera/SM_CraneRig_Base.uexp" 53
"../../../Engine/Content/EditorMeshes/Camera/SM_CraneRig_Arm.uasset" 54
"../../../Engine/Content/EditorMeshes/Camera/SM_CraneRig_Arm.uexp" 55
"../../../Engine/Content/EditorMeshes/Camera/SM_CraneRig_Mount.uasset" 56
"../../../Engine/Content/EditorMeshes/Camera/SM_CraneRig_Mount.uexp" 57
"../../../Engine/Content/EditorMeshes/Camera/SM_CraneRig_Body.uasset" 58
"../../../Engine/Content/EditorMeshes/Camera/SM_CraneRig_Body.uexp" 59
"../../../Engine/Content/EditorMeshes/Camera/SM_RailRig_Track.uasset" 60
"../../../Engine/Content/EditorMeshes/Camera/SM_RailRig_Track.uexp" 61
"../../../Engine/Content/EditorMeshes/Camera/SM_RailRig_Mount.uasset" 62
"../../../Engine/Content/EditorMeshes/Camera/SM_RailRig_Mount.uexp" 63
"../../../Engine/Content/EngineMaterials/T_Default_Material_Grid_M.ubulk" 64
"../../../Engine/Content/EngineMaterials/T_Default_Material_Grid_M.uasset" 65
"../../../Engine/Content/EngineMaterials/T_Default_Material_Grid_M.uexp" 66
"../../../Engine/Content/EngineMaterials/T_Default_Material_Grid_N.ubulk" 67
"../../../Engine/Content/EngineMaterials/T_Default_Material_Grid_N.uasset" 68
"../../../Engine/Content/EngineMaterials/T_Default_Material_Grid_N.uexp" 69
"../../../Engine/Content/Functions/Engine_MaterialFunctions01/Opacity/CameraDepthFade.uasset" 70
"../../../Engine/Content/Functions/Engine_MaterialFunctions01/Opacity/CameraDepthFade.uexp" 71
"../../../Engine/Content/EngineMaterials/WorldGridMaterial.uasset" 72
"../../../Engine/Content/EngineMaterials/WorldGridMaterial.uexp" 73
"../../../Engine/Content/ArtTools/RenderToTexture/Meshes/S_1_Unit_Plane.uasset" 74
"../../../Engine/Content/ArtTools/RenderToTexture/Meshes/S_1_Unit_Plane.uexp" 75
"../../../Engine/Content/EditorMaterials/ParticleSystems/PSysThumbnail_NoImage.ubulk" 76
"../../../Engine/Content/EditorMaterials/ParticleSystems/PSysThumbnail_NoImage.uasset" 77
"../../../Engine/Content/EditorMaterials/ParticleSystems/PSysThumbnail_NoImage.uexp" 78
"../../../Engine/Content/EditorMaterials/ParticleSystems/PSysThumbnail_OOD.ubulk" 79
"../../../Engine/Content/EditorMaterials/ParticleSystems/PSysThumbnail_OOD.uasset" 80
"../../../Engine/Content/EditorMaterials/ParticleSystems/PSysThumbnail_OOD.uexp" 81
"../../../Engine/Content/EditorLandscapeResources/SplineEditorMeshMat.uasset" 82
"../../../Engine/Content/EditorLandscapeResources/SplineEditorMeshMat.uexp" 83
"../../../Engine/Content/EditorLandscapeResources/SplineEditorMesh.uasset" 84
"../../../Engine/Content/EditorLandscapeResources/SplineEditorMesh.uexp" 85
"../../../Engine/Content/EditorResources/S_Solver.ubulk" 86
"../../../Engine/Content/EditorResources/S_Solver.uasset" 87
"../../../Engine/Content/EditorResources/S_Solver.uexp" 88
"../../../Engine/Plugins/MinimapPlugin/Content/Textures/Icons/T_Icon_ObjectiveArrow.uasset" 89
"../../../Engine/Plugins/MinimapPlugin/Content/Textures/Icons/T_Icon_ObjectiveArrow.uexp" 90
"../../../Engine/Plugins/Media/MediaPlate/Content/SM_MediaPlateScreen.uasset" 91
"../../../Engine/Plugins/Media/MediaPlate/Content/SM_MediaPlateScreen.uexp" 92
"../../../Engine/Content/EngineMaterials/Good64x64TilingNoiseHighFreq.uasset" 93
"../../../Engine/Content/EngineMaterials/Good64x64TilingNoiseHighFreq.uexp" 94
"../../../Engine/Content/EngineMaterials/DefaultBokeh.uasset" 95
"../../../Engine/Content/EngineMaterials/DefaultBokeh.uexp" 96
"../../../Engine/Content/EngineMaterials/PreintegratedSkinBRDF.uasset" 97
"../../../Engine/Content/EngineMaterials/PreintegratedSkinBRDF.uexp" 98
"../../../Engine/Content/EngineMaterials/MiniFont.uasset" 99
"../../../Engine/Content/EngineMaterials/MiniFont.uexp" 100
"../../../Engine/Content/EngineMaterials/WeightMapPlaceholderTexture.uasset" 101
"../../../Engine/Content/EngineMaterials/WeightMapPlaceholderTexture.uexp" 102
"../../../Engine/Content/EngineMaterials/DefaultWhiteGrid.ubulk" 103
"../../../Engine/Content/EngineMaterials/DefaultWhiteGrid.uasset" 104
"../../../Engine/Content/EngineMaterials/DefaultWhiteGrid.uexp" 105
"F:/AI Wellness Home/AI_Wellness_Home/Content/LevelPrototyping/Textures/T_GridChecker_A.ubulk" 106
"F:/AI Wellness Home/AI_Wellness_Home/Content/LevelPrototyping/Textures/T_GridChecker_A.uasset" 107
"F:/AI Wellness Home/AI_Wellness_Home/Content/LevelPrototyping/Textures/T_GridChecker_A.uexp" 108
"../../../Engine/Content/Functions/Engine_MaterialFunctions02/Utility/MakeFloat3.uasset" 109
"../../../Engine/Content/Functions/Engine_MaterialFunctions02/Utility/MakeFloat3.uexp" 110
"../../../Engine/Content/Functions/Engine_MaterialFunctions01/Gradient/LinearGradient.uasset" 111
"../../../Engine/Content/Functions/Engine_MaterialFunctions01/Gradient/LinearGradient.uexp" 112
"../../../Engine/Content/Functions/Engine_MaterialFunctions01/ImageAdjustment/CheapContrast.uasset" 113
"../../../Engine/Content/Functions/Engine_MaterialFunctions01/ImageAdjustment/CheapContrast.uexp" 114
"../../../Engine/Content/Functions/Engine_MaterialFunctions02/Utility/BreakOutFloat3Components.uasset" 115
"../../../Engine/Content/Functions/Engine_MaterialFunctions02/Utility/BreakOutFloat3Components.uexp" 116
"F:/AI Wellness Home/AI_Wellness_Home/Content/LevelPrototyping/Materials/MF_ProcGrid.uasset" 117
"F:/AI Wellness Home/AI_Wellness_Home/Content/LevelPrototyping/Materials/MF_ProcGrid.uexp" 118
"F:/AI Wellness Home/AI_Wellness_Home/Content/LevelPrototyping/Materials/M_PrototypeGrid.uasset" 119
"F:/AI Wellness Home/AI_Wellness_Home/Content/LevelPrototyping/Materials/M_PrototypeGrid.uexp" 120
"F:/AI Wellness Home/AI_Wellness_Home/Content/LevelPrototyping/Materials/MI_PrototypeGrid_TopDark.uasset" 121
"F:/AI Wellness Home/AI_Wellness_Home/Content/LevelPrototyping/Materials/MI_PrototypeGrid_TopDark.uexp" 122
"F:/AI Wellness Home/AI_Wellness_Home/Content/LevelPrototyping/Materials/MI_PrototypeGrid_Gray.uasset" 123
"F:/AI Wellness Home/AI_Wellness_Home/Content/LevelPrototyping/Materials/MI_PrototypeGrid_Gray.uexp" 124
"F:/AI Wellness Home/AI_Wellness_Home/Content/LevelPrototyping/Meshes/SM_Ramp.uasset" 125
"F:/AI Wellness Home/AI_Wellness_Home/Content/LevelPrototyping/Meshes/SM_Ramp.uexp" 126
"F:/AI Wellness Home/AI_Wellness_Home/Content/LevelPrototyping/Meshes/SM_QuarterCylinder.uasset" 127
"F:/AI Wellness Home/AI_Wellness_Home/Content/LevelPrototyping/Meshes/SM_QuarterCylinder.uexp" 128
"F:/AI Wellness Home/AI_Wellness_Home/Content/LevelPrototyping/Meshes/SM_Cube.uasset" 129
"F:/AI Wellness Home/AI_Wellness_Home/Content/LevelPrototyping/Meshes/SM_Cube.uexp" 130
"F:/AI Wellness Home/AI_Wellness_Home/Content/LevelPrototyping/Materials/M_Solid.uasset" 131
"F:/AI Wellness Home/AI_Wellness_Home/Content/LevelPrototyping/Materials/M_Solid.uexp" 132
"F:/AI Wellness Home/AI_Wellness_Home/Content/LevelPrototyping/Materials/MI_Solid_Blue.uasset" 133
"F:/AI Wellness Home/AI_Wellness_Home/Content/LevelPrototyping/Materials/MI_Solid_Blue.uexp" 134
"F:/AI Wellness Home/AI_Wellness_Home/Content/LevelPrototyping/Meshes/SM_ChamferCube.uasset" 135
"F:/AI Wellness Home/AI_Wellness_Home/Content/LevelPrototyping/Meshes/SM_ChamferCube.uexp" 136
"../../../Engine/Content/EngineMaterials/DefaultMaterial.uasset" 137
"../../../Engine/Content/EngineMaterials/DefaultMaterial.uexp" 138
"../../../Engine/Content/BasicShapes/Sphere.uasset" 139
"../../../Engine/Content/BasicShapes/Sphere.uexp" 140
"../../../Engine/Content/BasicShapes/Plane.uasset" 141
"../../../Engine/Content/BasicShapes/Plane.uexp" 142
"../../../Engine/Content/BasicShapes/Cylinder.uasset" 143
"../../../Engine/Content/BasicShapes/Cylinder.uexp" 144
"../../../Engine/Content/BasicShapes/Cube.uasset" 145
"../../../Engine/Content/BasicShapes/Cube.uexp" 146
"../../../Engine/Content/BasicShapes/Cone.uasset" 147
"../../../Engine/Content/BasicShapes/Cone.uexp" 148
"../../../Engine/Content/EditorLandscapeResources/DefaultAlphaTexture.uasset" 149
"../../../Engine/Content/EditorLandscapeResources/DefaultAlphaTexture.uexp" 150
"../../../Engine/Content/EditorLandscapeResources/DataLayer.uasset" 151
"../../../Engine/Content/EditorLandscapeResources/DataLayer.uexp" 152
"../../../Engine/Content/EditorMaterials/PreviewShadowIndicator.ubulk" 153
"../../../Engine/Content/EditorMaterials/PreviewShadowIndicator.uasset" 154
"../../../Engine/Content/EditorMaterials/PreviewShadowIndicator.uexp" 155
"../../../Engine/Content/EditorMaterials/PreviewShadowIndicatorMaterial.uasset" 156
"../../../Engine/Content/EditorMaterials/PreviewShadowIndicatorMaterial.uexp" 157
"../../../Engine/Content/EditorMaterials/PhAT_UnselectedMaterial.uasset" 158
"../../../Engine/Content/EditorMaterials/PhAT_UnselectedMaterial.uexp" 159
"../../../Engine/Content/EditorMaterials/PhAT_NoCollisionMaterial.uasset" 160
"../../../Engine/Content/EditorMaterials/PhAT_NoCollisionMaterial.uexp" 161
"../../../Engine/Content/Functions/Engine_MaterialFunctions02/Utility/MakeFloat4.uasset" 162
"../../../Engine/Content/Functions/Engine_MaterialFunctions02/Utility/MakeFloat4.uexp" 163
"../../../Engine/Content/EditorMaterials/WorldPartition/WorldPartitionSpatialHashGridPreviewMaterial.uasset" 164
"../../../Engine/Content/EditorMaterials/WorldPartition/WorldPartitionSpatialHashGridPreviewMaterial.uexp" 165
"../../../Engine/Content/EditorResources/S_Terrain.ubulk" 166
"../../../Engine/Content/EditorResources/S_Terrain.uasset" 167
"../../../Engine/Content/EditorResources/S_Terrain.uexp" 168
"../../../Engine/Content/EditorResources/EmptyActor.uasset" 169
"../../../Engine/Content/EditorResources/EmptyActor.uexp" 170
"../../../Engine/Content/EditorResources/BSPVertex.uasset" 171
"../../../Engine/Content/EditorResources/BSPVertex.uexp" 172
"../../../Engine/Content/EditorResources/SequenceRecorder/RecordingIndicator.uasset" 173
"../../../Engine/Content/EditorResources/SequenceRecorder/RecordingIndicator.uexp" 174
"../../../Engine/Content/EditorResources/SequenceRecorder/Countdown.uasset" 175
"../../../Engine/Content/EditorResources/SequenceRecorder/Countdown.uexp" 176
"../../../Engine/Content/EngineDamageTypes/DmgTypeBP_Environmental.uasset" 177
"../../../Engine/Content/EngineDamageTypes/DmgTypeBP_Environmental.uexp" 178
"../../../Engine/Content/Functions/Engine_MaterialFunctions02/Utility/CameraDirectionVector.uasset" 179
"../../../Engine/Content/Functions/Engine_MaterialFunctions02/Utility/CameraDirectionVector.uexp" 180
"../../../Engine/Content/EngineDebugMaterials/VolumeToRender.uasset" 181
"../../../Engine/Content/EngineDebugMaterials/VolumeToRender.uexp" 182
"../../../Engine/Content/EngineDebugMaterials/M_VolumeRenderSphereTracePP.uasset" 183
"../../../Engine/Content/EngineDebugMaterials/M_VolumeRenderSphereTracePP.uexp" 184
"../../../Engine/Content/EngineDebugMaterials/M_SimpleUnlitTranslucent.uasset" 185
"../../../Engine/Content/EngineDebugMaterials/M_SimpleUnlitTranslucent.uexp" 186
"../../../Engine/Content/EngineDebugMaterials/DebugMeshMaterial.uasset" 187
"../../../Engine/Content/EngineDebugMaterials/DebugMeshMaterial.uexp" 188
"../../../Engine/Content/EngineDebugMaterials/DebugEditorMaterial.uasset" 189
"../../../Engine/Content/EngineDebugMaterials/DebugEditorMaterial.uexp" 190
"../../../Engine/Content/EngineFonts/Faces/RobotoLight.uexp" 191
"../../../Engine/Content/EngineFonts/Faces/RobotoLight.uasset" 192
"../../../Engine/Content/EngineFonts/Faces/RobotoLight.ufont" 193
"../../../Engine/Content/EngineFonts/Faces/RobotoBold.uexp" 194
"../../../Engine/Content/EngineFonts/Faces/RobotoBold.uasset" 195
"../../../Engine/Content/EngineFonts/Faces/RobotoBold.ufont" 196
"../../../Engine/Content/EngineFonts/Faces/RobotoRegular.uexp" 197
"../../../Engine/Content/EngineFonts/Faces/RobotoRegular.uasset" 198
"../../../Engine/Content/EngineFonts/Faces/RobotoRegular.ufont" 199
"../../../Engine/Content/EngineFonts/Faces/DroidSansFallback.uexp" 200
"../../../Engine/Content/EngineFonts/Faces/DroidSansFallback.uasset" 201
"../../../Engine/Content/EngineFonts/Faces/DroidSansFallback.ufont" 202
"../../../Engine/Content/EngineFonts/Faces/RobotoItalic.uexp" 203
"../../../Engine/Content/EngineFonts/Faces/RobotoItalic.uasset" 204
"../../../Engine/Content/EngineFonts/Faces/RobotoItalic.ufont" 205
"../../../Engine/Content/EngineFonts/Faces/RobotoBoldItalic.uexp" 206
"../../../Engine/Content/EngineFonts/Faces/RobotoBoldItalic.uasset" 207
"../../../Engine/Content/EngineFonts/Faces/RobotoBoldItalic.ufont" 208
"../../../Engine/Content/EngineFonts/Roboto.uasset" 209
"../../../Engine/Content/EngineFonts/Roboto.uexp" 210
"../../../Engine/Content/EngineResources/WhiteSquareTexture.uasset" 211
"../../../Engine/Content/EngineResources/WhiteSquareTexture.uexp" 212
"../../../Engine/Content/EngineMaterials/Widget3DPassThrough.uasset" 213
"../../../Engine/Content/EngineMaterials/Widget3DPassThrough.uexp" 214
"../../../Engine/Content/EngineMaterials/Widget3DPassThrough_Translucent.uasset" 215
"../../../Engine/Content/EngineMaterials/Widget3DPassThrough_Translucent.uexp" 216
"../../../Engine/Content/EngineMaterials/Widget3DPassThrough_Translucent_OneSided.uasset" 217
"../../../Engine/Content/EngineMaterials/Widget3DPassThrough_Translucent_OneSided.uexp" 218
"../../../Engine/Content/EngineMaterials/Widget3DPassThrough_Opaque.uasset" 219
"../../../Engine/Content/EngineMaterials/Widget3DPassThrough_Opaque.uexp" 220
"../../../Engine/Content/EngineMaterials/Widget3DPassThrough_Opaque_OneSided.uasset" 221
"../../../Engine/Content/EngineMaterials/Widget3DPassThrough_Opaque_OneSided.uexp" 222
"../../../Engine/Content/EngineMaterials/Widget3DPassThrough_Masked_OneSided.uasset" 223
"../../../Engine/Content/EngineMaterials/Widget3DPassThrough_Masked_OneSided.uexp" 224
"../../../Engine/Content/EngineMaterials/Widget3DPassThrough_Masked.uasset" 225
"../../../Engine/Content/EngineMaterials/Widget3DPassThrough_Masked.uexp" 226
"../../../Engine/Content/EngineMaterials/STBlueNoise_vec2_128x128x64.uasset" 227
"../../../Engine/Content/EngineMaterials/STBlueNoise_vec2_128x128x64.uexp" 228
"../../../Engine/Content/EngineMaterials/STBlueNoise_scalar_128x128x64.uasset" 229
"../../../Engine/Content/EngineMaterials/STBlueNoise_scalar_128x128x64.uexp" 230
"../../../Engine/Content/EngineMaterials/RemoveSurfaceMaterial.uasset" 231
"../../../Engine/Content/EngineMaterials/RemoveSurfaceMaterial.uexp" 232
"../../../Engine/Content/EngineMaterials/DefaultCalibrationGrayscale.uasset" 233
"../../../Engine/Content/EngineMaterials/DefaultCalibrationGrayscale.uexp" 234
"../../../Engine/Content/EngineMaterials/PPM_DefaultCalibrationGrayscale.uasset" 235
"../../../Engine/Content/EngineMaterials/PPM_DefaultCalibrationGrayscale.uexp" 236
"../../../Engine/Content/EngineMaterials/DefaultCalibrationColor.uasset" 237
"../../../Engine/Content/EngineMaterials/DefaultCalibrationColor.uexp" 238
"../../../Engine/Content/EngineMaterials/PPM_DefaultCalibrationColor.uasset" 239
"../../../Engine/Content/EngineMaterials/PPM_DefaultCalibrationColor.uexp" 240
"../../../Engine/Content/Functions/Engine_MaterialFunctions02/WorldPositionOffset/CameraOffset.uasset" 241
"../../../Engine/Content/Functions/Engine_MaterialFunctions02/WorldPositionOffset/CameraOffset.uexp" 242
"../../../Engine/Content/EngineMaterials/PhAT_JointLimitMaterial.uasset" 243
"../../../Engine/Content/EngineMaterials/PhAT_JointLimitMaterial.uexp" 244
"../../../Engine/Content/EngineMaterials/InvalidLightmapSettings.ubulk" 245
"../../../Engine/Content/EngineMaterials/InvalidLightmapSettings.uasset" 246
"../../../Engine/Content/EngineMaterials/InvalidLightmapSettings.uexp" 247
"../../../Engine/Content/EngineMaterials/M_InvalidLightmapSettings.uasset" 248
"../../../Engine/Content/EngineMaterials/M_InvalidLightmapSettings.uexp" 249
"../../../Engine/Content/EngineMaterials/GizmoMaterial.uasset" 250
"../../../Engine/Content/EngineMaterials/GizmoMaterial.uexp" 251
"../../../Engine/Content/EngineMaterials/BaseFlattenEmissiveMap_VT.uasset" 252
"../../../Engine/Content/EngineMaterials/BaseFlattenEmissiveMap_VT.uexp" 253
"../../../Engine/Content/EngineMaterials/BaseFlattenGrayscaleMap_VT.uasset" 254
"../../../Engine/Content/EngineMaterials/BaseFlattenGrayscaleMap_VT.uexp" 255
"../../../Engine/Content/EngineMaterials/BaseFlattenLinearColor_VT.uasset" 256
"../../../Engine/Content/EngineMaterials/BaseFlattenLinearColor_VT.uexp" 257
"../../../Engine/Content/EngineMaterials/Black_1x1_EXR_Texture_VT.uasset" 258
"../../../Engine/Content/EngineMaterials/Black_1x1_EXR_Texture_VT.uexp" 259
"../../../Engine/Content/EngineMaterials/BaseFlattenDiffuseMap_VT.uasset" 260
"../../../Engine/Content/EngineMaterials/BaseFlattenDiffuseMap_VT.uexp" 261
"../../../Engine/Content/EngineMaterials/BaseFlattenNormalMap_VT.uasset" 262
"../../../Engine/Content/EngineMaterials/BaseFlattenNormalMap_VT.uexp" 263
"../../../Engine/Content/EngineMaterials/FlattenMaterial_WS_Normal_VT.uasset" 264
"../../../Engine/Content/EngineMaterials/FlattenMaterial_WS_Normal_VT.uexp" 265
"../../../Engine/Content/EngineMaterials/FlattenMaterial_VT.uasset" 266
"../../../Engine/Content/EngineMaterials/FlattenMaterial_VT.uexp" 267
"../../../Engine/Content/EngineMaterials/BaseFlattenNormalMap.uasset" 268
"../../../Engine/Content/EngineMaterials/BaseFlattenNormalMap.uexp" 269
"../../../Engine/Content/EngineMaterials/BaseFlattenGrayscaleMap.uasset" 270
"../../../Engine/Content/EngineMaterials/BaseFlattenGrayscaleMap.uexp" 271
"../../../Engine/Content/EngineMaterials/BaseFlattenDiffuseMap.uasset" 272
"../../../Engine/Content/EngineMaterials/BaseFlattenDiffuseMap.uexp" 273
"../../../Engine/Content/Functions/Engine_MaterialFunctions02/PivotPainter2/Black_1x1_EXR_Texture.uasset" 274
"../../../Engine/Content/Functions/Engine_MaterialFunctions02/PivotPainter2/Black_1x1_EXR_Texture.uexp" 275
"../../../Engine/Content/EngineMaterials/BaseFlattenEmissiveMap.uasset" 276
"../../../Engine/Content/EngineMaterials/BaseFlattenEmissiveMap.uexp" 277
"../../../Engine/Content/EngineMaterials/BaseFlattenLinearColor.uasset" 278
"../../../Engine/Content/EngineMaterials/BaseFlattenLinearColor.uexp" 279
"../../../Engine/Content/EngineMaterials/FlattenMaterial.uasset" 280
"../../../Engine/Content/EngineMaterials/FlattenMaterial.uexp" 281
"../../../Engine/Content/EngineMaterials/DefaultWhiteGrid_Low.uasset" 282
"../../../Engine/Content/EngineMaterials/DefaultWhiteGrid_Low.uexp" 283
"../../../Engine/Content/EngineMaterials/EmissiveMeshMaterial.uasset" 284
"../../../Engine/Content/EngineMaterials/EmissiveMeshMaterial.uexp" 285
"../../../Engine/Content/EngineFonts/RobotoDistanceField.uasset" 286
"../../../Engine/Content/EngineFonts/RobotoDistanceField.uexp" 287
"../../../Engine/Content/EngineMaterials/DefaultTextMaterialOpaque.uasset" 288
"../../../Engine/Content/EngineMaterials/DefaultTextMaterialOpaque.uexp" 289
"../../../Engine/Content/EngineMaterials/DefaultDiffuse.ubulk" 290
"../../../Engine/Content/EngineMaterials/DefaultDiffuse.uasset" 291
"../../../Engine/Content/EngineMaterials/DefaultDiffuse.uexp" 292
"../../../Engine/Content/Functions/Engine_MaterialFunctions02/Utility/BreakOutFloat2Components.uasset" 293
"../../../Engine/Content/Functions/Engine_MaterialFunctions02/Utility/BreakOutFloat2Components.uexp" 294
"../../../Engine/Content/EngineMaterials/DefaultPostProcessMaterial.uasset" 295
"../../../Engine/Content/EngineMaterials/DefaultPostProcessMaterial.uexp" 296
"../../../Engine/Content/EngineMaterials/DefaultPhysicalMaterial.uasset" 297
"../../../Engine/Content/EngineMaterials/DefaultPhysicalMaterial.uexp" 298
"../../../Engine/Content/EngineMaterials/DefaultLightFunctionMaterial.uasset" 299
"../../../Engine/Content/EngineMaterials/DefaultLightFunctionMaterial.uexp" 300
"../../../Engine/Content/EngineMaterials/DefaultDestructiblePhysicalMaterial.uasset" 301
"../../../Engine/Content/EngineMaterials/DefaultDestructiblePhysicalMaterial.uexp" 302
"../../../Engine/Content/EngineMaterials/DefaultDeferredDecalMaterial.uasset" 303
"../../../Engine/Content/EngineMaterials/DefaultDeferredDecalMaterial.uexp" 304
"../../../Engine/Content/EngineMaterials/DefaultBloomKernel.uasset" 305
"../../../Engine/Content/EngineMaterials/DefaultBloomKernel.uexp" 306
"../../../Engine/Content/EngineResources/FilmGrains/Marcie_Grain_v3_128_M2_000.uasset" 307
"../../../Engine/Content/EngineResources/FilmGrains/Marcie_Grain_v3_128_M2_000.uexp" 308
"../../../Engine/Content/EngineSky/T_Sky_Stars.ubulk" 309
"../../../Engine/Content/EngineSky/T_Sky_Stars.uasset" 310
"../../../Engine/Content/EngineSky/T_Sky_Stars.uexp" 311
"../../../Engine/Content/EngineSky/T_Sky_Clouds_M.ubulk" 312
"../../../Engine/Content/EngineSky/T_Sky_Clouds_M.uasset" 313
"../../../Engine/Content/EngineSky/T_Sky_Clouds_M.uexp" 314
"../../../Engine/Content/EngineSky/T_Sky_Blue.ubulk" 315
"../../../Engine/Content/EngineSky/T_Sky_Blue.uasset" 316
"../../../Engine/Content/EngineSky/T_Sky_Blue.uexp" 317
"../../../Engine/Content/EngineSky/M_Sky_Panning_Clouds2.uasset" 318
"../../../Engine/Content/EngineSky/M_Sky_Panning_Clouds2.uexp" 319
"../../../Engine/Content/EngineSky/SM_SkySphere.uasset" 320
"../../../Engine/Content/EngineSky/SM_SkySphere.uexp" 321
"../../../Engine/Content/EngineSky/M_SimpleSkyDome.uasset" 322
"../../../Engine/Content/EngineSky/M_SimpleSkyDome.uexp" 323
"../../../Engine/Content/EngineSky/VolumetricClouds/CloudWeatherTexture.uasset" 324
"../../../Engine/Content/EngineSky/VolumetricClouds/CloudWeatherTexture.uexp" 325
"../../../Engine/Content/Functions/Engine_MaterialFunctions02/Utility/MakeFloat2.uasset" 326
"../../../Engine/Content/Functions/Engine_MaterialFunctions02/Utility/MakeFloat2.uexp" 327
"../../../Engine/Content/EngineSky/VolumetricClouds/CloudGradientTexture.uasset" 328
"../../../Engine/Content/EngineSky/VolumetricClouds/CloudGradientTexture.uexp" 329
"../../../Engine/Content/EngineSky/VolumetricClouds/T_NoiseShape64.ubulk" 330
"../../../Engine/Content/EngineSky/VolumetricClouds/T_NoiseShape64.uasset" 331
"../../../Engine/Content/EngineSky/VolumetricClouds/T_NoiseShape64.uexp" 332
"../../../Engine/Content/EngineSky/VolumetricClouds/T_VolumeNoiseShape64.uasset" 333
"../../../Engine/Content/EngineSky/VolumetricClouds/T_VolumeNoiseShape64.uexp" 334
"../../../Engine/Content/EngineSky/VolumetricClouds/T_NoiseErosion.ubulk" 335
"../../../Engine/Content/EngineSky/VolumetricClouds/T_NoiseErosion.uasset" 336
"../../../Engine/Content/EngineSky/VolumetricClouds/T_NoiseErosion.uexp" 337
"../../../Engine/Content/EngineSky/VolumetricClouds/T_VolumeNoiseErosion32.uasset" 338
"../../../Engine/Content/EngineSky/VolumetricClouds/T_VolumeNoiseErosion32.uexp" 339
"../../../Engine/Content/EngineSky/VolumetricClouds/m_SimpleVolumetricCloud.uasset" 340
"../../../Engine/Content/EngineSky/VolumetricClouds/m_SimpleVolumetricCloud.uexp" 341
"../../../Engine/Content/EngineSky/VolumetricClouds/m_SimpleVolumetricCloud_Inst.uasset" 342
"../../../Engine/Content/EngineSky/VolumetricClouds/m_SimpleVolumetricCloud_Inst.uexp" 343
"../../../Engine/Content/EngineSounds/Master.uasset" 344
"../../../Engine/Content/EngineSounds/Master.uexp" 345
"../../../Engine/Content/Functions/Engine_MaterialFunctions01/Shading/PowerToRoughness.uasset" 346
"../../../Engine/Content/Functions/Engine_MaterialFunctions01/Shading/PowerToRoughness.uexp" 347
"../../../Engine/Content/Maps/Templates/HLODs/HLODLayer_Merged.uasset" 348
"../../../Engine/Content/Maps/Templates/HLODs/HLODLayer_Merged.uexp" 349
"../../../Engine/Content/MobileResources/HUD/VirtualJoystick_Background.uasset" 350
"../../../Engine/Content/MobileResources/HUD/VirtualJoystick_Background.uexp" 351
"../../../Engine/Content/MobileResources/HUD/VirtualJoystick_Thumb.uasset" 352
"../../../Engine/Content/MobileResources/HUD/VirtualJoystick_Thumb.uexp" 353
"../../../Engine/Content/MobileResources/HUD/DefaultVirtualJoysticks.uasset" 354
"../../../Engine/Content/MobileResources/HUD/DefaultVirtualJoysticks.uexp" 355
"../../../Engine/Plugins/2D/Paper2D/Content/PlaceholderTextures/DummySpriteTexture.ubulk" 356
"../../../Engine/Plugins/2D/Paper2D/Content/PlaceholderTextures/DummySpriteTexture.uasset" 357
"../../../Engine/Plugins/2D/Paper2D/Content/PlaceholderTextures/DummySpriteTexture.uexp" 358
"../../../Engine/Plugins/2D/Paper2D/Content/DefaultSpriteMaterial.uasset" 359
"../../../Engine/Plugins/2D/Paper2D/Content/DefaultSpriteMaterial.uexp" 360
"../../../Engine/Plugins/2D/Paper2D/Content/OpaqueUnlitSpriteMaterial.uasset" 361
"../../../Engine/Plugins/2D/Paper2D/Content/OpaqueUnlitSpriteMaterial.uexp" 362
"../../../Engine/Plugins/2D/Paper2D/Content/MaskedUnlitSpriteMaterial.uasset" 363
"../../../Engine/Plugins/2D/Paper2D/Content/MaskedUnlitSpriteMaterial.uexp" 364
"../../../Engine/Plugins/2D/Paper2D/Content/DummySprite.uasset" 365
"../../../Engine/Plugins/2D/Paper2D/Content/DummySprite.uexp" 366
"../../../Engine/Plugins/2D/Paper2D/Content/DefaultPaperTerrainMaterial.uasset" 367
"../../../Engine/Plugins/2D/Paper2D/Content/DefaultPaperTerrainMaterial.uexp" 368
"../../../Engine/Plugins/Animation/ControlRig/Content/M_Manip.uasset" 369
"../../../Engine/Plugins/Animation/ControlRig/Content/M_Manip.uexp" 370
"../../../Engine/Plugins/Animation/ControlRig/Content/Controls/DefaultGizmoLibraryNormalized.uasset" 371
"../../../Engine/Plugins/Animation/ControlRig/Content/Controls/DefaultGizmoLibraryNormalized.uexp" 372
"../../../Engine/Plugins/Animation/ControlRig/Content/Controls/ControlRig_Wedge_solid.uasset" 373
"../../../Engine/Plugins/Animation/ControlRig/Content/Controls/ControlRig_Wedge_solid.uexp" 374
"../../../Engine/Plugins/Animation/ControlRig/Content/Controls/ControlRig_Wedge_3mm.uasset" 375
"../../../Engine/Plugins/Animation/ControlRig/Content/Controls/ControlRig_Wedge_3mm.uexp" 376
"../../../Engine/Plugins/Animation/ControlRig/Content/Controls/ControlRig_Wedge_1mm.uasset" 377
"../../../Engine/Plugins/Animation/ControlRig/Content/Controls/ControlRig_Wedge_1mm.uexp" 378
"../../../Engine/Plugins/Animation/ControlRig/Content/Controls/ControlRig_Triangle_solid.uasset" 379
"../../../Engine/Plugins/Animation/ControlRig/Content/Controls/ControlRig_Triangle_solid.uexp" 380
"../../../Engine/Plugins/Animation/ControlRig/Content/Controls/ControlRig_Triangle_3mm.uasset" 381
"../../../Engine/Plugins/Animation/ControlRig/Content/Controls/ControlRig_Triangle_3mm.uexp" 382
"../../../Engine/Plugins/Animation/ControlRig/Content/Controls/ControlRig_Triangle_1mm.uasset" 383
"../../../Engine/Plugins/Animation/ControlRig/Content/Controls/ControlRig_Triangle_1mm.uexp" 384
"../../../Engine/Plugins/Animation/ControlRig/Content/Controls/ControlRig_Star4_solid.uasset" 385
"../../../Engine/Plugins/Animation/ControlRig/Content/Controls/ControlRig_Star4_solid.uexp" 386
"../../../Engine/Plugins/Animation/ControlRig/Content/Controls/ControlRig_Star4_3mm.uasset" 387
"../../../Engine/Plugins/Animation/ControlRig/Content/Controls/ControlRig_Star4_3mm.uexp" 388
"../../../Engine/Plugins/Animation/ControlRig/Content/Controls/ControlRig_Star4_1mm.uasset" 389
"../../../Engine/Plugins/Animation/ControlRig/Content/Controls/ControlRig_Star4_1mm.uexp" 390
"../../../Engine/Plugins/Animation/ControlRig/Content/Controls/ControlRig_Square_solid.uasset" 391
"../../../Engine/Plugins/Animation/ControlRig/Content/Controls/ControlRig_Square_solid.uexp" 392
"../../../Engine/Plugins/Animation/ControlRig/Content/Controls/ControlRig_Square_3mm.uasset" 393
"../../../Engine/Plugins/Animation/ControlRig/Content/Controls/ControlRig_Square_3mm.uexp" 394
"../../../Engine/Plugins/Animation/ControlRig/Content/Controls/ControlRig_Square_1mm.uasset" 395
"../../../Engine/Plugins/Animation/ControlRig/Content/Controls/ControlRig_Square_1mm.uexp" 396
"../../../Engine/Plugins/Animation/ControlRig/Content/Controls/ControlRig_Sphere_solid.uasset" 397
"../../../Engine/Plugins/Animation/ControlRig/Content/Controls/ControlRig_Sphere_solid.uexp" 398
"../../../Engine/Plugins/Animation/ControlRig/Content/Controls/ControlRig_Sphere_3mm.uasset" 399
"../../../Engine/Plugins/Animation/ControlRig/Content/Controls/ControlRig_Sphere_3mm.uexp" 400
"../../../Engine/Plugins/Animation/ControlRig/Content/Controls/ControlRig_Sphere_1mm.uasset" 401
"../../../Engine/Plugins/Animation/ControlRig/Content/Controls/ControlRig_Sphere_1mm.uexp" 402
"../../../Engine/Plugins/Animation/ControlRig/Content/Controls/ControlRig_RoundedTriangle_solid.uasset" 403
"../../../Engine/Plugins/Animation/ControlRig/Content/Controls/ControlRig_RoundedTriangle_solid.uexp" 404
"../../../Engine/Plugins/Animation/ControlRig/Content/Controls/ControlRig_RoundedTriangle_3mm.uasset" 405
"../../../Engine/Plugins/Animation/ControlRig/Content/Controls/ControlRig_RoundedTriangle_3mm.uexp" 406
"../../../Engine/Plugins/Animation/ControlRig/Content/Controls/ControlRig_RoundedTriangle_1mm.uasset" 407
"../../../Engine/Plugins/Animation/ControlRig/Content/Controls/ControlRig_RoundedTriangle_1mm.uexp" 408
"../../../Engine/Plugins/Animation/ControlRig/Content/Controls/ControlRig_RoundedSquare_solid.uasset" 409
"../../../Engine/Plugins/Animation/ControlRig/Content/Controls/ControlRig_RoundedSquare_solid.uexp" 410
"../../../Engine/Plugins/Animation/ControlRig/Content/Controls/ControlRig_RoundedSquare_3mm.uasset" 411
"../../../Engine/Plugins/Animation/ControlRig/Content/Controls/ControlRig_RoundedSquare_3mm.uexp" 412
"../../../Engine/Plugins/Animation/ControlRig/Content/Controls/ControlRig_RoundedSquare_1mm.uasset" 413
"../../../Engine/Plugins/Animation/ControlRig/Content/Controls/ControlRig_RoundedSquare_1mm.uexp" 414
"../../../Engine/Plugins/Animation/ControlRig/Content/Controls/ControlRig_QuarterCircle_solid.uasset" 415
"../../../Engine/Plugins/Animation/ControlRig/Content/Controls/ControlRig_QuarterCircle_solid.uexp" 416
"../../../Engine/Plugins/Animation/ControlRig/Content/Controls/ControlRig_QuarterCircle_3mm.uasset" 417
"../../../Engine/Plugins/Animation/ControlRig/Content/Controls/ControlRig_QuarterCircle_3mm.uexp" 418
"../../../Engine/Plugins/Animation/ControlRig/Content/Controls/ControlRig_QuarterCircle_1mm.uasset" 419
"../../../Engine/Plugins/Animation/ControlRig/Content/Controls/ControlRig_QuarterCircle_1mm.uexp" 420
"../../../Engine/Plugins/Animation/ControlRig/Content/Controls/ControlRig_Pyramid_solid.uasset" 421
"../../../Engine/Plugins/Animation/ControlRig/Content/Controls/ControlRig_Pyramid_solid.uexp" 422
"../../../Engine/Plugins/Animation/ControlRig/Content/Controls/ControlRig_Pyramid_3mm.uasset" 423
"../../../Engine/Plugins/Animation/ControlRig/Content/Controls/ControlRig_Pyramid_3mm.uexp" 424
"../../../Engine/Plugins/Animation/ControlRig/Content/Controls/ControlRig_Pyramid_1mm.uasset" 425
"../../../Engine/Plugins/Animation/ControlRig/Content/Controls/ControlRig_Pyramid_1mm.uexp" 426
"../../../Engine/Plugins/Animation/ControlRig/Content/Controls/ControlRig_Octagon_solid.uasset" 427
"../../../Engine/Plugins/Animation/ControlRig/Content/Controls/ControlRig_Octagon_solid.uexp" 428
"../../../Engine/Plugins/Animation/ControlRig/Content/Controls/ControlRig_Octagon_3mm.uasset" 429
"../../../Engine/Plugins/Animation/ControlRig/Content/Controls/ControlRig_Octagon_3mm.uexp" 430
"../../../Engine/Plugins/Animation/ControlRig/Content/Controls/ControlRig_Octagon_1mm.uasset" 431
"../../../Engine/Plugins/Animation/ControlRig/Content/Controls/ControlRig_Octagon_1mm.uexp" 432
"../../../Engine/Plugins/Animation/ControlRig/Content/Controls/ControlRig_Hexagon_solid.uasset" 433
"../../../Engine/Plugins/Animation/ControlRig/Content/Controls/ControlRig_Hexagon_solid.uexp" 434
"../../../Engine/Plugins/Animation/ControlRig/Content/Controls/ControlRig_Hexagon_3mm.uasset" 435
"../../../Engine/Plugins/Animation/ControlRig/Content/Controls/ControlRig_Hexagon_3mm.uexp" 436
"../../../Engine/Plugins/Animation/ControlRig/Content/Controls/ControlRig_Hexagon_1mm.uasset" 437
"../../../Engine/Plugins/Animation/ControlRig/Content/Controls/ControlRig_Hexagon_1mm.uexp" 438
"../../../Engine/Plugins/Animation/ControlRig/Content/Controls/ControlRig_HalfCircle_solid.uasset" 439
"../../../Engine/Plugins/Animation/ControlRig/Content/Controls/ControlRig_HalfCircle_solid.uexp" 440
"../../../Engine/Plugins/Animation/ControlRig/Content/Controls/ControlRig_HalfCircle_3mm.uasset" 441
"../../../Engine/Plugins/Animation/ControlRig/Content/Controls/ControlRig_HalfCircle_3mm.uexp" 442
"../../../Engine/Plugins/Animation/ControlRig/Content/Controls/ControlRig_HalfCircle_1mm.uasset" 443
"../../../Engine/Plugins/Animation/ControlRig/Content/Controls/ControlRig_HalfCircle_1mm.uexp" 444
"../../../Engine/Plugins/Animation/ControlRig/Content/Controls/ControlRig_Diamond_solid.uasset" 445
"../../../Engine/Plugins/Animation/ControlRig/Content/Controls/ControlRig_Diamond_solid.uexp" 446
"../../../Engine/Plugins/Animation/ControlRig/Content/Controls/ControlRig_Diamond_3mm.uasset" 447
"../../../Engine/Plugins/Animation/ControlRig/Content/Controls/ControlRig_Diamond_3mm.uexp" 448
"../../../Engine/Plugins/Animation/ControlRig/Content/Controls/ControlRig_Diamond_1mm.uasset" 449
"../../../Engine/Plugins/Animation/ControlRig/Content/Controls/ControlRig_Diamond_1mm.uexp" 450
"../../../Engine/Plugins/Animation/ControlRig/Content/Controls/ControlRig_Circle_solid.uasset" 451
"../../../Engine/Plugins/Animation/ControlRig/Content/Controls/ControlRig_Circle_solid.uexp" 452
"../../../Engine/Plugins/Animation/ControlRig/Content/Controls/ControlRig_Circle_3mm.uasset" 453
"../../../Engine/Plugins/Animation/ControlRig/Content/Controls/ControlRig_Circle_3mm.uexp" 454
"../../../Engine/Plugins/Animation/ControlRig/Content/Controls/ControlRig_Circle_1mm.uasset" 455
"../../../Engine/Plugins/Animation/ControlRig/Content/Controls/ControlRig_Circle_1mm.uexp" 456
"../../../Engine/Plugins/Animation/ControlRig/Content/Controls/ControlRig_Box_solid.uasset" 457
"../../../Engine/Plugins/Animation/ControlRig/Content/Controls/ControlRig_Box_solid.uexp" 458
"../../../Engine/Plugins/Animation/ControlRig/Content/Controls/ControlRig_Box_3mm.uasset" 459
"../../../Engine/Plugins/Animation/ControlRig/Content/Controls/ControlRig_Box_3mm.uexp" 460
"../../../Engine/Plugins/Animation/ControlRig/Content/Controls/ControlRig_Box_1mm.uasset" 461
"../../../Engine/Plugins/Animation/ControlRig/Content/Controls/ControlRig_Box_1mm.uexp" 462
"../../../Engine/Plugins/Animation/ControlRig/Content/Controls/ControlRig_Arrow_solid.uasset" 463
"../../../Engine/Plugins/Animation/ControlRig/Content/Controls/ControlRig_Arrow_solid.uexp" 464
"../../../Engine/Plugins/Animation/ControlRig/Content/Controls/ControlRig_Arrow_3mm.uasset" 465
"../../../Engine/Plugins/Animation/ControlRig/Content/Controls/ControlRig_Arrow_3mm.uexp" 466
"../../../Engine/Plugins/Animation/ControlRig/Content/Controls/ControlRig_Arrow_1mm.uasset" 467
"../../../Engine/Plugins/Animation/ControlRig/Content/Controls/ControlRig_Arrow_1mm.uexp" 468
"../../../Engine/Plugins/Animation/ControlRig/Content/Controls/ControlRig_Arrow4_solid.uasset" 469
"../../../Engine/Plugins/Animation/ControlRig/Content/Controls/ControlRig_Arrow4_solid.uexp" 470
"../../../Engine/Plugins/Animation/ControlRig/Content/Controls/ControlRig_Arrow4_3mm.uasset" 471
"../../../Engine/Plugins/Animation/ControlRig/Content/Controls/ControlRig_Arrow4_3mm.uexp" 472
"../../../Engine/Plugins/Animation/ControlRig/Content/Controls/ControlRig_Arrow4_1mm.uasset" 473
"../../../Engine/Plugins/Animation/ControlRig/Content/Controls/ControlRig_Arrow4_1mm.uexp" 474
"../../../Engine/Plugins/Animation/ControlRig/Content/Controls/ControlRig_Arrow2_solid.uasset" 475
"../../../Engine/Plugins/Animation/ControlRig/Content/Controls/ControlRig_Arrow2_solid.uexp" 476
"../../../Engine/Plugins/Animation/ControlRig/Content/Controls/ControlRig_Arrow2_3mm.uasset" 477
"../../../Engine/Plugins/Animation/ControlRig/Content/Controls/ControlRig_Arrow2_3mm.uexp" 478
"../../../Engine/Plugins/Animation/ControlRig/Content/Controls/ControlRig_Arrow2_1mm.uasset" 479
"../../../Engine/Plugins/Animation/ControlRig/Content/Controls/ControlRig_Arrow2_1mm.uexp" 480
"../../../Engine/Plugins/Animation/ControlRig/Content/Controls/ControlRigXRayMaterial.uasset" 481
"../../../Engine/Plugins/Animation/ControlRig/Content/Controls/ControlRigXRayMaterial.uexp" 482
"../../../Engine/Plugins/Animation/ControlRig/Content/Controls/ControlRigGizmoMaterial.uasset" 483
"../../../Engine/Plugins/Animation/ControlRig/Content/Controls/ControlRigGizmoMaterial.uexp" 484
"../../../Engine/Plugins/Editor/SpeedTreeImporter/Content/SpeedTree9/game_wind_noise.ubulk" 485
"../../../Engine/Plugins/Editor/SpeedTreeImporter/Content/SpeedTree9/game_wind_noise.uasset" 486
"../../../Engine/Plugins/Editor/SpeedTreeImporter/Content/SpeedTree9/game_wind_noise.uexp" 487
"../../../Engine/Plugins/Editor/SpeedTreeImporter/Content/SpeedTree9/UnpackDirection.uasset" 488
"../../../Engine/Plugins/Editor/SpeedTreeImporter/Content/SpeedTree9/UnpackDirection.uexp" 489
"../../../Engine/Content/Functions/Engine_MaterialFunctions02/ObjectLocalBounds.uasset" 490
"../../../Engine/Content/Functions/Engine_MaterialFunctions02/ObjectLocalBounds.uexp" 491
"../../../Engine/Content/Functions/Engine_MaterialFunctions02/UVs/BoundingBoxBased_0-1_UVW.uasset" 492
"../../../Engine/Content/Functions/Engine_MaterialFunctions02/UVs/BoundingBoxBased_0-1_UVW.uexp" 493
"../../../Engine/Content/Functions/Engine_MaterialFunctions02/Utility/VectorLength.uasset" 494
"../../../Engine/Content/Functions/Engine_MaterialFunctions02/Utility/VectorLength.uexp" 495
"../../../Engine/Plugins/Editor/SpeedTreeImporter/Content/SpeedTree9/UnpackInteger3.uasset" 496
"../../../Engine/Plugins/Editor/SpeedTreeImporter/Content/SpeedTree9/UnpackInteger3.uexp" 497
"../../../Engine/Plugins/Editor/SpeedTreeImporter/Content/SpeedTree9/SpeedTreeCameraFacing.uasset" 498
"../../../Engine/Plugins/Editor/SpeedTreeImporter/Content/SpeedTree9/SpeedTreeCameraFacing.uexp" 499
"../../../Engine/Content/Functions/Engine_MaterialFunctions02/WorldPositionOffset/ObjectScale.uasset" 500
"../../../Engine/Content/Functions/Engine_MaterialFunctions02/WorldPositionOffset/ObjectScale.uexp" 501
"../../../Engine/Content/Functions/Engine_MaterialFunctions02/SafeNormalize.uasset" 502
"../../../Engine/Content/Functions/Engine_MaterialFunctions02/SafeNormalize.uexp" 503
"../../../Engine/Plugins/Editor/SpeedTreeImporter/Content/SpeedTree9/SpeedTreeWindMotion.uasset" 504
"../../../Engine/Plugins/Editor/SpeedTreeImporter/Content/SpeedTree9/SpeedTreeWindMotion.uexp" 505
"../../../Engine/Plugins/Editor/SpeedTreeImporter/Content/SpeedTree9/SpeedTreeBranchMotion.uasset" 506
"../../../Engine/Plugins/Editor/SpeedTreeImporter/Content/SpeedTree9/SpeedTreeBranchMotion.uexp" 507
"../../../Engine/Plugins/Editor/SpeedTreeImporter/Content/SpeedTree9/SpeedTreeWind.uasset" 508
"../../../Engine/Plugins/Editor/SpeedTreeImporter/Content/SpeedTree9/SpeedTreeWind.uexp" 509
"../../../Engine/Plugins/Editor/SpeedTreeImporter/Content/SpeedTree9/EmptyNormal.uasset" 510
"../../../Engine/Plugins/Editor/SpeedTreeImporter/Content/SpeedTree9/EmptyNormal.uexp" 511
"../../../Engine/Plugins/Editor/SpeedTreeImporter/Content/SpeedTree9/Empty.uasset" 512
"../../../Engine/Plugins/Editor/SpeedTreeImporter/Content/SpeedTree9/Empty.uexp" 513
"../../../Engine/Plugins/Editor/SpeedTreeImporter/Content/SpeedTree9/SpeedTreeMaster.uasset" 514
"../../../Engine/Plugins/Editor/SpeedTreeImporter/Content/SpeedTree9/SpeedTreeMaster.uexp" 515
"../../../Engine/Plugins/Editor/SpeedTreeImporter/Content/SpeedTree9/SpeedTreeBillboard.uasset" 516
"../../../Engine/Plugins/Editor/SpeedTreeImporter/Content/SpeedTree9/SpeedTreeBillboard.uexp" 517
"../../../Engine/Plugins/Editor/SpeedTreeImporter/Content/SpeedTree9/SpeedTreeBillboardMaster.uasset" 518
"../../../Engine/Plugins/Editor/SpeedTreeImporter/Content/SpeedTree9/SpeedTreeBillboardMaster.uexp" 519
"../../../Engine/Plugins/Runtime/MeshModelingToolset/Content/Materials/M_DynamicMeshComponentVtxColor.uasset" 520
"../../../Engine/Plugins/Runtime/MeshModelingToolset/Content/Materials/M_DynamicMeshComponentVtxColor.uexp" 521
"../../../Engine/Plugins/MinimapPlugin/Content/Textures/RT_MinimapSnapshot.uasset" 522
"../../../Engine/Plugins/MinimapPlugin/Content/Textures/RT_MinimapSnapshot.uexp" 523
"../../../Engine/Plugins/MinimapPlugin/Content/Materials/Common/MF_InverseLerp.uasset" 524
"../../../Engine/Plugins/MinimapPlugin/Content/Materials/Common/MF_InverseLerp.uexp" 525
"../../../Engine/Plugins/MinimapPlugin/Content/Materials/Revealers/M_Revealer_Circle.uasset" 526
"../../../Engine/Plugins/MinimapPlugin/Content/Materials/Revealers/M_Revealer_Circle.uexp" 527
"../../../Engine/Content/Functions/Engine_MaterialFunctions02/Texturing/CustomRotator.uasset" 528
"../../../Engine/Content/Functions/Engine_MaterialFunctions02/Texturing/CustomRotator.uexp" 529
"../../../Engine/Content/Functions/Engine_MaterialFunctions01/Texturing/ScaleUVsByCenter.uasset" 530
"../../../Engine/Content/Functions/Engine_MaterialFunctions01/Texturing/ScaleUVsByCenter.uexp" 531
"../../../Engine/Plugins/MinimapPlugin/Content/Textures/Icons/T_Icon_Placeholder.ubulk" 532
"../../../Engine/Plugins/MinimapPlugin/Content/Textures/Icons/T_Icon_Placeholder.uasset" 533
"../../../Engine/Plugins/MinimapPlugin/Content/Textures/Icons/T_Icon_Placeholder.uexp" 534
"../../../Engine/Plugins/MinimapPlugin/Content/Materials/Icons/MF_UMG_SampleIcon.uasset" 535
"../../../Engine/Plugins/MinimapPlugin/Content/Materials/Icons/MF_UMG_SampleIcon.uexp" 536
"../../../Engine/Plugins/MinimapPlugin/Content/Materials/Icons/M_UMG_MapIcon.uasset" 537
"../../../Engine/Plugins/MinimapPlugin/Content/Materials/Icons/M_UMG_MapIcon.uexp" 538
"../../../Engine/Plugins/MinimapPlugin/Content/Materials/Common/MF_Mask_Circle.uasset" 539
"../../../Engine/Plugins/MinimapPlugin/Content/Materials/Common/MF_Mask_Circle.uexp" 540
"../../../Engine/Content/Functions/Engine_MaterialFunctions02/Utility/BreakOutFloat4Components.uasset" 541
"../../../Engine/Content/Functions/Engine_MaterialFunctions02/Utility/BreakOutFloat4Components.uexp" 542
"../../../Engine/Plugins/MinimapPlugin/Content/Materials/Common/MF_Mask_Rect.uasset" 543
"../../../Engine/Plugins/MinimapPlugin/Content/Materials/Common/MF_Mask_Rect.uexp" 544
"../../../Engine/Plugins/MinimapPlugin/Content/Materials/Common/MF_Mask_CanvasClip.uasset" 545
"../../../Engine/Plugins/MinimapPlugin/Content/Materials/Common/MF_Mask_CanvasClip.uexp" 546
"../../../Engine/Plugins/MinimapPlugin/Content/Materials/Icons/M_Canvas_MapIcon.uasset" 547
"../../../Engine/Plugins/MinimapPlugin/Content/Materials/Icons/M_Canvas_MapIcon.uexp" 548
"../../../Engine/Plugins/MinimapPlugin/Content/Textures/Fog/T_TestFog.ubulk" 549
"../../../Engine/Plugins/MinimapPlugin/Content/Textures/Fog/T_TestFog.uasset" 550
"../../../Engine/Plugins/MinimapPlugin/Content/Textures/Fog/T_TestFog.uexp" 551
"../../../Engine/Plugins/MinimapPlugin/Content/Materials/Fog/M_WorldFog.uasset" 552
"../../../Engine/Plugins/MinimapPlugin/Content/Materials/Fog/M_WorldFog.uexp" 553
"../../../Engine/Plugins/MinimapPlugin/Content/Materials/Background/MF_UMG_SampleBackground.uasset" 554
"../../../Engine/Plugins/MinimapPlugin/Content/Materials/Background/MF_UMG_SampleBackground.uexp" 555
"../../../Engine/Plugins/MinimapPlugin/Content/Materials/Fog/M_UMG_Fog.uasset" 556
"../../../Engine/Plugins/MinimapPlugin/Content/Materials/Fog/M_UMG_Fog.uexp" 557
"../../../Engine/Plugins/MinimapPlugin/Content/Materials/Fog/M_FogCombine.uasset" 558
"../../../Engine/Plugins/MinimapPlugin/Content/Materials/Fog/M_FogCombine.uexp" 559
"../../../Engine/Plugins/MinimapPlugin/Content/Materials/Fog/M_Canvas_Fog.uasset" 560
"../../../Engine/Plugins/MinimapPlugin/Content/Materials/Fog/M_Canvas_Fog.uexp" 561
"../../../Engine/Plugins/MinimapPlugin/Content/Materials/Background/M_UMG_Background.uasset" 562
"../../../Engine/Plugins/MinimapPlugin/Content/Materials/Background/M_UMG_Background.uexp" 563
"../../../Engine/Plugins/MinimapPlugin/Content/Materials/Background/M_Canvas_BackgroundFill.uasset" 564
"../../../Engine/Plugins/MinimapPlugin/Content/Materials/Background/M_Canvas_BackgroundFill.uexp" 565
"../../../Engine/Plugins/MinimapPlugin/Content/Materials/Background/M_Canvas_Background.uasset" 566
"../../../Engine/Plugins/MinimapPlugin/Content/Materials/Background/M_Canvas_Background.uexp" 567
"../../../Engine/Plugins/Interchange/Runtime/Content/Pipelines/DefaultTexturePipeline.uasset" 568
"../../../Engine/Plugins/Interchange/Runtime/Content/Pipelines/DefaultTexturePipeline.uexp" 569
"../../../Engine/Plugins/Interchange/Runtime/Content/Pipelines/DefaultSceneLevelPipeline.uasset" 570
"../../../Engine/Plugins/Interchange/Runtime/Content/Pipelines/DefaultSceneLevelPipeline.uexp" 571
"../../../Engine/Plugins/Interchange/Runtime/Content/Pipelines/DefaultSceneAssetsPipeline.uasset" 572
"../../../Engine/Plugins/Interchange/Runtime/Content/Pipelines/DefaultSceneAssetsPipeline.uexp" 573
"../../../Engine/Plugins/Interchange/Runtime/Content/Pipelines/DefaultMaterialPipeline.uasset" 574
"../../../Engine/Plugins/Interchange/Runtime/Content/Pipelines/DefaultMaterialPipeline.uexp" 575
"../../../Engine/Plugins/Interchange/Runtime/Content/Pipelines/DefaultAssetsPipeline.uasset" 576
"../../../Engine/Plugins/Interchange/Runtime/Content/Pipelines/DefaultAssetsPipeline.uexp" 577
"../../../Engine/Plugins/Interchange/Runtime/Content/Materials/UnlitMaterial.uasset" 578
"../../../Engine/Plugins/Interchange/Runtime/Content/Materials/UnlitMaterial.uexp" 579
"../../../Engine/Content/EngineMaterials/DefaultNormal.ubulk" 580
"../../../Engine/Content/EngineMaterials/DefaultNormal.uasset" 581
"../../../Engine/Content/EngineMaterials/DefaultNormal.uexp" 582
"../../../Engine/Plugins/Interchange/Runtime/Content/Materials/MapOrScalarFunction.uasset" 583
"../../../Engine/Plugins/Interchange/Runtime/Content/Materials/MapOrScalarFunction.uexp" 584
"../../../Engine/Plugins/Interchange/Runtime/Content/Materials/MapOrLinearColorFunction.uasset" 585
"../../../Engine/Plugins/Interchange/Runtime/Content/Materials/MapOrLinearColorFunction.uexp" 586
"../../../Engine/Plugins/Interchange/Runtime/Content/Materials/MapOrColorFunction.uasset" 587
"../../../Engine/Plugins/Interchange/Runtime/Content/Materials/MapOrColorFunction.uexp" 588
"../../../Engine/Plugins/Interchange/Runtime/Content/Materials/CommonMaterial.uasset" 589
"../../../Engine/Plugins/Interchange/Runtime/Content/Materials/CommonMaterial.uexp" 590
"../../../Engine/Plugins/Interchange/Runtime/Content/Materials/PBRSurfaceFunction.uasset" 591
"../../../Engine/Plugins/Interchange/Runtime/Content/Materials/PBRSurfaceFunction.uexp" 592
"../../../Engine/Plugins/Interchange/Runtime/Content/Materials/ThinTranslucentMaterial.uasset" 593
"../../../Engine/Plugins/Interchange/Runtime/Content/Materials/ThinTranslucentMaterial.uexp" 594
"../../../Engine/Plugins/Interchange/Runtime/Content/Materials/SubsurfaceMaterial.uasset" 595
"../../../Engine/Plugins/Interchange/Runtime/Content/Materials/SubsurfaceMaterial.uexp" 596
"../../../Engine/Plugins/Interchange/Runtime/Content/Materials/SheenMaterial.uasset" 597
"../../../Engine/Plugins/Interchange/Runtime/Content/Materials/SheenMaterial.uexp" 598
"../../../Engine/Content/Functions/Engine_MaterialFunctions01/Shading/ConvertFromDiffSpec.uasset" 599
"../../../Engine/Content/Functions/Engine_MaterialFunctions01/Shading/ConvertFromDiffSpec.uexp" 600
"../../../Engine/Plugins/Interchange/Runtime/Content/Materials/PhongSurfaceMaterial.uasset" 601
"../../../Engine/Plugins/Interchange/Runtime/Content/Materials/PhongSurfaceMaterial.uexp" 602
"../../../Engine/Plugins/Interchange/Runtime/Content/Materials/PBRSurfaceMaterial.uasset" 603
"../../../Engine/Plugins/Interchange/Runtime/Content/Materials/PBRSurfaceMaterial.uexp" 604
"../../../Engine/Content/EngineMaterials/FlatNormal.uasset" 605
"../../../Engine/Content/EngineMaterials/FlatNormal.uexp" 606
"../../../Engine/Plugins/Interchange/Runtime/Content/Functions/MF_OrenNayerView.uasset" 607
"../../../Engine/Plugins/Interchange/Runtime/Content/Functions/MF_OrenNayerView.uexp" 608
"../../../Engine/Content/EditorLandscapeResources/WhiteSquareTexture.uasset" 609
"../../../Engine/Content/EditorLandscapeResources/WhiteSquareTexture.uexp" 610
"../../../Engine/Plugins/Interchange/Runtime/Content/Functions/MF_SchlickApprox.uasset" 611
"../../../Engine/Plugins/Interchange/Runtime/Content/Functions/MF_SchlickApprox.uexp" 612
"../../../Engine/Plugins/Interchange/Runtime/Content/Utilities/New_LUT.uasset" 613
"../../../Engine/Plugins/Interchange/Runtime/Content/Utilities/New_LUT.uexp" 614
"../../../Engine/Content/Functions/Engine_MaterialFunctions03/Math/RemapValueRange.uasset" 615
"../../../Engine/Content/Functions/Engine_MaterialFunctions03/Math/RemapValueRange.uexp" 616
"../../../Engine/Plugins/Interchange/Runtime/Content/Functions/MF_Iridescence.uasset" 617
"../../../Engine/Plugins/Interchange/Runtime/Content/Functions/MF_Iridescence.uexp" 618
"../../../Engine/Plugins/Interchange/Runtime/Content/Materials/OrenNayerMaterial.uasset" 619
"../../../Engine/Plugins/Interchange/Runtime/Content/Materials/OrenNayerMaterial.uexp" 620
"../../../Engine/Plugins/Interchange/Runtime/Content/Materials/LambertSurfaceMaterial.uasset" 621
"../../../Engine/Plugins/Interchange/Runtime/Content/Materials/LambertSurfaceMaterial.uexp" 622
"../../../Engine/Plugins/Interchange/Runtime/Content/Materials/ClearCoatMaterial.uasset" 623
"../../../Engine/Plugins/Interchange/Runtime/Content/Materials/ClearCoatMaterial.uexp" 624
"../../../Engine/Plugins/Interchange/Runtime/Content/gltf/Textures/T_Gray_Linear.uasset" 625
"../../../Engine/Plugins/Interchange/Runtime/Content/gltf/Textures/T_Gray_Linear.uexp" 626
"../../../Engine/Plugins/Interchange/Runtime/Content/gltf/Textures/T_Black_srgb.uasset" 627
"../../../Engine/Plugins/Interchange/Runtime/Content/gltf/Textures/T_Black_srgb.uexp" 628
"../../../Engine/Plugins/Interchange/Runtime/Content/gltf/MaterialFunctions/MF_RotateV2.uasset" 629
"../../../Engine/Plugins/Interchange/Runtime/Content/gltf/MaterialFunctions/MF_RotateV2.uexp" 630
"../../../Engine/Plugins/Interchange/Runtime/Content/gltf/MaterialFunctions/MF_TransformUVs.uasset" 631
"../../../Engine/Plugins/Interchange/Runtime/Content/gltf/MaterialFunctions/MF_TransformUVs.uexp" 632
"../../../Engine/Plugins/Interchange/Runtime/Content/gltf/Textures/T_White_srgb.uasset" 633
"../../../Engine/Plugins/Interchange/Runtime/Content/gltf/Textures/T_White_srgb.uexp" 634
"../../../Engine/Plugins/Interchange/Runtime/Content/gltf/MaterialFunctions/MF_BaseColor.uasset" 635
"../../../Engine/Plugins/Interchange/Runtime/Content/gltf/MaterialFunctions/MF_BaseColor.uexp" 636
"../../../Engine/Plugins/Interchange/Runtime/Content/gltf/MaterialFunctions/MF_DiffuseSpecGloss.uasset" 637
"../../../Engine/Plugins/Interchange/Runtime/Content/gltf/MaterialFunctions/MF_DiffuseSpecGloss.uexp" 638
"../../../Engine/Plugins/Interchange/Runtime/Content/gltf/Textures/T_White_Linear.uasset" 639
"../../../Engine/Plugins/Interchange/Runtime/Content/gltf/Textures/T_White_Linear.uexp" 640
"../../../Engine/Plugins/Interchange/Runtime/Content/gltf/MaterialFunctions/MF_MetallicRoughness.uasset" 641
"../../../Engine/Plugins/Interchange/Runtime/Content/gltf/MaterialFunctions/MF_MetallicRoughness.uexp" 642
"../../../Engine/Plugins/Interchange/Runtime/Content/gltf/MaterialFunctions/MF_Transmission.uasset" 643
"../../../Engine/Plugins/Interchange/Runtime/Content/gltf/MaterialFunctions/MF_Transmission.uexp" 644
"../../../Engine/Plugins/Interchange/Runtime/Content/gltf/MaterialFunctions/MF_Occlusion.uasset" 645
"../../../Engine/Plugins/Interchange/Runtime/Content/gltf/MaterialFunctions/MF_Occlusion.uexp" 646
"../../../Engine/Content/Functions/Engine_MaterialFunctions02/Texturing/ScreenAlignedPixelToPixelUVs.uasset" 647
"../../../Engine/Content/Functions/Engine_MaterialFunctions02/Texturing/ScreenAlignedPixelToPixelUVs.uexp" 648
"../../../Engine/Plugins/Interchange/Runtime/Content/Utilities/T_Bayer64_Grayscale_64px.uasset" 649
"../../../Engine/Plugins/Interchange/Runtime/Content/Utilities/T_Bayer64_Grayscale_64px.uexp" 650
"../../../Engine/Plugins/Interchange/Runtime/Content/gltf/MaterialFunctions/MF_Temporal_Blur.uasset" 651
"../../../Engine/Plugins/Interchange/Runtime/Content/gltf/MaterialFunctions/MF_Temporal_Blur.uexp" 652
"../../../Engine/Plugins/Interchange/Runtime/Content/gltf/MaterialFunctions/MF_Specular.uasset" 653
"../../../Engine/Plugins/Interchange/Runtime/Content/gltf/MaterialFunctions/MF_Specular.uexp" 654
"../../../Engine/Plugins/Interchange/Runtime/Content/gltf/MaterialFunctions/MF_IOR.uasset" 655
"../../../Engine/Plugins/Interchange/Runtime/Content/gltf/MaterialFunctions/MF_IOR.uexp" 656
"../../../Engine/Plugins/Interchange/Runtime/Content/gltf/MaterialFunctions/MF_Fresnel_DS.uasset" 657
"../../../Engine/Plugins/Interchange/Runtime/Content/gltf/MaterialFunctions/MF_Fresnel_DS.uexp" 658
"../../../Engine/Content/Functions/Engine_MaterialFunctions01/Texturing/FlattenNormal.uasset" 659
"../../../Engine/Content/Functions/Engine_MaterialFunctions01/Texturing/FlattenNormal.uexp" 660
"../../../Engine/Content/Functions/Engine_MaterialFunctions02/Math/Transform3x3Matrix.uasset" 661
"../../../Engine/Content/Functions/Engine_MaterialFunctions02/Math/Transform3x3Matrix.uexp" 662
"../../../Engine/Plugins/Interchange/Runtime/Content/gltf/MaterialFunctions/MF_RotateNormals_TS.uasset" 663
"../../../Engine/Plugins/Interchange/Runtime/Content/gltf/MaterialFunctions/MF_RotateNormals_TS.uexp" 664
"../../../Engine/Plugins/Interchange/Runtime/Content/gltf/Textures/T_Generic_N.uasset" 665
"../../../Engine/Plugins/Interchange/Runtime/Content/gltf/Textures/T_Generic_N.uexp" 666
"../../../Engine/Plugins/Interchange/Runtime/Content/gltf/MaterialFunctions/MF_Normals.uasset" 667
"../../../Engine/Plugins/Interchange/Runtime/Content/gltf/MaterialFunctions/MF_Normals.uexp" 668
"../../../Engine/Content/Functions/Engine_MaterialFunctions02/Math/AddComponents.uasset" 669
"../../../Engine/Content/Functions/Engine_MaterialFunctions02/Math/AddComponents.uexp" 670
"../../../Engine/Plugins/Interchange/Runtime/Content/gltf/MaterialFunctions/MF_PerceivedBrightness.uasset" 671
"../../../Engine/Plugins/Interchange/Runtime/Content/gltf/MaterialFunctions/MF_PerceivedBrightness.uexp" 672
"../../../Engine/Plugins/Interchange/Runtime/Content/gltf/MaterialFunctions/MF_SpecGlossToMetalRoughness.uasset" 673
"../../../Engine/Plugins/Interchange/Runtime/Content/gltf/MaterialFunctions/MF_SpecGlossToMetalRoughness.uexp" 674
"../../../Engine/Plugins/Interchange/Runtime/Content/gltf/M_Transmission.uasset" 675
"../../../Engine/Plugins/Interchange/Runtime/Content/gltf/M_Transmission.uexp" 676
"../../../Engine/Plugins/Interchange/Runtime/Content/gltf/MaterialInstances_SG/MI_Transmission_TS.uasset" 677
"../../../Engine/Plugins/Interchange/Runtime/Content/gltf/MaterialInstances_SG/MI_Transmission_TS.uexp" 678
"../../../Engine/Plugins/Interchange/Runtime/Content/gltf/MaterialInstances_SG/MI_Transmission.uasset" 679
"../../../Engine/Plugins/Interchange/Runtime/Content/gltf/MaterialInstances_SG/MI_Transmission.uexp" 680
"../../../Engine/Plugins/Interchange/Runtime/Content/gltf/MaterialFunctions/MF_Clearcoat.uasset" 681
"../../../Engine/Plugins/Interchange/Runtime/Content/gltf/MaterialFunctions/MF_Clearcoat.uexp" 682
"../../../Engine/Plugins/Interchange/Runtime/Content/gltf/MaterialFunctions/MF_Emissive.uasset" 683
"../../../Engine/Plugins/Interchange/Runtime/Content/gltf/MaterialFunctions/MF_Emissive.uexp" 684
"../../../Engine/Plugins/Interchange/Runtime/Content/gltf/M_Translucent.uasset" 685
"../../../Engine/Plugins/Interchange/Runtime/Content/gltf/M_Translucent.uexp" 686
"../../../Engine/Plugins/Interchange/Runtime/Content/gltf/MaterialInstances_SG/MI_Translucent_TS.uasset" 687
"../../../Engine/Plugins/Interchange/Runtime/Content/gltf/MaterialInstances_SG/MI_Translucent_TS.uexp" 688
"../../../Engine/Plugins/Interchange/Runtime/Content/gltf/MaterialInstances_SG/MI_Translucent_ClearCoat_TS.uasset" 689
"../../../Engine/Plugins/Interchange/Runtime/Content/gltf/MaterialInstances_SG/MI_Translucent_ClearCoat_TS.uexp" 690
"../../../Engine/Plugins/Interchange/Runtime/Content/gltf/MaterialInstances_SG/MI_Translucent_ClearCoat.uasset" 691
"../../../Engine/Plugins/Interchange/Runtime/Content/gltf/MaterialInstances_SG/MI_Translucent_ClearCoat.uexp" 692
"../../../Engine/Plugins/Interchange/Runtime/Content/gltf/MaterialInstances_SG/MI_Translucent.uasset" 693
"../../../Engine/Plugins/Interchange/Runtime/Content/gltf/MaterialInstances_SG/MI_Translucent.uexp" 694
"../../../Engine/Plugins/Interchange/Runtime/Content/gltf/M_Opaque.uasset" 695
"../../../Engine/Plugins/Interchange/Runtime/Content/gltf/M_Opaque.uexp" 696
"../../../Engine/Plugins/Interchange/Runtime/Content/gltf/MaterialInstances_SG/MI_Opaque_TS.uasset" 697
"../../../Engine/Plugins/Interchange/Runtime/Content/gltf/MaterialInstances_SG/MI_Opaque_TS.uexp" 698
"../../../Engine/Plugins/Interchange/Runtime/Content/gltf/MaterialFunctions/MF_Sheen.uasset" 699
"../../../Engine/Plugins/Interchange/Runtime/Content/gltf/MaterialFunctions/MF_Sheen.uexp" 700
"../../../Engine/Content/Functions/Engine_MaterialFunctions01/Shading/FuzzyShading.uasset" 701
"../../../Engine/Content/Functions/Engine_MaterialFunctions01/Shading/FuzzyShading.uexp" 702
"../../../Engine/Plugins/Interchange/Runtime/Content/gltf/M_Sheen.uasset" 703
"../../../Engine/Plugins/Interchange/Runtime/Content/gltf/M_Sheen.uexp" 704
"../../../Engine/Plugins/Interchange/Runtime/Content/gltf/MaterialInstances_SG/MI_Opaque_Sheen_TS.uasset" 705
"../../../Engine/Plugins/Interchange/Runtime/Content/gltf/MaterialInstances_SG/MI_Opaque_Sheen_TS.uexp" 706
"../../../Engine/Plugins/Interchange/Runtime/Content/gltf/MaterialInstances_SG/MI_Opaque_Sheen.uasset" 707
"../../../Engine/Plugins/Interchange/Runtime/Content/gltf/MaterialInstances_SG/MI_Opaque_Sheen.uexp" 708
"../../../Engine/Plugins/Interchange/Runtime/Content/gltf/MaterialInstances_SG/MI_Opaque_ClearCoat_TS.uasset" 709
"../../../Engine/Plugins/Interchange/Runtime/Content/gltf/MaterialInstances_SG/MI_Opaque_ClearCoat_TS.uexp" 710
"../../../Engine/Plugins/Interchange/Runtime/Content/gltf/MaterialInstances_SG/MI_Opaque_ClearCoat.uasset" 711
"../../../Engine/Plugins/Interchange/Runtime/Content/gltf/MaterialInstances_SG/MI_Opaque_ClearCoat.uexp" 712
"../../../Engine/Plugins/Interchange/Runtime/Content/gltf/MaterialInstances_SG/MI_Opaque.uasset" 713
"../../../Engine/Plugins/Interchange/Runtime/Content/gltf/MaterialInstances_SG/MI_Opaque.uexp" 714
"../../../Engine/Plugins/Interchange/Runtime/Content/gltf/MaterialInstances_MR/MI_Transmission_TS.uasset" 715
"../../../Engine/Plugins/Interchange/Runtime/Content/gltf/MaterialInstances_MR/MI_Transmission_TS.uexp" 716
"../../../Engine/Plugins/Interchange/Runtime/Content/gltf/MaterialInstances_MR/MI_Transmission.uasset" 717
"../../../Engine/Plugins/Interchange/Runtime/Content/gltf/MaterialInstances_MR/MI_Transmission.uexp" 718
"../../../Engine/Plugins/Interchange/Runtime/Content/gltf/MaterialInstances_MR/MI_Translucent_TS.uasset" 719
"../../../Engine/Plugins/Interchange/Runtime/Content/gltf/MaterialInstances_MR/MI_Translucent_TS.uexp" 720
"../../../Engine/Plugins/Interchange/Runtime/Content/gltf/MaterialInstances_MR/MI_Translucent_ClearCoat_TS.uasset" 721
"../../../Engine/Plugins/Interchange/Runtime/Content/gltf/MaterialInstances_MR/MI_Translucent_ClearCoat_TS.uexp" 722
"../../../Engine/Plugins/Interchange/Runtime/Content/gltf/MaterialInstances_MR/MI_Translucent_ClearCoat.uasset" 723
"../../../Engine/Plugins/Interchange/Runtime/Content/gltf/MaterialInstances_MR/MI_Translucent_ClearCoat.uexp" 724
"../../../Engine/Plugins/Interchange/Runtime/Content/gltf/MaterialInstances_MR/MI_Translucent.uasset" 725
"../../../Engine/Plugins/Interchange/Runtime/Content/gltf/MaterialInstances_MR/MI_Translucent.uexp" 726
"../../../Engine/Plugins/Interchange/Runtime/Content/gltf/M_Unlit.uasset" 727
"../../../Engine/Plugins/Interchange/Runtime/Content/gltf/M_Unlit.uexp" 728
"../../../Engine/Plugins/Interchange/Runtime/Content/gltf/MaterialInstances_MR/MI_Opaque_Unlit_TS.uasset" 729
"../../../Engine/Plugins/Interchange/Runtime/Content/gltf/MaterialInstances_MR/MI_Opaque_Unlit_TS.uexp" 730
"../../../Engine/Plugins/Interchange/Runtime/Content/gltf/MaterialInstances_MR/MI_Opaque_Unlit.uasset" 731
"../../../Engine/Plugins/Interchange/Runtime/Content/gltf/MaterialInstances_MR/MI_Opaque_Unlit.uexp" 732
"../../../Engine/Plugins/Interchange/Runtime/Content/gltf/MaterialInstances_MR/MI_Opaque_TS.uasset" 733
"../../../Engine/Plugins/Interchange/Runtime/Content/gltf/MaterialInstances_MR/MI_Opaque_TS.uexp" 734
"../../../Engine/Plugins/Interchange/Runtime/Content/gltf/MaterialInstances_MR/MI_Opaque_Sheen_TS.uasset" 735
"../../../Engine/Plugins/Interchange/Runtime/Content/gltf/MaterialInstances_MR/MI_Opaque_Sheen_TS.uexp" 736
"../../../Engine/Plugins/Interchange/Runtime/Content/gltf/MaterialInstances_MR/MI_Opaque_Sheen.uasset" 737
"../../../Engine/Plugins/Interchange/Runtime/Content/gltf/MaterialInstances_MR/MI_Opaque_Sheen.uexp" 738
"../../../Engine/Plugins/Interchange/Runtime/Content/gltf/MaterialInstances_MR/MI_Opaque_ClearCoat_TS.uasset" 739
"../../../Engine/Plugins/Interchange/Runtime/Content/gltf/MaterialInstances_MR/MI_Opaque_ClearCoat_TS.uexp" 740
"../../../Engine/Plugins/Interchange/Runtime/Content/gltf/MaterialInstances_MR/MI_Opaque_ClearCoat.uasset" 741
"../../../Engine/Plugins/Interchange/Runtime/Content/gltf/MaterialInstances_MR/MI_Opaque_ClearCoat.uexp" 742
"../../../Engine/Plugins/Interchange/Runtime/Content/gltf/MaterialInstances_MR/MI_Opaque.uasset" 743
"../../../Engine/Plugins/Interchange/Runtime/Content/gltf/MaterialInstances_MR/MI_Opaque.uexp" 744
"../../../Engine/Content/Functions/Engine_MaterialFunctions02/WorldPositionOffset/V2/ObjectScale.uasset" 745
"../../../Engine/Content/Functions/Engine_MaterialFunctions02/WorldPositionOffset/V2/ObjectScale.uexp" 746
"../../../Engine/Plugins/Interchange/Runtime/Content/gltf/MaterialFunctions/MF_TransmissionOpacity.uasset" 747
"../../../Engine/Plugins/Interchange/Runtime/Content/gltf/MaterialFunctions/MF_TransmissionOpacity.uexp" 748
"../../../Engine/Plugins/Interchange/Runtime/Content/Functions/MX_Transmission.uasset" 749
"../../../Engine/Plugins/Interchange/Runtime/Content/Functions/MX_Transmission.uexp" 750
"../../../Engine/Plugins/Interchange/Runtime/Content/Functions/MX_StandardSurface.uasset" 751
"../../../Engine/Plugins/Interchange/Runtime/Content/Functions/MX_StandardSurface.uexp" 752
"../../../Engine/Plugins/Interchange/Runtime/Content/Functions/MX_TransmissionSurface.uasset" 753
"../../../Engine/Plugins/Interchange/Runtime/Content/Functions/MX_TransmissionSurface.uexp" 754
"F:/AI Wellness Home/AI_Wellness_Home/Content/Assets/UMG/2Dtxetur/logo.uasset" 755
"F:/AI Wellness Home/AI_Wellness_Home/Content/Assets/UMG/2Dtxetur/logo.uexp" 756
"F:/AI Wellness Home/AI_Wellness_Home/Content/Assets/UMG/2Dtxetur/UI.uasset" 757
"F:/AI Wellness Home/AI_Wellness_Home/Content/Assets/UMG/2Dtxetur/UI.uexp" 758
"F:/AI Wellness Home/AI_Wellness_Home/Content/Assets/UMG/SingupUI.uasset" 759
"F:/AI Wellness Home/AI_Wellness_Home/Content/Assets/UMG/SingupUI.uexp" 760
"F:/AI Wellness Home/AI_Wellness_Home/Content/Assets/Maps/Singup.uexp" 761
"F:/AI Wellness Home/AI_Wellness_Home/Content/Assets/Maps/Singup.umap" 762
"F:/AI Wellness Home/AI_Wellness_Home/Plugins/Maple_FastSetting/Content/UMG/Button/USC_Button.uasset" 763
"F:/AI Wellness Home/AI_Wellness_Home/Plugins/Maple_FastSetting/Content/UMG/Button/USC_Button.uexp" 764
"F:/AI Wellness Home/AI_Wellness_Home/Plugins/Maple_FastSetting/Content/FastSave/Save_FastSave.uasset" 765
"F:/AI Wellness Home/AI_Wellness_Home/Plugins/Maple_FastSetting/Content/FastSave/Save_FastSave.uexp" 766
"../../../Engine/Content/EditorBlueprintResources/StandardMacros.uasset" 767
"../../../Engine/Content/EditorBlueprintResources/StandardMacros.uexp" 768
"F:/AI Wellness Home/AI_Wellness_Home/Plugins/Maple_FastSetting/Content/FastSave/ACom_FastSaveManage.uasset" 769
"F:/AI Wellness Home/AI_Wellness_Home/Plugins/Maple_FastSetting/Content/FastSave/ACom_FastSaveManage.uexp" 770
"F:/AI Wellness Home/AI_Wellness_Home/Plugins/Maple_FastSetting/Content/FastSave/FUNL_FastSave.uasset" 771
"F:/AI Wellness Home/AI_Wellness_Home/Plugins/Maple_FastSetting/Content/FastSave/FUNL_FastSave.uexp" 772
"F:/AI Wellness Home/AI_Wellness_Home/Plugins/Maple_FastSetting/Content/Library/FUNL_FastSetting.uasset" 773
"F:/AI Wellness Home/AI_Wellness_Home/Plugins/Maple_FastSetting/Content/Library/FUNL_FastSetting.uexp" 774
"F:/AI Wellness Home/AI_Wellness_Home/Plugins/Maple_FastSetting/Content/UMG/Button/USC_Button_Standard.uasset" 775
"F:/AI Wellness Home/AI_Wellness_Home/Plugins/Maple_FastSetting/Content/UMG/Button/USC_Button_Standard.uexp" 776
"F:/AI Wellness Home/AI_Wellness_Home/Content/Assets/UMG/UMG_Item_Room.uasset" 777
"F:/AI Wellness Home/AI_Wellness_Home/Content/Assets/UMG/UMG_Item_Room.uexp" 778
"F:/AI Wellness Home/AI_Wellness_Home/Content/Assets/Gameplay/GI_Main.uasset" 779
"F:/AI Wellness Home/AI_Wellness_Home/Content/Assets/Gameplay/GI_Main.uexp" 780
"F:/AI Wellness Home/AI_Wellness_Home/Plugins/Maple_FastSetting/Content/UMG/Loading/UMG_Loading_Base.uasset" 781
"F:/AI Wellness Home/AI_Wellness_Home/Plugins/Maple_FastSetting/Content/UMG/Loading/UMG_Loading_Base.uexp" 782
"F:/AI Wellness Home/AI_Wellness_Home/Plugins/Maple_FastSetting/Content/UMG/Loading/UMG_Loading_OnlyText.uasset" 783
"F:/AI Wellness Home/AI_Wellness_Home/Plugins/Maple_FastSetting/Content/UMG/Loading/UMG_Loading_OnlyText.uexp" 784
"F:/AI Wellness Home/AI_Wellness_Home/Plugins/Maple_FastSetting/Content/UMG/Setting/USCB_Container.uasset" 785
"F:/AI Wellness Home/AI_Wellness_Home/Plugins/Maple_FastSetting/Content/UMG/Setting/USCB_Container.uexp" 786
"F:/AI Wellness Home/AI_Wellness_Home/Plugins/Maple_FastSetting/Content/Texture/T_ArrowLeft_2.uasset" 787
"F:/AI Wellness Home/AI_Wellness_Home/Plugins/Maple_FastSetting/Content/Texture/T_ArrowLeft_2.uexp" 788
"F:/AI Wellness Home/AI_Wellness_Home/Plugins/Maple_FastSetting/Content/Texture/T_ArrowRight_2.uasset" 789
"F:/AI Wellness Home/AI_Wellness_Home/Plugins/Maple_FastSetting/Content/Texture/T_ArrowRight_2.uexp" 790
"F:/AI Wellness Home/AI_Wellness_Home/Plugins/Maple_FastSetting/Content/UMG/Setting/USC_SwitchText.uasset" 791
"F:/AI Wellness Home/AI_Wellness_Home/Plugins/Maple_FastSetting/Content/UMG/Setting/USC_SwitchText.uexp" 792
"F:/AI Wellness Home/AI_Wellness_Home/Content/Assets/UMG/UMG_MainMenu.uasset" 793
"F:/AI Wellness Home/AI_Wellness_Home/Content/Assets/UMG/UMG_MainMenu.uexp" 794
"F:/AI Wellness Home/AI_Wellness_Home/Content/Assets/Gameplay/PC_MainMenu.uasset" 795
"F:/AI Wellness Home/AI_Wellness_Home/Content/Assets/Gameplay/PC_MainMenu.uexp" 796
"F:/AI Wellness Home/AI_Wellness_Home/Content/Assets/Gameplay/GM_MainMenu.uasset" 797
"F:/AI Wellness Home/AI_Wellness_Home/Content/Assets/Gameplay/GM_MainMenu.uexp" 798
"F:/AI Wellness Home/AI_Wellness_Home/Content/Assets/Maps/MainMenu.uexp" 799
"F:/AI Wellness Home/AI_Wellness_Home/Content/Assets/Maps/MainMenu.umap" 800
"../../../Engine/Content/Maps/Templates/HLODs/HLODLayer_Instanced.uasset" 801
"../../../Engine/Content/Maps/Templates/HLODs/HLODLayer_Instanced.uexp" 802
"F:/AI Wellness Home/AI_Wellness_Home/Content/Characters/Mannequins/Meshes/SK_Mannequin.uasset" 803
"F:/AI Wellness Home/AI_Wellness_Home/Content/Characters/Mannequins/Meshes/SK_Mannequin.uexp" 804
"F:/AI Wellness Home/AI_Wellness_Home/Content/Characters/Mannequins/Textures/Quinn/T_Quinn_02ID_MSR_MSK.ubulk" 805
"F:/AI Wellness Home/AI_Wellness_Home/Content/Characters/Mannequins/Textures/Quinn/T_Quinn_02ID_MSR_MSK.uasset" 806
"F:/AI Wellness Home/AI_Wellness_Home/Content/Characters/Mannequins/Textures/Quinn/T_Quinn_02ID_MSR_MSK.uexp" 807
"F:/AI Wellness Home/AI_Wellness_Home/Content/Characters/Mannequins/Textures/Quinn/T_Quinn_02ID_BN.ubulk" 808
"F:/AI Wellness Home/AI_Wellness_Home/Content/Characters/Mannequins/Textures/Quinn/T_Quinn_02ID_BN.uasset" 809
"F:/AI Wellness Home/AI_Wellness_Home/Content/Characters/Mannequins/Textures/Quinn/T_Quinn_02ID_BN.uexp" 810
"F:/AI Wellness Home/AI_Wellness_Home/Content/Characters/Mannequins/Textures/Quinn/T_Quinn_02_ASAOMASK_MSK.ubulk" 811
"F:/AI Wellness Home/AI_Wellness_Home/Content/Characters/Mannequins/Textures/Quinn/T_Quinn_02_ASAOMASK_MSK.uasset" 812
"F:/AI Wellness Home/AI_Wellness_Home/Content/Characters/Mannequins/Textures/Quinn/T_Quinn_02_ASAOMASK_MSK.uexp" 813
"F:/AI Wellness Home/AI_Wellness_Home/Content/Characters/Mannequins/Textures/Quinn/T_Quinn_02_CCRCCPlastic_MSK.ubulk" 814
"F:/AI Wellness Home/AI_Wellness_Home/Content/Characters/Mannequins/Textures/Quinn/T_Quinn_02_CCRCCPlastic_MSK.uasset" 815
"F:/AI Wellness Home/AI_Wellness_Home/Content/Characters/Mannequins/Textures/Quinn/T_Quinn_02_CCRCCPlastic_MSK.uexp" 816
"F:/AI Wellness Home/AI_Wellness_Home/Content/Characters/Mannequins/Textures/Quinn/T_Quinn_02ID_Tan.ubulk" 817
"F:/AI Wellness Home/AI_Wellness_Home/Content/Characters/Mannequins/Textures/Quinn/T_Quinn_02ID_Tan.uasset" 818
"F:/AI Wellness Home/AI_Wellness_Home/Content/Characters/Mannequins/Textures/Quinn/T_Quinn_02ID_Tan.uexp" 819
"F:/AI Wellness Home/AI_Wellness_Home/Content/Characters/Mannequins/Textures/Quinn/T_Quinn_02ID_D.ubulk" 820
"F:/AI Wellness Home/AI_Wellness_Home/Content/Characters/Mannequins/Textures/Quinn/T_Quinn_02ID_D.uasset" 821
"F:/AI Wellness Home/AI_Wellness_Home/Content/Characters/Mannequins/Textures/Quinn/T_Quinn_02ID_D.uexp" 822
"F:/AI Wellness Home/AI_Wellness_Home/Content/Characters/Mannequins/Textures/Quinn/T_Quinn_01ID_MSR_MSK.ubulk" 823
"F:/AI Wellness Home/AI_Wellness_Home/Content/Characters/Mannequins/Textures/Quinn/T_Quinn_01ID_MSR_MSK.uasset" 824
"F:/AI Wellness Home/AI_Wellness_Home/Content/Characters/Mannequins/Textures/Quinn/T_Quinn_01ID_MSR_MSK.uexp" 825
"F:/AI Wellness Home/AI_Wellness_Home/Content/Characters/Mannequins/Materials/Functions/ChromaticCurve.uasset" 826
"F:/AI Wellness Home/AI_Wellness_Home/Content/Characters/Mannequins/Materials/Functions/ChromaticCurve.uexp" 827
"F:/AI Wellness Home/AI_Wellness_Home/Content/Characters/Mannequins/Materials/Functions/CA_Mannequin.uasset" 828
"F:/AI Wellness Home/AI_Wellness_Home/Content/Characters/Mannequins/Materials/Functions/CA_Mannequin.uexp" 829
"F:/AI Wellness Home/AI_Wellness_Home/Content/Characters/Mannequins/Materials/Functions/MF_Diffraction.uasset" 830
"F:/AI Wellness Home/AI_Wellness_Home/Content/Characters/Mannequins/Materials/Functions/MF_Diffraction.uexp" 831
"F:/AI Wellness Home/AI_Wellness_Home/Content/Characters/Mannequins/Textures/Manny/T_Manny_01_N.ubulk" 832
"F:/AI Wellness Home/AI_Wellness_Home/Content/Characters/Mannequins/Textures/Manny/T_Manny_01_N.uasset" 833
"F:/AI Wellness Home/AI_Wellness_Home/Content/Characters/Mannequins/Textures/Manny/T_Manny_01_N.uexp" 834
"F:/AI Wellness Home/AI_Wellness_Home/Content/Characters/Mannequins/Materials/Functions/ML_BaseColorFallOff.uasset" 835
"F:/AI Wellness Home/AI_Wellness_Home/Content/Characters/Mannequins/Materials/Functions/ML_BaseColorFallOff.uexp" 836
"F:/AI Wellness Home/AI_Wellness_Home/Content/Characters/Mannequins/Textures/Shared/T_UE_Logo_M.uasset" 837
"F:/AI Wellness Home/AI_Wellness_Home/Content/Characters/Mannequins/Textures/Shared/T_UE_Logo_M.uexp" 838
"F:/AI Wellness Home/AI_Wellness_Home/Content/Characters/Mannequins/Materials/Functions/MF_logo3layers.uasset" 839
"F:/AI Wellness Home/AI_Wellness_Home/Content/Characters/Mannequins/Materials/Functions/MF_logo3layers.uexp" 840
"F:/AI Wellness Home/AI_Wellness_Home/Content/Characters/Mannequins/Textures/Manny/T_Manny_01_CCRCCPlastic_MSK.ubulk" 841
"F:/AI Wellness Home/AI_Wellness_Home/Content/Characters/Mannequins/Textures/Manny/T_Manny_01_CCRCCPlastic_MSK.uasset" 842
"F:/AI Wellness Home/AI_Wellness_Home/Content/Characters/Mannequins/Textures/Manny/T_Manny_01_CCRCCPlastic_MSK.uexp" 843
"F:/AI Wellness Home/AI_Wellness_Home/Content/Characters/Mannequins/Textures/Manny/T_Manny_01_ASAOPMASK_MSK.ubulk" 844
"F:/AI Wellness Home/AI_Wellness_Home/Content/Characters/Mannequins/Textures/Manny/T_Manny_01_ASAOPMASK_MSK.uasset" 845
"F:/AI Wellness Home/AI_Wellness_Home/Content/Characters/Mannequins/Textures/Manny/T_Manny_01_ASAOPMASK_MSK.uexp" 846
"F:/AI Wellness Home/AI_Wellness_Home/Content/Characters/Mannequins/Textures/Manny/T_Manny_01_MSR_MSK.ubulk" 847
"F:/AI Wellness Home/AI_Wellness_Home/Content/Characters/Mannequins/Textures/Manny/T_Manny_01_MSR_MSK.uasset" 848
"F:/AI Wellness Home/AI_Wellness_Home/Content/Characters/Mannequins/Textures/Manny/T_Manny_01_MSR_MSK.uexp" 849
"F:/AI Wellness Home/AI_Wellness_Home/Content/Characters/Mannequins/Textures/Manny/T_Manny_01_BN.ubulk" 850
"F:/AI Wellness Home/AI_Wellness_Home/Content/Characters/Mannequins/Textures/Manny/T_Manny_01_BN.uasset" 851
"F:/AI Wellness Home/AI_Wellness_Home/Content/Characters/Mannequins/Textures/Manny/T_Manny_01_BN.uexp" 852
"F:/AI Wellness Home/AI_Wellness_Home/Content/Characters/Mannequins/Textures/Manny/T_Manny_01_D.ubulk" 853
"F:/AI Wellness Home/AI_Wellness_Home/Content/Characters/Mannequins/Textures/Manny/T_Manny_01_D.uasset" 854
"F:/AI Wellness Home/AI_Wellness_Home/Content/Characters/Mannequins/Textures/Manny/T_Manny_01_D.uexp" 855
"F:/AI Wellness Home/AI_Wellness_Home/Content/Characters/Mannequins/Textures/Manny/T_Manny_01_Tan.ubulk" 856
"F:/AI Wellness Home/AI_Wellness_Home/Content/Characters/Mannequins/Textures/Manny/T_Manny_01_Tan.uasset" 857
"F:/AI Wellness Home/AI_Wellness_Home/Content/Characters/Mannequins/Textures/Manny/T_Manny_01_Tan.uexp" 858
"F:/AI Wellness Home/AI_Wellness_Home/Content/Characters/Mannequins/Materials/M_Mannequin.uasset" 859
"F:/AI Wellness Home/AI_Wellness_Home/Content/Characters/Mannequins/Materials/M_Mannequin.uexp" 860
"F:/AI Wellness Home/AI_Wellness_Home/Content/Characters/Mannequins/Textures/Quinn/T_Quinn_01_ASAOMASK_MSK.ubulk" 861
"F:/AI Wellness Home/AI_Wellness_Home/Content/Characters/Mannequins/Textures/Quinn/T_Quinn_01_ASAOMASK_MSK.uasset" 862
"F:/AI Wellness Home/AI_Wellness_Home/Content/Characters/Mannequins/Textures/Quinn/T_Quinn_01_ASAOMASK_MSK.uexp" 863
"F:/AI Wellness Home/AI_Wellness_Home/Content/Characters/Mannequins/Textures/Quinn/T_Quinn_01ID_N.ubulk" 864
"F:/AI Wellness Home/AI_Wellness_Home/Content/Characters/Mannequins/Textures/Quinn/T_Quinn_01ID_N.uasset" 865
"F:/AI Wellness Home/AI_Wellness_Home/Content/Characters/Mannequins/Textures/Quinn/T_Quinn_01ID_N.uexp" 866
"F:/AI Wellness Home/AI_Wellness_Home/Content/Characters/Mannequins/Textures/Quinn/T_Quinn_01ID_BN.ubulk" 867
"F:/AI Wellness Home/AI_Wellness_Home/Content/Characters/Mannequins/Textures/Quinn/T_Quinn_01ID_BN.uasset" 868
"F:/AI Wellness Home/AI_Wellness_Home/Content/Characters/Mannequins/Textures/Quinn/T_Quinn_01ID_BN.uexp" 869
"F:/AI Wellness Home/AI_Wellness_Home/Content/Characters/Mannequins/Textures/Quinn/T_Quinn_01ID_D.ubulk" 870
"F:/AI Wellness Home/AI_Wellness_Home/Content/Characters/Mannequins/Textures/Quinn/T_Quinn_01ID_D.uasset" 871
"F:/AI Wellness Home/AI_Wellness_Home/Content/Characters/Mannequins/Textures/Quinn/T_Quinn_01ID_D.uexp" 872
"F:/AI Wellness Home/AI_Wellness_Home/Content/Characters/Mannequins/Textures/Quinn/T_Quinn_01ID_Tan.ubulk" 873
"F:/AI Wellness Home/AI_Wellness_Home/Content/Characters/Mannequins/Textures/Quinn/T_Quinn_01ID_Tan.uasset" 874
"F:/AI Wellness Home/AI_Wellness_Home/Content/Characters/Mannequins/Textures/Quinn/T_Quinn_01ID_Tan.uexp" 875
"F:/AI Wellness Home/AI_Wellness_Home/Content/Characters/Mannequins/Textures/Quinn/T_Quinn_01_CCRCCPlastic_MSK.ubulk" 876
"F:/AI Wellness Home/AI_Wellness_Home/Content/Characters/Mannequins/Textures/Quinn/T_Quinn_01_CCRCCPlastic_MSK.uasset" 877
"F:/AI Wellness Home/AI_Wellness_Home/Content/Characters/Mannequins/Textures/Quinn/T_Quinn_01_CCRCCPlastic_MSK.uexp" 878
"F:/AI Wellness Home/AI_Wellness_Home/Content/Characters/Mannequins/Materials/Instances/Quinn/MI_Quinn_01.uasset" 879
"F:/AI Wellness Home/AI_Wellness_Home/Content/Characters/Mannequins/Materials/Instances/Quinn/MI_Quinn_01.uexp" 880
"F:/AI Wellness Home/AI_Wellness_Home/Content/Characters/Mannequins/Textures/Quinn/T_Quinn_02ID_N.ubulk" 881
"F:/AI Wellness Home/AI_Wellness_Home/Content/Characters/Mannequins/Textures/Quinn/T_Quinn_02ID_N.uasset" 882
"F:/AI Wellness Home/AI_Wellness_Home/Content/Characters/Mannequins/Textures/Quinn/T_Quinn_02ID_N.uexp" 883
"F:/AI Wellness Home/AI_Wellness_Home/Content/Characters/Mannequins/Materials/Instances/Quinn/MI_Quinn_02.uasset" 884
"F:/AI Wellness Home/AI_Wellness_Home/Content/Characters/Mannequins/Materials/Instances/Quinn/MI_Quinn_02.uexp" 885
"F:/AI Wellness Home/AI_Wellness_Home/Content/Characters/Mannequins/Materials/Instances/Quinn/MI_Quinn_Green.uasset" 886
"F:/AI Wellness Home/AI_Wellness_Home/Content/Characters/Mannequins/Materials/Instances/Quinn/MI_Quinn_Green.uexp" 887
"F:/AI Wellness Home/AI_Wellness_Home/Content/Characters/Mannequins/Rigs/PA_Mannequin.uasset" 888
"F:/AI Wellness Home/AI_Wellness_Home/Content/Characters/Mannequins/Rigs/PA_Mannequin.uexp" 889
"F:/AI Wellness Home/AI_Wellness_Home/Content/Characters/Mannequins/Meshes/SKM_Quinn_Simple.uasset" 890
"F:/AI Wellness Home/AI_Wellness_Home/Content/Characters/Mannequins/Meshes/SKM_Quinn_Simple.uexp" 891
"F:/AI Wellness Home/AI_Wellness_Home/Content/Assets/UMG/UMG_PlayerName.uasset" 892
"F:/AI Wellness Home/AI_Wellness_Home/Content/Assets/UMG/UMG_PlayerName.uexp" 893
"F:/AI Wellness Home/AI_Wellness_Home/Content/Minimap/user_logo.uasset" 894
"F:/AI Wellness Home/AI_Wellness_Home/Content/Minimap/user_logo.uexp" 895
"../../../Engine/Content/Animation/DefaultAnimCurveCompressionSettings.uasset" 896
"../../../Engine/Content/Animation/DefaultAnimCurveCompressionSettings.uexp" 897
"../../../Engine/Content/Animation/DefaultAnimBoneCompressionSettings.uasset" 898
"../../../Engine/Content/Animation/DefaultAnimBoneCompressionSettings.uexp" 899
"F:/AI Wellness Home/AI_Wellness_Home/Content/Characters/Mannequins/Animations/Quinn/MF_Run_Fwd.uasset" 900
"F:/AI Wellness Home/AI_Wellness_Home/Content/Characters/Mannequins/Animations/Quinn/MF_Run_Fwd.uexp" 901
"F:/AI Wellness Home/AI_Wellness_Home/Content/Characters/Mannequins/Animations/Quinn/MF_Walk_Fwd.uasset" 902
"F:/AI Wellness Home/AI_Wellness_Home/Content/Characters/Mannequins/Animations/Quinn/MF_Walk_Fwd.uexp" 903
"../../../Engine/Content/Animation/DefaultRecorderBoneCompression.uasset" 904
"../../../Engine/Content/Animation/DefaultRecorderBoneCompression.uexp" 905
"F:/AI Wellness Home/AI_Wellness_Home/Content/Characters/Mannequins/Animations/Manny/MM_Walk_InPlace.uasset" 906
"F:/AI Wellness Home/AI_Wellness_Home/Content/Characters/Mannequins/Animations/Manny/MM_Walk_InPlace.uexp" 907
"F:/AI Wellness Home/AI_Wellness_Home/Content/Characters/Mannequins/Animations/Quinn/BS_MF_Unarmed_WalkRun.uasset" 908
"F:/AI Wellness Home/AI_Wellness_Home/Content/Characters/Mannequins/Animations/Quinn/BS_MF_Unarmed_WalkRun.uexp" 909
"F:/AI Wellness Home/AI_Wellness_Home/Content/Characters/Mannequins/Animations/Quinn/MF_Idle.uasset" 910
"F:/AI Wellness Home/AI_Wellness_Home/Content/Characters/Mannequins/Animations/Quinn/MF_Idle.uexp" 911
"F:/AI Wellness Home/AI_Wellness_Home/Content/Characters/Mannequins/Animations/Manny/MM_Fall_Loop.uasset" 912
"F:/AI Wellness Home/AI_Wellness_Home/Content/Characters/Mannequins/Animations/Manny/MM_Fall_Loop.uexp" 913
"F:/AI Wellness Home/AI_Wellness_Home/Content/Characters/Mannequins/Animations/Manny/MM_Jump.uasset" 914
"F:/AI Wellness Home/AI_Wellness_Home/Content/Characters/Mannequins/Animations/Manny/MM_Jump.uexp" 915
"../../../Engine/Plugins/Animation/ControlRig/Content/Controls/DefaultGizmoLibrary.uasset" 916
"../../../Engine/Plugins/Animation/ControlRig/Content/Controls/DefaultGizmoLibrary.uexp" 917
"F:/AI Wellness Home/AI_Wellness_Home/Content/Characters/Mannequins/Rigs/CR_Mannequin_BasicFootIK.uasset" 918
"F:/AI Wellness Home/AI_Wellness_Home/Content/Characters/Mannequins/Rigs/CR_Mannequin_BasicFootIK.uexp" 919
"F:/AI Wellness Home/AI_Wellness_Home/Content/Characters/Mannequins/Animations/Manny/MM_Run_Fwd.uasset" 920
"F:/AI Wellness Home/AI_Wellness_Home/Content/Characters/Mannequins/Animations/Manny/MM_Run_Fwd.uexp" 921
"F:/AI Wellness Home/AI_Wellness_Home/Content/Characters/Mannequins/Animations/Manny/MM_Walk_Fwd.uasset" 922
"F:/AI Wellness Home/AI_Wellness_Home/Content/Characters/Mannequins/Animations/Manny/MM_Walk_Fwd.uexp" 923
"F:/AI Wellness Home/AI_Wellness_Home/Content/Characters/Mannequins/Animations/Manny/BS_MM_WalkRun.uasset" 924
"F:/AI Wellness Home/AI_Wellness_Home/Content/Characters/Mannequins/Animations/Manny/BS_MM_WalkRun.uexp" 925
"F:/AI Wellness Home/AI_Wellness_Home/Content/Characters/Mannequins/Animations/Manny/MM_Land.uasset" 926
"F:/AI Wellness Home/AI_Wellness_Home/Content/Characters/Mannequins/Animations/Manny/MM_Land.uexp" 927
"F:/AI Wellness Home/AI_Wellness_Home/Content/Characters/Mannequins/Animations/Manny/MM_Idle.uasset" 928
"F:/AI Wellness Home/AI_Wellness_Home/Content/Characters/Mannequins/Animations/Manny/MM_Idle.uexp" 929
"F:/AI Wellness Home/AI_Wellness_Home/Content/Characters/Mannequins/Animations/ABP_Manny.uasset" 930
"F:/AI Wellness Home/AI_Wellness_Home/Content/Characters/Mannequins/Animations/ABP_Manny.uexp" 931
"F:/AI Wellness Home/AI_Wellness_Home/Content/Characters/Mannequins/Animations/ABP_Quinn.uasset" 932
"F:/AI Wellness Home/AI_Wellness_Home/Content/Characters/Mannequins/Animations/ABP_Quinn.uexp" 933
"F:/AI Wellness Home/AI_Wellness_Home/Content/Assets/Gameplay/PCH_Game.uasset" 934
"F:/AI Wellness Home/AI_Wellness_Home/Content/Assets/Gameplay/PCH_Game.uexp" 935
"F:/AI Wellness Home/AI_Wellness_Home/Content/Assets/UMG/UMG_Item_Player.uasset" 936
"F:/AI Wellness Home/AI_Wellness_Home/Content/Assets/UMG/UMG_Item_Player.uexp" 937
"F:/AI Wellness Home/AI_Wellness_Home/Content/Assets/2Dmen/Old_man.uasset" 938
"F:/AI Wellness Home/AI_Wellness_Home/Content/Assets/2Dmen/Old_man.uexp" 939
"F:/AI Wellness Home/AI_Wellness_Home/Content/Assets/UMG/UMG_Item_Message.uasset" 940
"F:/AI Wellness Home/AI_Wellness_Home/Content/Assets/UMG/UMG_Item_Message.uexp" 941
"F:/AI Wellness Home/AI_Wellness_Home/Content/Assets/2Dmen/Young_man.uasset" 942
"F:/AI Wellness Home/AI_Wellness_Home/Content/Assets/2Dmen/Young_man.uexp" 943
"F:/AI Wellness Home/AI_Wellness_Home/Content/Assets/2Dmen/Young_girl.uasset" 944
"F:/AI Wellness Home/AI_Wellness_Home/Content/Assets/2Dmen/Young_girl.uexp" 945
"F:/AI Wellness Home/AI_Wellness_Home/Content/Assets/2Dmen/Old_girl.uasset" 946
"F:/AI Wellness Home/AI_Wellness_Home/Content/Assets/2Dmen/Old_girl.uexp" 947
"F:/AI Wellness Home/AI_Wellness_Home/Content/Assets/UMG/UMG_Lobby.uasset" 948
"F:/AI Wellness Home/AI_Wellness_Home/Content/Assets/UMG/UMG_Lobby.uexp" 949
"F:/AI Wellness Home/AI_Wellness_Home/Content/Assets/Gameplay/GS_Lobby.uasset" 950
"F:/AI Wellness Home/AI_Wellness_Home/Content/Assets/Gameplay/GS_Lobby.uexp" 951
"F:/AI Wellness Home/AI_Wellness_Home/Content/Assets/Gameplay/PC_Lobby.uasset" 952
"F:/AI Wellness Home/AI_Wellness_Home/Content/Assets/Gameplay/PC_Lobby.uexp" 953
"F:/AI Wellness Home/AI_Wellness_Home/Content/Assets/Gameplay/GM_Lobby.uasset" 954
"F:/AI Wellness Home/AI_Wellness_Home/Content/Assets/Gameplay/GM_Lobby.uexp" 955
"F:/AI Wellness Home/AI_Wellness_Home/Content/Assets/Maps/Lobby.uexp" 956
"F:/AI Wellness Home/AI_Wellness_Home/Content/Assets/Maps/Lobby.umap" 957
"../../../Engine/Content/Maps/Entry_BuiltData.uasset" 958
"../../../Engine/Content/Maps/Entry_BuiltData.uexp" 959
"../../../Engine/Content/Maps/Entry.uexp" 960
"../../../Engine/Content/Maps/Entry.umap" 961
